[     761ms] [WARNING] [PostHog] PostHog not yet initialized. Make sure PostHogProvider is mounted. @ https://tegnogfarge.no/_next/static/chunks/6011-35017fe64e0c8ea4.js:0
[    2308ms] [ERROR]  Note that 'script-src' was not explicitly set, so 'default-src' is used as a fallback. @ https://challenges.cloudflare.com/cdn-cgi/challenge-platform/h/b/turnstile/f/ov2/av0/rch/5lr4n/0x4AAAAAACBCPynhS9avamzf/light/fbE/new/normal?lang=auto:0
[    2579ms] [ERROR] Permissions policy violation: xr-spatial-tracking is not allowed in this document. @ https://challenges.cloudflare.com/cdn-cgi/challenge-platform/h/b/turnstile/f/ov2/av0/rch/5lr4n/0x4AAAAAACBCPynhS9avamzf/light/fbE/new/normal?lang=auto:0
[    2579ms] [ERROR] Permissions policy violation: xr-spatial-tracking is not allowed in this document. @ https://challenges.cloudflare.com/cdn-cgi/challenge-platform/h/b/turnstile/f/ov2/av0/rch/5lr4n/0x4AAAAAACBCPynhS9avamzf/light/fbE/new/normal?lang=auto:0
[    2687ms] [WARNING] Canvas2D: Multiple readback operations using getImageData are faster with the willReadFrequently attribute set to true. See: https://html.spec.whatwg.org/multipage/canvas.html#concept-canvas-will-read-frequently @ https://challenges.cloudflare.com/cdn-cgi/challenge-platform/h/b/turnstile/f/ov2/av0/rch/5lr4n/0x4AAAAAACBCPynhS9avamzf/light/fbE/new/normal?lang=auto:0
[    2731ms] [WARNING] WebGL: INVALID_ENUM: renderbufferStorage: EXT_color_buffer_float/EXT_color_buffer_half_float not enabled @ https://challenges.cloudflare.com/cdn-cgi/challenge-platform/h/b/turnstile/f/ov2/av0/rch/5lr4n/0x4AAAAAACBCPynhS9avamzf/light/fbE/new/normal?lang=auto:0
[    2732ms] [WARNING] WebGL: INVALID_ENUM: renderbufferStorage: EXT_color_buffer_float/EXT_color_buffer_half_float not enabled @ https://challenges.cloudflare.com/cdn-cgi/challenge-platform/h/b/turnstile/f/ov2/av0/rch/5lr4n/0x4AAAAAACBCPynhS9avamzf/light/fbE/new/normal?lang=auto:0
[    2732ms] [WARNING] WebGL: INVALID_ENUM: renderbufferStorage: EXT_color_buffer_float/EXT_color_buffer_half_float not enabled @ https://challenges.cloudflare.com/cdn-cgi/challenge-platform/h/b/turnstile/f/ov2/av0/rch/5lr4n/0x4AAAAAACBCPynhS9avamzf/light/fbE/new/normal?lang=auto:0
[    2732ms] [WARNING] WebGL: INVALID_ENUM: renderbufferStorage: EXT_color_buffer_float not enabled @ https://challenges.cloudflare.com/cdn-cgi/challenge-platform/h/b/turnstile/f/ov2/av0/rch/5lr4n/0x4AAAAAACBCPynhS9avamzf/light/fbE/new/normal?lang=auto:0
[    2732ms] [WARNING] WebGL: INVALID_ENUM: renderbufferStorage: EXT_color_buffer_float not enabled @ https://challenges.cloudflare.com/cdn-cgi/challenge-platform/h/b/turnstile/f/ov2/av0/rch/5lr4n/0x4AAAAAACBCPynhS9avamzf/light/fbE/new/normal?lang=auto:0
[    2732ms] [WARNING] WebGL: INVALID_ENUM: renderbufferStorage: EXT_color_buffer_float not enabled @ https://challenges.cloudflare.com/cdn-cgi/challenge-platform/h/b/turnstile/f/ov2/av0/rch/5lr4n/0x4AAAAAACBCPynhS9avamzf/light/fbE/new/normal?lang=auto:0
[    2733ms] [WARNING] WebGL: INVALID_ENUM: renderbufferStorage: EXT_color_buffer_float not enabled @ https://challenges.cloudflare.com/cdn-cgi/challenge-platform/h/b/turnstile/f/ov2/av0/rch/5lr4n/0x4AAAAAACBCPynhS9avamzf/light/fbE/new/normal?lang=auto:0
[    2941ms] [ERROR] Failed to load resource: the server responded with a status of 401 () @ https://challenges.cloudflare.com/cdn-cgi/challenge-platform/h/b/pat/9dddd05fab008c46/1773769554286/ce852cdab9067f2db2ebf7d754fb77771cb3b7aa776a79d6955786a13cc88920/11J3BMYE55oVFWM:0
[    3304ms] [WARNING] Failed to parse audio contentType: audio/mp4; codecs=ac-3 @ https://challenges.cloudflare.com/cdn-cgi/challenge-platform/h/b/turnstile/f/ov2/av0/rch/5lr4n/0x4AAAAAACBCPynhS9avamzf/light/fbE/new/normal?lang=auto:0
[    3304ms] [WARNING] Failed to parse audio contentType: audio/mp4; codecs=ec-3 @ https://challenges.cloudflare.com/cdn-cgi/challenge-platform/h/b/turnstile/f/ov2/av0/rch/5lr4n/0x4AAAAAACBCPynhS9avamzf/light/fbE/new/normal?lang=auto:0
[    3305ms] [WARNING] Invalid (ambiguous) video codec string: video/webm; codecs=vp9 @ https://challenges.cloudflare.com/cdn-cgi/challenge-platform/h/b/turnstile/f/ov2/av0/rch/5lr4n/0x4AAAAAACBCPynhS9avamzf/light/fbE/new/normal?lang=auto:0
[    3305ms] [WARNING] Failed to parse video contentType: video/ogg; codecs=theora @ https://challenges.cloudflare.com/cdn-cgi/challenge-platform/h/b/turnstile/f/ov2/av0/rch/5lr4n/0x4AAAAAACBCPynhS9avamzf/light/fbE/new/normal?lang=auto:0
[    3463ms] [ERROR] %c%d font-size:0;color:transparent NaN @ https://challenges.cloudflare.com/cdn-cgi/challenge-platform/h/b/turnstile/f/ov2/av0/rch/5lr4n/0x4AAAAAACBCPynhS9avamzf/light/fbE/new/normal?lang=auto:0
[    3463ms] [ERROR] %c%d font-size:0;color:transparent NaN @ https://challenges.cloudflare.com/cdn-cgi/challenge-platform/h/b/turnstile/f/ov2/av0/rch/5lr4n/0x4AAAAAACBCPynhS9avamzf/light/fbE/new/normal?lang=auto:0
[    3464ms] [WARNING] %c%d font-size:0;color:transparent NaN @ https://challenges.cloudflare.com/cdn-cgi/challenge-platform/h/b/turnstile/f/ov2/av0/rch/5lr4n/0x4AAAAAACBCPynhS9avamzf/light/fbE/new/normal?lang=auto:0
[    3464ms] [WARNING] %c%d font-size:0;color:transparent NaN @ https://challenges.cloudflare.com/cdn-cgi/challenge-platform/h/b/turnstile/f/ov2/av0/rch/5lr4n/0x4AAAAAACBCPynhS9avamzf/light/fbE/new/normal?lang=auto:0
[    9403ms] [WARNING] The resource https://challenges.cloudflare.com/cdn-cgi/challenge-platform/h/b/cmg/1 was preloaded using link preload but not used within a few seconds from the window's load event. Please make sure it has an appropriate `as` value and it is preloaded intentionally. @ https://challenges.cloudflare.com/cdn-cgi/challenge-platform/h/b/turnstile/f/ov2/av0/rch/5lr4n/0x4AAAAAACBCPynhS9avamzf/light/fbE/new/normal?lang=auto:0
