[     461ms] [WARNING] [PostHog] PostHog not yet initialized. Make sure PostHogProvider is mounted. @ https://tegnogfarge.no/_next/static/chunks/6011-35017fe64e0c8ea4.js:0
[    1388ms] [ERROR] Failed to load resource: the server responded with a status of 401 () @ https://challenges.cloudflare.com/cdn-cgi/challenge-platform/h/b/pat/9de1dc26ecbdd23a/1773811979726/ee13303c828ffb197e4b33e0e72758c7e82907f75f0c90a0867b48adb4e18ddf/vT3vs-ou-7bHwo0:0
[    1405ms] [ERROR] %c%d font-size:0;color:transparent NaN @ https://challenges.cloudflare.com/cdn-cgi/challenge-platform/h/b/turnstile/f/ov2/av0/rch/ugs8r/0x4AAAAAACBCPynhS9avamzf/light/fbE/new/normal?lang=auto:0
[    1405ms] [ERROR] %c%d font-size:0;color:transparent NaN @ https://challenges.cloudflare.com/cdn-cgi/challenge-platform/h/b/turnstile/f/ov2/av0/rch/ugs8r/0x4AAAAAACBCPynhS9avamzf/light/fbE/new/normal?lang=auto:0
[    1407ms] [WARNING] %c%d font-size:0;color:transparent NaN @ https://challenges.cloudflare.com/cdn-cgi/challenge-platform/h/b/turnstile/f/ov2/av0/rch/ugs8r/0x4AAAAAACBCPynhS9avamzf/light/fbE/new/normal?lang=auto:0
[    1407ms] [WARNING] %c%d font-size:0;color:transparent NaN @ https://challenges.cloudflare.com/cdn-cgi/challenge-platform/h/b/turnstile/f/ov2/av0/rch/ugs8r/0x4AAAAAACBCPynhS9avamzf/light/fbE/new/normal?lang=auto:0
[    1666ms] [ERROR] Permissions policy violation: xr-spatial-tracking is not allowed in this document. @ https://challenges.cloudflare.com/cdn-cgi/challenge-platform/h/b/turnstile/f/ov2/av0/rch/ugs8r/0x4AAAAAACBCPynhS9avamzf/light/fbE/new/normal?lang=auto:0
[    1667ms] [ERROR] Permissions policy violation: xr-spatial-tracking is not allowed in this document. @ https://challenges.cloudflare.com/cdn-cgi/challenge-platform/h/b/turnstile/f/ov2/av0/rch/ugs8r/0x4AAAAAACBCPynhS9avamzf/light/fbE/new/normal?lang=auto:0
[    1675ms] [WARNING] Canvas2D: Multiple readback operations using getImageData are faster with the willReadFrequently attribute set to true. See: https://html.spec.whatwg.org/multipage/canvas.html#concept-canvas-will-read-frequently @ https://challenges.cloudflare.com/cdn-cgi/challenge-platform/h/b/turnstile/f/ov2/av0/rch/ugs8r/0x4AAAAAACBCPynhS9avamzf/light/fbE/new/normal?lang=auto:0
[    1733ms] [WARNING] WebGL: INVALID_ENUM: renderbufferStorage: EXT_color_buffer_float/EXT_color_buffer_half_float not enabled @ https://challenges.cloudflare.com/cdn-cgi/challenge-platform/h/b/turnstile/f/ov2/av0/rch/ugs8r/0x4AAAAAACBCPynhS9avamzf/light/fbE/new/normal?lang=auto:0
[    1734ms] [WARNING] WebGL: INVALID_ENUM: renderbufferStorage: EXT_color_buffer_float/EXT_color_buffer_half_float not enabled @ https://challenges.cloudflare.com/cdn-cgi/challenge-platform/h/b/turnstile/f/ov2/av0/rch/ugs8r/0x4AAAAAACBCPynhS9avamzf/light/fbE/new/normal?lang=auto:0
[    1734ms] [WARNING] WebGL: INVALID_ENUM: renderbufferStorage: EXT_color_buffer_float/EXT_color_buffer_half_float not enabled @ https://challenges.cloudflare.com/cdn-cgi/challenge-platform/h/b/turnstile/f/ov2/av0/rch/ugs8r/0x4AAAAAACBCPynhS9avamzf/light/fbE/new/normal?lang=auto:0
[    1734ms] [WARNING] WebGL: INVALID_ENUM: renderbufferStorage: EXT_color_buffer_float not enabled @ https://challenges.cloudflare.com/cdn-cgi/challenge-platform/h/b/turnstile/f/ov2/av0/rch/ugs8r/0x4AAAAAACBCPynhS9avamzf/light/fbE/new/normal?lang=auto:0
[    1735ms] [WARNING] WebGL: INVALID_ENUM: renderbufferStorage: EXT_color_buffer_float not enabled @ https://challenges.cloudflare.com/cdn-cgi/challenge-platform/h/b/turnstile/f/ov2/av0/rch/ugs8r/0x4AAAAAACBCPynhS9avamzf/light/fbE/new/normal?lang=auto:0
[    1735ms] [WARNING] WebGL: INVALID_ENUM: renderbufferStorage: EXT_color_buffer_float not enabled @ https://challenges.cloudflare.com/cdn-cgi/challenge-platform/h/b/turnstile/f/ov2/av0/rch/ugs8r/0x4AAAAAACBCPynhS9avamzf/light/fbE/new/normal?lang=auto:0
[    1735ms] [WARNING] WebGL: INVALID_ENUM: renderbufferStorage: EXT_color_buffer_float not enabled @ https://challenges.cloudflare.com/cdn-cgi/challenge-platform/h/b/turnstile/f/ov2/av0/rch/ugs8r/0x4AAAAAACBCPynhS9avamzf/light/fbE/new/normal?lang=auto:0
[    2051ms] [ERROR]  Note that 'script-src' was not explicitly set, so 'default-src' is used as a fallback. @ https://challenges.cloudflare.com/cdn-cgi/challenge-platform/h/b/turnstile/f/ov2/av0/rch/ugs8r/0x4AAAAAACBCPynhS9avamzf/light/fbE/new/normal?lang=auto:0
[    5854ms] [WARNING] The resource https://challenges.cloudflare.com/cdn-cgi/challenge-platform/h/b/cmg/1 was preloaded using link preload but not used within a few seconds from the window's load event. Please make sure it has an appropriate `as` value and it is preloaded intentionally. @ https://challenges.cloudflare.com/cdn-cgi/challenge-platform/h/b/turnstile/f/ov2/av0/rch/ugs8r/0x4AAAAAACBCPynhS9avamzf/light/fbE/new/normal?lang=auto:0
[  123918ms] [ERROR]  Note that 'script-src' was not explicitly set, so 'default-src' is used as a fallback. @ https://challenges.cloudflare.com/cdn-cgi/challenge-platform/h/b/turnstile/f/ov2/av0/rch/ugs8r/0x4AAAAAACBCPynhS9avamzf/light/fbE/auto_timeout/normal?lang=auto:0
[  124187ms] [ERROR] Failed to load resource: the server responded with a status of 401 () @ https://challenges.cloudflare.com/cdn-cgi/challenge-platform/h/b/pat/9de1df22bc858ecb/1773812101957/4cd3d4fffc67011dec35a3e5e8f6ff8fda5252b0f97b9fbee81f92d54e6408f5/cXFbTjTFsKnLtVL:0
[  124209ms] [ERROR] Permissions policy violation: xr-spatial-tracking is not allowed in this document. @ https://challenges.cloudflare.com/cdn-cgi/challenge-platform/h/b/turnstile/f/ov2/av0/rch/ugs8r/0x4AAAAAACBCPynhS9avamzf/light/fbE/auto_timeout/normal?lang=auto:0
[  124209ms] [ERROR] Permissions policy violation: xr-spatial-tracking is not allowed in this document. @ https://challenges.cloudflare.com/cdn-cgi/challenge-platform/h/b/turnstile/f/ov2/av0/rch/ugs8r/0x4AAAAAACBCPynhS9avamzf/light/fbE/auto_timeout/normal?lang=auto:0
[  124218ms] [WARNING] Canvas2D: Multiple readback operations using getImageData are faster with the willReadFrequently attribute set to true. See: https://html.spec.whatwg.org/multipage/canvas.html#concept-canvas-will-read-frequently @ https://challenges.cloudflare.com/cdn-cgi/challenge-platform/h/b/turnstile/f/ov2/av0/rch/ugs8r/0x4AAAAAACBCPynhS9avamzf/light/fbE/auto_timeout/normal?lang=auto:0
[  124304ms] [WARNING] WebGL: INVALID_ENUM: renderbufferStorage: EXT_color_buffer_float/EXT_color_buffer_half_float not enabled @ https://challenges.cloudflare.com/cdn-cgi/challenge-platform/h/b/turnstile/f/ov2/av0/rch/ugs8r/0x4AAAAAACBCPynhS9avamzf/light/fbE/auto_timeout/normal?lang=auto:0
[  124305ms] [WARNING] WebGL: INVALID_ENUM: renderbufferStorage: EXT_color_buffer_float/EXT_color_buffer_half_float not enabled @ https://challenges.cloudflare.com/cdn-cgi/challenge-platform/h/b/turnstile/f/ov2/av0/rch/ugs8r/0x4AAAAAACBCPynhS9avamzf/light/fbE/auto_timeout/normal?lang=auto:0
[  124305ms] [WARNING] WebGL: INVALID_ENUM: renderbufferStorage: EXT_color_buffer_float/EXT_color_buffer_half_float not enabled @ https://challenges.cloudflare.com/cdn-cgi/challenge-platform/h/b/turnstile/f/ov2/av0/rch/ugs8r/0x4AAAAAACBCPynhS9avamzf/light/fbE/auto_timeout/normal?lang=auto:0
[  124306ms] [WARNING] WebGL: INVALID_ENUM: renderbufferStorage: EXT_color_buffer_float not enabled @ https://challenges.cloudflare.com/cdn-cgi/challenge-platform/h/b/turnstile/f/ov2/av0/rch/ugs8r/0x4AAAAAACBCPynhS9avamzf/light/fbE/auto_timeout/normal?lang=auto:0
[  124306ms] [WARNING] WebGL: INVALID_ENUM: renderbufferStorage: EXT_color_buffer_float not enabled @ https://challenges.cloudflare.com/cdn-cgi/challenge-platform/h/b/turnstile/f/ov2/av0/rch/ugs8r/0x4AAAAAACBCPynhS9avamzf/light/fbE/auto_timeout/normal?lang=auto:0
[  124306ms] [WARNING] WebGL: INVALID_ENUM: renderbufferStorage: EXT_color_buffer_float not enabled @ https://challenges.cloudflare.com/cdn-cgi/challenge-platform/h/b/turnstile/f/ov2/av0/rch/ugs8r/0x4AAAAAACBCPynhS9avamzf/light/fbE/auto_timeout/normal?lang=auto:0
[  124307ms] [WARNING] WebGL: INVALID_ENUM: renderbufferStorage: EXT_color_buffer_float not enabled @ https://challenges.cloudflare.com/cdn-cgi/challenge-platform/h/b/turnstile/f/ov2/av0/rch/ugs8r/0x4AAAAAACBCPynhS9avamzf/light/fbE/auto_timeout/normal?lang=auto:0
[  124487ms] [ERROR] %c%d font-size:0;color:transparent NaN @ https://challenges.cloudflare.com/cdn-cgi/challenge-platform/h/b/turnstile/f/ov2/av0/rch/ugs8r/0x4AAAAAACBCPynhS9avamzf/light/fbE/auto_timeout/normal?lang=auto:0
[  124487ms] [ERROR] %c%d font-size:0;color:transparent NaN @ https://challenges.cloudflare.com/cdn-cgi/challenge-platform/h/b/turnstile/f/ov2/av0/rch/ugs8r/0x4AAAAAACBCPynhS9avamzf/light/fbE/auto_timeout/normal?lang=auto:0
[  124489ms] [WARNING] %c%d font-size:0;color:transparent NaN @ https://challenges.cloudflare.com/cdn-cgi/challenge-platform/h/b/turnstile/f/ov2/av0/rch/ugs8r/0x4AAAAAACBCPynhS9avamzf/light/fbE/auto_timeout/normal?lang=auto:0
[  124489ms] [WARNING] %c%d font-size:0;color:transparent NaN @ https://challenges.cloudflare.com/cdn-cgi/challenge-platform/h/b/turnstile/f/ov2/av0/rch/ugs8r/0x4AAAAAACBCPynhS9avamzf/light/fbE/auto_timeout/normal?lang=auto:0
[  128384ms] [WARNING] The resource https://challenges.cloudflare.com/cdn-cgi/challenge-platform/h/b/cmg/1 was preloaded using link preload but not used within a few seconds from the window's load event. Please make sure it has an appropriate `as` value and it is preloaded intentionally. @ https://challenges.cloudflare.com/cdn-cgi/challenge-platform/h/b/turnstile/f/ov2/av0/rch/ugs8r/0x4AAAAAACBCPynhS9avamzf/light/fbE/auto_timeout/normal?lang=auto:0
[  416944ms] [WARNING] Failed to parse audio contentType: audio/mp4; codecs=ac-3 @ https://challenges.cloudflare.com/cdn-cgi/challenge-platform/h/b/turnstile/f/ov2/av0/rch/ugs8r/0x4AAAAAACBCPynhS9avamzf/light/fbE/auto_expire/normal?lang=auto:0
[  416944ms] [WARNING] Failed to parse audio contentType: audio/mp4; codecs=ec-3 @ https://challenges.cloudflare.com/cdn-cgi/challenge-platform/h/b/turnstile/f/ov2/av0/rch/ugs8r/0x4AAAAAACBCPynhS9avamzf/light/fbE/auto_expire/normal?lang=auto:0
[  416946ms] [WARNING] Invalid (ambiguous) video codec string: video/webm; codecs=vp9 @ https://challenges.cloudflare.com/cdn-cgi/challenge-platform/h/b/turnstile/f/ov2/av0/rch/ugs8r/0x4AAAAAACBCPynhS9avamzf/light/fbE/auto_expire/normal?lang=auto:0
[  416947ms] [WARNING] Failed to parse video contentType: video/ogg; codecs=theora @ https://challenges.cloudflare.com/cdn-cgi/challenge-platform/h/b/turnstile/f/ov2/av0/rch/ugs8r/0x4AAAAAACBCPynhS9avamzf/light/fbE/auto_expire/normal?lang=auto:0
[  417410ms] [ERROR] Permissions policy violation: xr-spatial-tracking is not allowed in this document. @ https://challenges.cloudflare.com/cdn-cgi/challenge-platform/h/b/turnstile/f/ov2/av0/rch/ugs8r/0x4AAAAAACBCPynhS9avamzf/light/fbE/auto_expire/normal?lang=auto:0
[  417411ms] [ERROR] Permissions policy violation: xr-spatial-tracking is not allowed in this document. @ https://challenges.cloudflare.com/cdn-cgi/challenge-platform/h/b/turnstile/f/ov2/av0/rch/ugs8r/0x4AAAAAACBCPynhS9avamzf/light/fbE/auto_expire/normal?lang=auto:0
[  417423ms] [WARNING] Canvas2D: Multiple readback operations using getImageData are faster with the willReadFrequently attribute set to true. See: https://html.spec.whatwg.org/multipage/canvas.html#concept-canvas-will-read-frequently @ https://challenges.cloudflare.com/cdn-cgi/challenge-platform/h/b/turnstile/f/ov2/av0/rch/ugs8r/0x4AAAAAACBCPynhS9avamzf/light/fbE/auto_expire/normal?lang=auto:0
[  417532ms] [WARNING] WebGL: INVALID_ENUM: renderbufferStorage: EXT_color_buffer_float/EXT_color_buffer_half_float not enabled @ https://challenges.cloudflare.com/cdn-cgi/challenge-platform/h/b/turnstile/f/ov2/av0/rch/ugs8r/0x4AAAAAACBCPynhS9avamzf/light/fbE/auto_expire/normal?lang=auto:0
[  417533ms] [WARNING] WebGL: INVALID_ENUM: renderbufferStorage: EXT_color_buffer_float/EXT_color_buffer_half_float not enabled @ https://challenges.cloudflare.com/cdn-cgi/challenge-platform/h/b/turnstile/f/ov2/av0/rch/ugs8r/0x4AAAAAACBCPynhS9avamzf/light/fbE/auto_expire/normal?lang=auto:0
[  417533ms] [WARNING] WebGL: INVALID_ENUM: renderbufferStorage: EXT_color_buffer_float/EXT_color_buffer_half_float not enabled @ https://challenges.cloudflare.com/cdn-cgi/challenge-platform/h/b/turnstile/f/ov2/av0/rch/ugs8r/0x4AAAAAACBCPynhS9avamzf/light/fbE/auto_expire/normal?lang=auto:0
[  417534ms] [WARNING] WebGL: INVALID_ENUM: renderbufferStorage: EXT_color_buffer_float not enabled @ https://challenges.cloudflare.com/cdn-cgi/challenge-platform/h/b/turnstile/f/ov2/av0/rch/ugs8r/0x4AAAAAACBCPynhS9avamzf/light/fbE/auto_expire/normal?lang=auto:0
[  417534ms] [WARNING] WebGL: INVALID_ENUM: renderbufferStorage: EXT_color_buffer_float not enabled @ https://challenges.cloudflare.com/cdn-cgi/challenge-platform/h/b/turnstile/f/ov2/av0/rch/ugs8r/0x4AAAAAACBCPynhS9avamzf/light/fbE/auto_expire/normal?lang=auto:0
[  417534ms] [WARNING] WebGL: INVALID_ENUM: renderbufferStorage: EXT_color_buffer_float not enabled @ https://challenges.cloudflare.com/cdn-cgi/challenge-platform/h/b/turnstile/f/ov2/av0/rch/ugs8r/0x4AAAAAACBCPynhS9avamzf/light/fbE/auto_expire/normal?lang=auto:0
[  417535ms] [WARNING] WebGL: INVALID_ENUM: renderbufferStorage: EXT_color_buffer_float not enabled @ https://challenges.cloudflare.com/cdn-cgi/challenge-platform/h/b/turnstile/f/ov2/av0/rch/ugs8r/0x4AAAAAACBCPynhS9avamzf/light/fbE/auto_expire/normal?lang=auto:0
[  417729ms] [ERROR]  Note that 'script-src' was not explicitly set, so 'default-src' is used as a fallback. @ https://challenges.cloudflare.com/cdn-cgi/challenge-platform/h/b/turnstile/f/ov2/av0/rch/ugs8r/0x4AAAAAACBCPynhS9avamzf/light/fbE/auto_expire/normal?lang=auto:0
[  418011ms] [ERROR] %c%d font-size:0;color:transparent NaN @ https://challenges.cloudflare.com/cdn-cgi/challenge-platform/h/b/turnstile/f/ov2/av0/rch/ugs8r/0x4AAAAAACBCPynhS9avamzf/light/fbE/auto_expire/normal?lang=auto:0
[  418011ms] [ERROR] %c%d font-size:0;color:transparent NaN @ https://challenges.cloudflare.com/cdn-cgi/challenge-platform/h/b/turnstile/f/ov2/av0/rch/ugs8r/0x4AAAAAACBCPynhS9avamzf/light/fbE/auto_expire/normal?lang=auto:0
[  418014ms] [WARNING] %c%d font-size:0;color:transparent NaN @ https://challenges.cloudflare.com/cdn-cgi/challenge-platform/h/b/turnstile/f/ov2/av0/rch/ugs8r/0x4AAAAAACBCPynhS9avamzf/light/fbE/auto_expire/normal?lang=auto:0
[  418014ms] [WARNING] %c%d font-size:0;color:transparent NaN @ https://challenges.cloudflare.com/cdn-cgi/challenge-platform/h/b/turnstile/f/ov2/av0/rch/ugs8r/0x4AAAAAACBCPynhS9avamzf/light/fbE/auto_expire/normal?lang=auto:0
[  418539ms] [ERROR] Failed to load resource: the server responded with a status of 401 () @ https://challenges.cloudflare.com/cdn-cgi/challenge-platform/h/b/pat/9de1e6476a255d4d/1773812394531/993d7dce3ca85432a38c0df24b9e46e54de16cf6325a39882b20132639c4e84b/WEwSAPRqWXyhFWm:0
[  422220ms] [WARNING] The resource https://challenges.cloudflare.com/cdn-cgi/challenge-platform/h/b/cmg/1 was preloaded using link preload but not used within a few seconds from the window's load event. Please make sure it has an appropriate `as` value and it is preloaded intentionally. @ https://challenges.cloudflare.com/cdn-cgi/challenge-platform/h/b/turnstile/f/ov2/av0/rch/ugs8r/0x4AAAAAACBCPynhS9avamzf/light/fbE/auto_expire/normal?lang=auto:0
[  424838ms] [WARNING] [PostHog] PostHog not yet initialized. Make sure PostHogProvider is mounted. @ https://tegnogfarge.no/_next/static/chunks/6011-35017fe64e0c8ea4.js:0
[  425914ms] [ERROR] Permissions policy violation: xr-spatial-tracking is not allowed in this document. @ https://challenges.cloudflare.com/cdn-cgi/challenge-platform/h/b/turnstile/f/ov2/av0/rch/a77na/0x4AAAAAACBCPynhS9avamzf/light/fbE/new/normal?lang=auto:0
[  425915ms] [ERROR] Permissions policy violation: xr-spatial-tracking is not allowed in this document. @ https://challenges.cloudflare.com/cdn-cgi/challenge-platform/h/b/turnstile/f/ov2/av0/rch/a77na/0x4AAAAAACBCPynhS9avamzf/light/fbE/new/normal?lang=auto:0
[  425927ms] [WARNING] Canvas2D: Multiple readback operations using getImageData are faster with the willReadFrequently attribute set to true. See: https://html.spec.whatwg.org/multipage/canvas.html#concept-canvas-will-read-frequently @ https://challenges.cloudflare.com/cdn-cgi/challenge-platform/h/b/turnstile/f/ov2/av0/rch/a77na/0x4AAAAAACBCPynhS9avamzf/light/fbE/new/normal?lang=auto:0
[  426007ms] [WARNING] WebGL: INVALID_ENUM: renderbufferStorage: EXT_color_buffer_float/EXT_color_buffer_half_float not enabled @ https://challenges.cloudflare.com/cdn-cgi/challenge-platform/h/b/turnstile/f/ov2/av0/rch/a77na/0x4AAAAAACBCPynhS9avamzf/light/fbE/new/normal?lang=auto:0
[  426008ms] [WARNING] WebGL: INVALID_ENUM: renderbufferStorage: EXT_color_buffer_float/EXT_color_buffer_half_float not enabled @ https://challenges.cloudflare.com/cdn-cgi/challenge-platform/h/b/turnstile/f/ov2/av0/rch/a77na/0x4AAAAAACBCPynhS9avamzf/light/fbE/new/normal?lang=auto:0
[  426008ms] [WARNING] WebGL: INVALID_ENUM: renderbufferStorage: EXT_color_buffer_float/EXT_color_buffer_half_float not enabled @ https://challenges.cloudflare.com/cdn-cgi/challenge-platform/h/b/turnstile/f/ov2/av0/rch/a77na/0x4AAAAAACBCPynhS9avamzf/light/fbE/new/normal?lang=auto:0
[  426009ms] [WARNING] WebGL: INVALID_ENUM: renderbufferStorage: EXT_color_buffer_float not enabled @ https://challenges.cloudflare.com/cdn-cgi/challenge-platform/h/b/turnstile/f/ov2/av0/rch/a77na/0x4AAAAAACBCPynhS9avamzf/light/fbE/new/normal?lang=auto:0
[  426009ms] [WARNING] WebGL: INVALID_ENUM: renderbufferStorage: EXT_color_buffer_float not enabled @ https://challenges.cloudflare.com/cdn-cgi/challenge-platform/h/b/turnstile/f/ov2/av0/rch/a77na/0x4AAAAAACBCPynhS9avamzf/light/fbE/new/normal?lang=auto:0
[  426009ms] [WARNING] WebGL: INVALID_ENUM: renderbufferStorage: EXT_color_buffer_float not enabled @ https://challenges.cloudflare.com/cdn-cgi/challenge-platform/h/b/turnstile/f/ov2/av0/rch/a77na/0x4AAAAAACBCPynhS9avamzf/light/fbE/new/normal?lang=auto:0
[  426010ms] [WARNING] WebGL: INVALID_ENUM: renderbufferStorage: EXT_color_buffer_float not enabled @ https://challenges.cloudflare.com/cdn-cgi/challenge-platform/h/b/turnstile/f/ov2/av0/rch/a77na/0x4AAAAAACBCPynhS9avamzf/light/fbE/new/normal?lang=auto:0
[  426221ms] [ERROR]  Note that 'script-src' was not explicitly set, so 'default-src' is used as a fallback. @ https://challenges.cloudflare.com/cdn-cgi/challenge-platform/h/b/turnstile/f/ov2/av0/rch/a77na/0x4AAAAAACBCPynhS9avamzf/light/fbE/new/normal?lang=auto:0
[  426401ms] [ERROR] Failed to load resource: the server responded with a status of 401 () @ https://challenges.cloudflare.com/cdn-cgi/challenge-platform/h/b/pat/9de1e6828f6a5d4d/1773812404088/8b0456f769a487c934bef6a685bacb5414a23e9747d614609ef95f15f60266e7/VZEkvt-YO7-q9FX:0
[  426512ms] [ERROR] %c%d font-size:0;color:transparent NaN @ https://challenges.cloudflare.com/cdn-cgi/challenge-platform/h/b/turnstile/f/ov2/av0/rch/a77na/0x4AAAAAACBCPynhS9avamzf/light/fbE/new/normal?lang=auto:0
[  426512ms] [ERROR] %c%d font-size:0;color:transparent NaN @ https://challenges.cloudflare.com/cdn-cgi/challenge-platform/h/b/turnstile/f/ov2/av0/rch/a77na/0x4AAAAAACBCPynhS9avamzf/light/fbE/new/normal?lang=auto:0
[  426514ms] [WARNING] %c%d font-size:0;color:transparent NaN @ https://challenges.cloudflare.com/cdn-cgi/challenge-platform/h/b/turnstile/f/ov2/av0/rch/a77na/0x4AAAAAACBCPynhS9avamzf/light/fbE/new/normal?lang=auto:0
[  426514ms] [WARNING] %c%d font-size:0;color:transparent NaN @ https://challenges.cloudflare.com/cdn-cgi/challenge-platform/h/b/turnstile/f/ov2/av0/rch/a77na/0x4AAAAAACBCPynhS9avamzf/light/fbE/new/normal?lang=auto:0
[  430331ms] [WARNING] The resource https://challenges.cloudflare.com/cdn-cgi/challenge-platform/h/b/cmg/1 was preloaded using link preload but not used within a few seconds from the window's load event. Please make sure it has an appropriate `as` value and it is preloaded intentionally. @ https://challenges.cloudflare.com/cdn-cgi/challenge-platform/h/b/turnstile/f/ov2/av0/rch/a77na/0x4AAAAAACBCPynhS9avamzf/light/fbE/new/normal?lang=auto:0
[  718403ms] [ERROR] Failed to load resource: the server responded with a status of 401 () @ https://challenges.cloudflare.com/cdn-cgi/challenge-platform/h/b/pat/9de1eda66f77dbde/1773812696522/7379f6a80e212926f0c16bce3b8508765a8198e30d5c5b6756275562f13a29b5/e20RVxjXr37dIgq:0
[  718503ms] [ERROR] Permissions policy violation: xr-spatial-tracking is not allowed in this document. @ https://challenges.cloudflare.com/cdn-cgi/challenge-platform/h/b/turnstile/f/ov2/av0/rch/a77na/0x4AAAAAACBCPynhS9avamzf/light/fbE/auto_expire/normal?lang=auto:0
[  718503ms] [ERROR] Permissions policy violation: xr-spatial-tracking is not allowed in this document. @ https://challenges.cloudflare.com/cdn-cgi/challenge-platform/h/b/turnstile/f/ov2/av0/rch/a77na/0x4AAAAAACBCPynhS9avamzf/light/fbE/auto_expire/normal?lang=auto:0
[  718515ms] [WARNING] Canvas2D: Multiple readback operations using getImageData are faster with the willReadFrequently attribute set to true. See: https://html.spec.whatwg.org/multipage/canvas.html#concept-canvas-will-read-frequently @ https://challenges.cloudflare.com/cdn-cgi/challenge-platform/h/b/turnstile/f/ov2/av0/rch/a77na/0x4AAAAAACBCPynhS9avamzf/light/fbE/auto_expire/normal?lang=auto:0
[  718605ms] [WARNING] WebGL: INVALID_ENUM: renderbufferStorage: EXT_color_buffer_float/EXT_color_buffer_half_float not enabled @ https://challenges.cloudflare.com/cdn-cgi/challenge-platform/h/b/turnstile/f/ov2/av0/rch/a77na/0x4AAAAAACBCPynhS9avamzf/light/fbE/auto_expire/normal?lang=auto:0
[  718606ms] [WARNING] WebGL: INVALID_ENUM: renderbufferStorage: EXT_color_buffer_float/EXT_color_buffer_half_float not enabled @ https://challenges.cloudflare.com/cdn-cgi/challenge-platform/h/b/turnstile/f/ov2/av0/rch/a77na/0x4AAAAAACBCPynhS9avamzf/light/fbE/auto_expire/normal?lang=auto:0
[  718606ms] [WARNING] WebGL: INVALID_ENUM: renderbufferStorage: EXT_color_buffer_float/EXT_color_buffer_half_float not enabled @ https://challenges.cloudflare.com/cdn-cgi/challenge-platform/h/b/turnstile/f/ov2/av0/rch/a77na/0x4AAAAAACBCPynhS9avamzf/light/fbE/auto_expire/normal?lang=auto:0
[  718606ms] [WARNING] WebGL: INVALID_ENUM: renderbufferStorage: EXT_color_buffer_float not enabled @ https://challenges.cloudflare.com/cdn-cgi/challenge-platform/h/b/turnstile/f/ov2/av0/rch/a77na/0x4AAAAAACBCPynhS9avamzf/light/fbE/auto_expire/normal?lang=auto:0
[  718607ms] [WARNING] WebGL: INVALID_ENUM: renderbufferStorage: EXT_color_buffer_float not enabled @ https://challenges.cloudflare.com/cdn-cgi/challenge-platform/h/b/turnstile/f/ov2/av0/rch/a77na/0x4AAAAAACBCPynhS9avamzf/light/fbE/auto_expire/normal?lang=auto:0
[  718607ms] [WARNING] WebGL: INVALID_ENUM: renderbufferStorage: EXT_color_buffer_float not enabled @ https://challenges.cloudflare.com/cdn-cgi/challenge-platform/h/b/turnstile/f/ov2/av0/rch/a77na/0x4AAAAAACBCPynhS9avamzf/light/fbE/auto_expire/normal?lang=auto:0
[  718607ms] [WARNING] WebGL: INVALID_ENUM: renderbufferStorage: EXT_color_buffer_float not enabled @ https://challenges.cloudflare.com/cdn-cgi/challenge-platform/h/b/turnstile/f/ov2/av0/rch/a77na/0x4AAAAAACBCPynhS9avamzf/light/fbE/auto_expire/normal?lang=auto:0
[  718752ms] [ERROR]  Note that 'script-src' was not explicitly set, so 'default-src' is used as a fallback. @ https://challenges.cloudflare.com/cdn-cgi/challenge-platform/h/b/turnstile/f/ov2/av0/rch/a77na/0x4AAAAAACBCPynhS9avamzf/light/fbE/auto_expire/normal?lang=auto:0
[  719438ms] [ERROR] %c%d font-size:0;color:transparent NaN @ https://challenges.cloudflare.com/cdn-cgi/challenge-platform/h/b/turnstile/f/ov2/av0/rch/a77na/0x4AAAAAACBCPynhS9avamzf/light/fbE/auto_expire/normal?lang=auto:0
[  719438ms] [ERROR] %c%d font-size:0;color:transparent NaN @ https://challenges.cloudflare.com/cdn-cgi/challenge-platform/h/b/turnstile/f/ov2/av0/rch/a77na/0x4AAAAAACBCPynhS9avamzf/light/fbE/auto_expire/normal?lang=auto:0
[  719440ms] [WARNING] %c%d font-size:0;color:transparent NaN @ https://challenges.cloudflare.com/cdn-cgi/challenge-platform/h/b/turnstile/f/ov2/av0/rch/a77na/0x4AAAAAACBCPynhS9avamzf/light/fbE/auto_expire/normal?lang=auto:0
[  719441ms] [WARNING] %c%d font-size:0;color:transparent NaN @ https://challenges.cloudflare.com/cdn-cgi/challenge-platform/h/b/turnstile/f/ov2/av0/rch/a77na/0x4AAAAAACBCPynhS9avamzf/light/fbE/auto_expire/normal?lang=auto:0
[  723120ms] [WARNING] The resource https://challenges.cloudflare.com/cdn-cgi/challenge-platform/h/b/cmg/1 was preloaded using link preload but not used within a few seconds from the window's load event. Please make sure it has an appropriate `as` value and it is preloaded intentionally. @ https://challenges.cloudflare.com/cdn-cgi/challenge-platform/h/b/turnstile/f/ov2/av0/rch/a77na/0x4AAAAAACBCPynhS9avamzf/light/fbE/auto_expire/normal?lang=auto:0
