[    7554ms] [WARNING] [GPT] This ad request is subject to Google's EU User Consent Policy. An IAB TCF signal was not received. This ad request will not be eligible for personalized ads.
https://goo.gle/gpt-message#175 @ https://securepubads.g.doubleclick.net/pagead/managed/js/gpt/m202602260101/pubads_impl.js:18
[    7554ms] [WARNING] [GPT] This ad request is subject to Google's EU User Consent Policy. An IAB TCF signal was not received. This ad request will not be eligible for personalized ads.
https://goo.gle/gpt-message#175 @ https://securepubads.g.doubleclick.net/pagead/managed/js/gpt/m202602260101/pubads_impl.js:18
[    7554ms] [WARNING] [GPT] This ad request is subject to Google's EU User Consent Policy. An IAB TCF signal was not received. This ad request will not be eligible for personalized ads.
https://goo.gle/gpt-message#175 @ https://securepubads.g.doubleclick.net/pagead/managed/js/gpt/m202602260101/pubads_impl.js:18
[    7555ms] [WARNING] [GPT] This ad request is subject to Google's EU User Consent Policy. An IAB TCF signal was not received. This ad request will not be eligible for personalized ads.
https://goo.gle/gpt-message#175 @ https://securepubads.g.doubleclick.net/pagead/managed/js/gpt/m202602260101/pubads_impl.js:18
[    7555ms] [WARNING] [GPT] This ad request is subject to Google's EU User Consent Policy. An IAB TCF signal was not received. This ad request will not be eligible for personalized ads.
https://goo.gle/gpt-message#175 @ https://securepubads.g.doubleclick.net/pagead/managed/js/gpt/m202602260101/pubads_impl.js:18
[  104286ms] [WARNING] [GPT] This ad request is subject to Google's EU User Consent Policy. An IAB TCF signal was not received. This ad request will not be eligible for personalized ads.
https://goo.gle/gpt-message#175 @ https://securepubads.g.doubleclick.net/pagead/managed/js/gpt/m202602260101/pubads_impl.js:18
[  104286ms] [WARNING] [GPT] This ad request is subject to Google's EU User Consent Policy. An IAB TCF signal was not received. This ad request will not be eligible for personalized ads.
https://goo.gle/gpt-message#175 @ https://securepubads.g.doubleclick.net/pagead/managed/js/gpt/m202602260101/pubads_impl.js:18
[  123252ms] [WARNING] [GPT] This ad request is subject to Google's EU User Consent Policy. An IAB TCF signal was not received. This ad request will not be eligible for personalized ads.
https://goo.gle/gpt-message#175 @ https://securepubads.g.doubleclick.net/pagead/managed/js/gpt/m202602260101/pubads_impl.js:18
[  123252ms] [WARNING] [GPT] This ad request is subject to Google's EU User Consent Policy. An IAB TCF signal was not received. This ad request will not be eligible for personalized ads.
https://goo.gle/gpt-message#175 @ https://securepubads.g.doubleclick.net/pagead/managed/js/gpt/m202602260101/pubads_impl.js:18
[  123670ms] [ERROR] EXCEPTION: Anonymous activity.
STACKTRACE: 

    at Object.u (https://ssl.gstatic.com/gfpfe/drx-fe-reports_auto_20260301-2154_RC000/dart-applications/homepage/app.dart.js:948:20)
    at Object.e5N (https://ssl.gstatic.com/gfpfe/drx-fe-reports_auto_20260301-2154_RC000/dart-applications/homepage/app.dart.js:10207:13)
    at bc0.NN (https://ssl.gstatic.com/gfpfe/drx-fe-reports_auto_20260301-2154_RC000/dart-applications/homepage/app.dart.js:84951:57)
    at bc0.b6U (https://ssl.gstatic.com/gfpfe/drx-fe-reports_auto_20260301-2154_RC000/dart-applications/homepage/app.dart.js:85147:19)
    at bc0.bom (https://ssl.gstatic.com/gfpfe/drx-fe-reports_auto_20260301-2154_RC000/dart-applications/homepage/app.dart.js:85149:6)
    at bX1.$1 (https://ssl.gstatic.com/gfpfe/drx-fe-reports_auto_20260301-2154_RC000/dart-applications/homepage/app.dart.js:85445:3)
    at bIx.Ck (https://ssl.gstatic.com/gfpfe/drx-fe-reports_auto_20260301-2154_RC000/dart-applications/homepage/app.dart.js:63802:23)
    at aH1.jn (https://ssl.gstatic.com/gfpfe/drx-fe-reports_auto_20260301-2154_RC000/dart-applications/homepage/app.dart.js:63270:5)
    at aH1.hk (https://ssl.gstatic.com/gfpfe/drx-fe-reports_auto_20260301-2154_RC000/dart-applications/homepage/app.dart.js:63244:11)
    at aq.jn (https://ssl.gstatic.com/gfpfe/drx-fe-reports_auto_20260301-2154_RC000/dart-applications/homepage/app.dart.js:62449:3)
 @ https://ssl.gstatic.com/gfpfe/drx-fe-reports_auto_20260301-2154_RC000/dart-applications/homepage/app.dart.js:102445
[  139788ms] [WARNING] [GPT] This ad request is subject to Google's EU User Consent Policy. An IAB TCF signal was not received. This ad request will not be eligible for personalized ads.
https://goo.gle/gpt-message#175 @ https://securepubads.g.doubleclick.net/pagead/managed/js/gpt/m202602260101/pubads_impl.js:18
[  139788ms] [WARNING] [GPT] This ad request is subject to Google's EU User Consent Policy. An IAB TCF signal was not received. This ad request will not be eligible for personalized ads.
https://goo.gle/gpt-message#175 @ https://securepubads.g.doubleclick.net/pagead/managed/js/gpt/m202602260101/pubads_impl.js:18
[  155494ms] [WARNING] [GPT] This ad request is subject to Google's EU User Consent Policy. An IAB TCF signal was not received. This ad request will not be eligible for personalized ads.
https://goo.gle/gpt-message#175 @ https://securepubads.g.doubleclick.net/pagead/managed/js/gpt/m202602260101/pubads_impl.js:18
[  155494ms] [WARNING] [GPT] This ad request is subject to Google's EU User Consent Policy. An IAB TCF signal was not received. This ad request will not be eligible for personalized ads.
https://goo.gle/gpt-message#175 @ https://securepubads.g.doubleclick.net/pagead/managed/js/gpt/m202602260101/pubads_impl.js:18
[  155870ms] [ERROR] EXCEPTION: Anonymous activity.
STACKTRACE: 

    at Object.z (https://ssl.gstatic.com/gfpfe/drx-fe-admin_auto_20260302-0120_RC000/dart-applications/admin/app.dart.js:917:20)
    at Object.ewT (https://ssl.gstatic.com/gfpfe/drx-fe-admin_auto_20260302-0120_RC000/dart-applications/admin/app.dart.js:10054:13)
    at bpa.QV (https://ssl.gstatic.com/gfpfe/drx-fe-admin_auto_20260302-0120_RC000/dart-applications/admin/app.dart.js:87325:16)
    at bpa.b6s (https://ssl.gstatic.com/gfpfe/drx-fe-admin_auto_20260302-0120_RC000/dart-applications/admin/app.dart.js:87519:19)
    at bpa.bov (https://ssl.gstatic.com/gfpfe/drx-fe-admin_auto_20260302-0120_RC000/dart-applications/admin/app.dart.js:87521:6)
    at cb_.$1 (https://ssl.gstatic.com/gfpfe/drx-fe-admin_auto_20260302-0120_RC000/dart-applications/admin/app.dart.js:87808:3)
    at Object.dkj (https://ssl.gstatic.com/gfpfe/drx-fe-admin_auto_20260302-0120_RC000/dart-applications/admin/app.dart.js:2706:9)
    at bYo.Fi (https://ssl.gstatic.com/gfpfe/drx-fe-admin_auto_20260302-0120_RC000/dart-applications/admin/app.dart.js:66253:10)
    at aRi.kN (https://ssl.gstatic.com/gfpfe/drx-fe-admin_auto_20260302-0120_RC000/dart-applications/admin/app.dart.js:65755:5)
    at aRi.iA (https://ssl.gstatic.com/gfpfe/drx-fe-admin_auto_20260302-0120_RC000/dart-applications/admin/app.dart.js:65729:11)
 @ https://ssl.gstatic.com/gfpfe/drx-fe-admin_auto_20260302-0120_RC000/dart-applications/admin/app.dart.js:163316
