[    4274ms] [WARNING] [PostHog] PostHog not yet initialized. Make sure PostHogProvider is mounted. @ https://tegnogfarge.no/_next/static/chunks/6011-d57fb0feb638a1eb.js:0
[    5467ms] [ERROR] Failed to load resource: the server responded with a status of 401 () @ https://challenges.cloudflare.com/cdn-cgi/challenge-platform/h/b/pat/9de21221b910dbe3/1773814190800/098b263d708882de6d4098f1a2ffc69db44850dba8051a9d2d8f559b45f7b036/ik8f1KjQ_FwqJkm:0
[    5487ms] [ERROR]  Note that 'script-src' was not explicitly set, so 'default-src' is used as a fallback. @ https://challenges.cloudflare.com/cdn-cgi/challenge-platform/h/b/turnstile/f/ov2/av0/rch/zcufz/0x4AAAAAACBCPynhS9avamzf/light/fbE/new/normal?lang=auto:0
[    5857ms] [ERROR] %c%d font-size:0;color:transparent NaN @ https://challenges.cloudflare.com/cdn-cgi/challenge-platform/h/b/turnstile/f/ov2/av0/rch/zcufz/0x4AAAAAACBCPynhS9avamzf/light/fbE/new/normal?lang=auto:0
[    5857ms] [ERROR] %c%d font-size:0;color:transparent NaN @ https://challenges.cloudflare.com/cdn-cgi/challenge-platform/h/b/turnstile/f/ov2/av0/rch/zcufz/0x4AAAAAACBCPynhS9avamzf/light/fbE/new/normal?lang=auto:0
[    5857ms] [WARNING] %c%d font-size:0;color:transparent NaN @ https://challenges.cloudflare.com/cdn-cgi/challenge-platform/h/b/turnstile/f/ov2/av0/rch/zcufz/0x4AAAAAACBCPynhS9avamzf/light/fbE/new/normal?lang=auto:0
[    5857ms] [WARNING] %c%d font-size:0;color:transparent NaN @ https://challenges.cloudflare.com/cdn-cgi/challenge-platform/h/b/turnstile/f/ov2/av0/rch/zcufz/0x4AAAAAACBCPynhS9avamzf/light/fbE/new/normal?lang=auto:0
[    5910ms] [ERROR] Permissions policy violation: xr-spatial-tracking is not allowed in this document. @ https://challenges.cloudflare.com/cdn-cgi/challenge-platform/h/b/turnstile/f/ov2/av0/rch/zcufz/0x4AAAAAACBCPynhS9avamzf/light/fbE/new/normal?lang=auto:0
[    5911ms] [ERROR] Permissions policy violation: xr-spatial-tracking is not allowed in this document. @ https://challenges.cloudflare.com/cdn-cgi/challenge-platform/h/b/turnstile/f/ov2/av0/rch/zcufz/0x4AAAAAACBCPynhS9avamzf/light/fbE/new/normal?lang=auto:0
[    5916ms] [WARNING] Canvas2D: Multiple readback operations using getImageData are faster with the willReadFrequently attribute set to true. See: https://html.spec.whatwg.org/multipage/canvas.html#concept-canvas-will-read-frequently @ https://challenges.cloudflare.com/cdn-cgi/challenge-platform/h/b/turnstile/f/ov2/av0/rch/zcufz/0x4AAAAAACBCPynhS9avamzf/light/fbE/new/normal?lang=auto:0
[    5960ms] [WARNING] WebGL: INVALID_ENUM: renderbufferStorage: EXT_color_buffer_float/EXT_color_buffer_half_float not enabled @ https://challenges.cloudflare.com/cdn-cgi/challenge-platform/h/b/turnstile/f/ov2/av0/rch/zcufz/0x4AAAAAACBCPynhS9avamzf/light/fbE/new/normal?lang=auto:0
[    5960ms] [WARNING] WebGL: INVALID_ENUM: renderbufferStorage: EXT_color_buffer_float/EXT_color_buffer_half_float not enabled @ https://challenges.cloudflare.com/cdn-cgi/challenge-platform/h/b/turnstile/f/ov2/av0/rch/zcufz/0x4AAAAAACBCPynhS9avamzf/light/fbE/new/normal?lang=auto:0
[    5960ms] [WARNING] WebGL: INVALID_ENUM: renderbufferStorage: EXT_color_buffer_float/EXT_color_buffer_half_float not enabled @ https://challenges.cloudflare.com/cdn-cgi/challenge-platform/h/b/turnstile/f/ov2/av0/rch/zcufz/0x4AAAAAACBCPynhS9avamzf/light/fbE/new/normal?lang=auto:0
[    5961ms] [WARNING] WebGL: INVALID_ENUM: renderbufferStorage: EXT_color_buffer_float not enabled @ https://challenges.cloudflare.com/cdn-cgi/challenge-platform/h/b/turnstile/f/ov2/av0/rch/zcufz/0x4AAAAAACBCPynhS9avamzf/light/fbE/new/normal?lang=auto:0
[    5961ms] [WARNING] WebGL: INVALID_ENUM: renderbufferStorage: EXT_color_buffer_float not enabled @ https://challenges.cloudflare.com/cdn-cgi/challenge-platform/h/b/turnstile/f/ov2/av0/rch/zcufz/0x4AAAAAACBCPynhS9avamzf/light/fbE/new/normal?lang=auto:0
[    5961ms] [WARNING] WebGL: INVALID_ENUM: renderbufferStorage: EXT_color_buffer_float not enabled @ https://challenges.cloudflare.com/cdn-cgi/challenge-platform/h/b/turnstile/f/ov2/av0/rch/zcufz/0x4AAAAAACBCPynhS9avamzf/light/fbE/new/normal?lang=auto:0
[    5961ms] [WARNING] WebGL: INVALID_ENUM: renderbufferStorage: EXT_color_buffer_float not enabled @ https://challenges.cloudflare.com/cdn-cgi/challenge-platform/h/b/turnstile/f/ov2/av0/rch/zcufz/0x4AAAAAACBCPynhS9avamzf/light/fbE/new/normal?lang=auto:0
[   10968ms] [WARNING] The resource https://challenges.cloudflare.com/cdn-cgi/challenge-platform/h/b/cmg/1 was preloaded using link preload but not used within a few seconds from the window's load event. Please make sure it has an appropriate `as` value and it is preloaded intentionally. @ https://challenges.cloudflare.com/cdn-cgi/challenge-platform/h/b/turnstile/f/ov2/av0/rch/zcufz/0x4AAAAAACBCPynhS9avamzf/light/fbE/new/normal?lang=auto:0
[  298904ms] [ERROR] Permissions policy violation: xr-spatial-tracking is not allowed in this document. @ https://challenges.cloudflare.com/cdn-cgi/challenge-platform/h/b/turnstile/f/ov2/av0/rch/zcufz/0x4AAAAAACBCPynhS9avamzf/light/fbE/auto_expire/normal?lang=auto:0
[  298905ms] [ERROR] Permissions policy violation: xr-spatial-tracking is not allowed in this document. @ https://challenges.cloudflare.com/cdn-cgi/challenge-platform/h/b/turnstile/f/ov2/av0/rch/zcufz/0x4AAAAAACBCPynhS9avamzf/light/fbE/auto_expire/normal?lang=auto:0
[  298916ms] [WARNING] Canvas2D: Multiple readback operations using getImageData are faster with the willReadFrequently attribute set to true. See: https://html.spec.whatwg.org/multipage/canvas.html#concept-canvas-will-read-frequently @ https://challenges.cloudflare.com/cdn-cgi/challenge-platform/h/b/turnstile/f/ov2/av0/rch/zcufz/0x4AAAAAACBCPynhS9avamzf/light/fbE/auto_expire/normal?lang=auto:0
[  298985ms] [WARNING] WebGL: INVALID_ENUM: renderbufferStorage: EXT_color_buffer_float/EXT_color_buffer_half_float not enabled @ https://challenges.cloudflare.com/cdn-cgi/challenge-platform/h/b/turnstile/f/ov2/av0/rch/zcufz/0x4AAAAAACBCPynhS9avamzf/light/fbE/auto_expire/normal?lang=auto:0
[  298985ms] [WARNING] WebGL: INVALID_ENUM: renderbufferStorage: EXT_color_buffer_float/EXT_color_buffer_half_float not enabled @ https://challenges.cloudflare.com/cdn-cgi/challenge-platform/h/b/turnstile/f/ov2/av0/rch/zcufz/0x4AAAAAACBCPynhS9avamzf/light/fbE/auto_expire/normal?lang=auto:0
[  298986ms] [WARNING] WebGL: INVALID_ENUM: renderbufferStorage: EXT_color_buffer_float/EXT_color_buffer_half_float not enabled @ https://challenges.cloudflare.com/cdn-cgi/challenge-platform/h/b/turnstile/f/ov2/av0/rch/zcufz/0x4AAAAAACBCPynhS9avamzf/light/fbE/auto_expire/normal?lang=auto:0
[  298986ms] [WARNING] WebGL: INVALID_ENUM: renderbufferStorage: EXT_color_buffer_float not enabled @ https://challenges.cloudflare.com/cdn-cgi/challenge-platform/h/b/turnstile/f/ov2/av0/rch/zcufz/0x4AAAAAACBCPynhS9avamzf/light/fbE/auto_expire/normal?lang=auto:0
[  298986ms] [WARNING] WebGL: INVALID_ENUM: renderbufferStorage: EXT_color_buffer_float not enabled @ https://challenges.cloudflare.com/cdn-cgi/challenge-platform/h/b/turnstile/f/ov2/av0/rch/zcufz/0x4AAAAAACBCPynhS9avamzf/light/fbE/auto_expire/normal?lang=auto:0
[  298987ms] [WARNING] WebGL: INVALID_ENUM: renderbufferStorage: EXT_color_buffer_float not enabled @ https://challenges.cloudflare.com/cdn-cgi/challenge-platform/h/b/turnstile/f/ov2/av0/rch/zcufz/0x4AAAAAACBCPynhS9avamzf/light/fbE/auto_expire/normal?lang=auto:0
[  298987ms] [WARNING] WebGL: INVALID_ENUM: renderbufferStorage: EXT_color_buffer_float not enabled @ https://challenges.cloudflare.com/cdn-cgi/challenge-platform/h/b/turnstile/f/ov2/av0/rch/zcufz/0x4AAAAAACBCPynhS9avamzf/light/fbE/auto_expire/normal?lang=auto:0
[  299271ms] [ERROR] %c%d font-size:0;color:transparent NaN @ https://challenges.cloudflare.com/cdn-cgi/challenge-platform/h/b/turnstile/f/ov2/av0/rch/zcufz/0x4AAAAAACBCPynhS9avamzf/light/fbE/auto_expire/normal?lang=auto:0
[  299271ms] [ERROR] %c%d font-size:0;color:transparent NaN @ https://challenges.cloudflare.com/cdn-cgi/challenge-platform/h/b/turnstile/f/ov2/av0/rch/zcufz/0x4AAAAAACBCPynhS9avamzf/light/fbE/auto_expire/normal?lang=auto:0
[  299273ms] [WARNING] %c%d font-size:0;color:transparent NaN @ https://challenges.cloudflare.com/cdn-cgi/challenge-platform/h/b/turnstile/f/ov2/av0/rch/zcufz/0x4AAAAAACBCPynhS9avamzf/light/fbE/auto_expire/normal?lang=auto:0
[  299273ms] [WARNING] %c%d font-size:0;color:transparent NaN @ https://challenges.cloudflare.com/cdn-cgi/challenge-platform/h/b/turnstile/f/ov2/av0/rch/zcufz/0x4AAAAAACBCPynhS9avamzf/light/fbE/auto_expire/normal?lang=auto:0
[  299711ms] [ERROR] Failed to load resource: the server responded with a status of 401 () @ https://challenges.cloudflare.com/cdn-cgi/challenge-platform/h/b/pat/9de2194d2cc48edc/1773814484450/55c52ba998fc36155085ae0d29feb0587304f856babeed05b03af983fc5f60d2/rVglQNxiyJG5qv1:0
[  299720ms] [ERROR]  Note that 'script-src' was not explicitly set, so 'default-src' is used as a fallback. @ https://challenges.cloudflare.com/cdn-cgi/challenge-platform/h/b/turnstile/f/ov2/av0/rch/zcufz/0x4AAAAAACBCPynhS9avamzf/light/fbE/auto_expire/normal?lang=auto:0
[  303446ms] [WARNING] The resource https://challenges.cloudflare.com/cdn-cgi/challenge-platform/h/b/cmg/1 was preloaded using link preload but not used within a few seconds from the window's load event. Please make sure it has an appropriate `as` value and it is preloaded intentionally. @ https://challenges.cloudflare.com/cdn-cgi/challenge-platform/h/b/turnstile/f/ov2/av0/rch/zcufz/0x4AAAAAACBCPynhS9avamzf/light/fbE/auto_expire/normal?lang=auto:0
