[     276ms] [WARNING] [PostHog] PostHog not yet initialized. Make sure PostHogProvider is mounted. @ https://tegnogfarge.no/_next/static/chunks/6011-d57fb0feb638a1eb.js:0
[     369ms] [ERROR] Specified Language Not Found:no @ https://tegnogfarge.no/_next/static/chunks/2117-584912f543acaf35.js:0
[    1162ms] [ERROR] Failed to load resource: the server responded with a status of 401 () @ https://challenges.cloudflare.com/cdn-cgi/challenge-platform/h/b/pat/9de4b67c3c2e1c3c/1773841894180/344f517dce3f2e0fe53c32dc1d79caee32de736765caa3a7d93060f21450daa9/XhDrOHI0_-iC-Pp:0
[    1179ms] [ERROR] Permissions policy violation: xr-spatial-tracking is not allowed in this document. @ https://challenges.cloudflare.com/cdn-cgi/challenge-platform/h/b/turnstile/f/ov2/av0/rch/5vl6o/0x4AAAAAACBCPynhS9avamzf/light/fbE/new/normal?lang=auto:0
[    1179ms] [ERROR] Permissions policy violation: xr-spatial-tracking is not allowed in this document. @ https://challenges.cloudflare.com/cdn-cgi/challenge-platform/h/b/turnstile/f/ov2/av0/rch/5vl6o/0x4AAAAAACBCPynhS9avamzf/light/fbE/new/normal?lang=auto:0
[    1190ms] [WARNING] Canvas2D: Multiple readback operations using getImageData are faster with the willReadFrequently attribute set to true. See: https://html.spec.whatwg.org/multipage/canvas.html#concept-canvas-will-read-frequently @ https://challenges.cloudflare.com/cdn-cgi/challenge-platform/h/b/turnstile/f/ov2/av0/rch/5vl6o/0x4AAAAAACBCPynhS9avamzf/light/fbE/new/normal?lang=auto:0
[    1238ms] [WARNING] WebGL: INVALID_ENUM: renderbufferStorage: EXT_color_buffer_float/EXT_color_buffer_half_float not enabled @ https://challenges.cloudflare.com/cdn-cgi/challenge-platform/h/b/turnstile/f/ov2/av0/rch/5vl6o/0x4AAAAAACBCPynhS9avamzf/light/fbE/new/normal?lang=auto:0
[    1238ms] [WARNING] WebGL: INVALID_ENUM: renderbufferStorage: EXT_color_buffer_float/EXT_color_buffer_half_float not enabled @ https://challenges.cloudflare.com/cdn-cgi/challenge-platform/h/b/turnstile/f/ov2/av0/rch/5vl6o/0x4AAAAAACBCPynhS9avamzf/light/fbE/new/normal?lang=auto:0
[    1238ms] [WARNING] WebGL: INVALID_ENUM: renderbufferStorage: EXT_color_buffer_float/EXT_color_buffer_half_float not enabled @ https://challenges.cloudflare.com/cdn-cgi/challenge-platform/h/b/turnstile/f/ov2/av0/rch/5vl6o/0x4AAAAAACBCPynhS9avamzf/light/fbE/new/normal?lang=auto:0
[    1238ms] [WARNING] WebGL: INVALID_ENUM: renderbufferStorage: EXT_color_buffer_float not enabled @ https://challenges.cloudflare.com/cdn-cgi/challenge-platform/h/b/turnstile/f/ov2/av0/rch/5vl6o/0x4AAAAAACBCPynhS9avamzf/light/fbE/new/normal?lang=auto:0
[    1239ms] [WARNING] WebGL: INVALID_ENUM: renderbufferStorage: EXT_color_buffer_float not enabled @ https://challenges.cloudflare.com/cdn-cgi/challenge-platform/h/b/turnstile/f/ov2/av0/rch/5vl6o/0x4AAAAAACBCPynhS9avamzf/light/fbE/new/normal?lang=auto:0
[    1239ms] [WARNING] WebGL: INVALID_ENUM: renderbufferStorage: EXT_color_buffer_float not enabled @ https://challenges.cloudflare.com/cdn-cgi/challenge-platform/h/b/turnstile/f/ov2/av0/rch/5vl6o/0x4AAAAAACBCPynhS9avamzf/light/fbE/new/normal?lang=auto:0
[    1239ms] [WARNING] WebGL: INVALID_ENUM: renderbufferStorage: EXT_color_buffer_float not enabled @ https://challenges.cloudflare.com/cdn-cgi/challenge-platform/h/b/turnstile/f/ov2/av0/rch/5vl6o/0x4AAAAAACBCPynhS9avamzf/light/fbE/new/normal?lang=auto:0
[    1327ms] [ERROR] Failed to load resource: the server responded with a status of 400 () @ https://ups.analytics.yahoo.com/ups/58713/fed?v=1&1p=0&gdpr=1&gdpr_consent=CQhQqFgQhQqFgErALLENCSFsAP_gAEPgABpwL_NR_G__bWlr-bb3aftkeYxP9_hr7sQxBgbJk24FzLvW7JwXx2E5NAzatqIKmRIAu3TBIQNlHIDURUCgKIgFryDMaE2U4TNKJ6BkiFMZA2tYCFxvm4tjWQCY4vr99lc1mB-t7dr82dzyy6hHn3a5_2S1UJCdIYetDfv8ZBOT-9IEd_x8v4v4_EbpEm-eS1n_pGvp4jd-YnM_dBmxt-Tyff7Pn__rl_e7X_vc_n3zv84XH77v____fv-7___2b_-___Bf9qP43_ra8t_xYK_D9shzGL_v8AfdiGIIDZNGzAuZdS3JGCe-wmZIkTRhTBAyIAFG6IJAAlIwEIiIgUIRECpeIdgAmiHCdpADwMkAZjLEwKAAkJ8XFsayATPB1PzqrvsSW1nJte2yuWSzcEd-5VrzySqhMThTBgo71tjAIiPV5Cnu6JWtFpH5jdIkBSAGN_8q1MvC7D3F456tNWJryOTpiX77sue_73aJ2zH3usn136Tv_b_N663P3_7Zs_7-u_n78AAA.IL_tR_G__bXlv-bb36ftkeYxf9_hr7sQxBgbJs24FzLvW7JwX32E7NEzatqYKmRIAu3TBIQNtHIjURUChKIgVrzDsaE2U4TtKJ-BkiHMZY2tYCFxvm4tjWQCZ4vr_91d9mT-t7dr-2dzy27hnv3a9_-S1UJidKYetHfv8ZBOT-_IU9_x-_4v4_MbpEm-eS1v_tWvt43d-4vP_dpuxt-Tyff7____73_e7X__c__33_-_Xf_7_____________f_____g.YAAAAAAAAAAA&us_privacy=&url=https://tegnogfarge.no/dyr/fargelegg-hunder/border-collie-som-loper-fort&pixelId=58713:0
[    1471ms] [ERROR] %c%d font-size:0;color:transparent NaN @ https://challenges.cloudflare.com/cdn-cgi/challenge-platform/h/b/turnstile/f/ov2/av0/rch/5vl6o/0x4AAAAAACBCPynhS9avamzf/light/fbE/new/normal?lang=auto:0
[    1471ms] [ERROR] %c%d font-size:0;color:transparent NaN @ https://challenges.cloudflare.com/cdn-cgi/challenge-platform/h/b/turnstile/f/ov2/av0/rch/5vl6o/0x4AAAAAACBCPynhS9avamzf/light/fbE/new/normal?lang=auto:0
[    1472ms] [WARNING] %c%d font-size:0;color:transparent NaN @ https://challenges.cloudflare.com/cdn-cgi/challenge-platform/h/b/turnstile/f/ov2/av0/rch/5vl6o/0x4AAAAAACBCPynhS9avamzf/light/fbE/new/normal?lang=auto:0
[    1472ms] [WARNING] %c%d font-size:0;color:transparent NaN @ https://challenges.cloudflare.com/cdn-cgi/challenge-platform/h/b/turnstile/f/ov2/av0/rch/5vl6o/0x4AAAAAACBCPynhS9avamzf/light/fbE/new/normal?lang=auto:0
[    1703ms] [ERROR]  Note that 'script-src' was not explicitly set, so 'default-src' is used as a fallback. @ https://challenges.cloudflare.com/cdn-cgi/challenge-platform/h/b/turnstile/f/ov2/av0/rch/5vl6o/0x4AAAAAACBCPynhS9avamzf/light/fbE/new/normal?lang=auto:0
[    2057ms] [WARNING] VIDEOJS: WARN: videojs.mergeOptions is deprecated and will be removed in 9.0; please use videojs.obj.merge instead. @ https://eu-assets.i.posthog.com/static/posthog-recorder.js?v=1.280.1:0
[    2076ms] [WARNING] VIDEOJS: WARN: videojs.formatTime is deprecated and will be removed in 9.0; please use videojs.time.formatTime instead. @ https://eu-assets.i.posthog.com/static/posthog-recorder.js?v=1.280.1:0
[    2162ms] [ERROR] Failed to load resource: the server responded with a status of 404 () @ https://js-sec.indexww.com/prebid/topics/topics_frame.html?bidder=ix:0
[    2169ms] [ERROR] Mixed Content: The page at 'https://tegnogfarge.no/dyr/fargelegg-hunder/border-collie-som-loper-fort' was loaded over HTTPS, but requested an insecure frame 'http://www.optmd.com/'. This request has been blocked; the content must be served over HTTPS. @ https://js-sec.indexww.com/prebid/topics/topics_frame.html?bidder=ix:0
[    2174ms] [ERROR] Failed to load resource: the server responded with a status of 404 () @ https://eb2.3lift.com/topics/topics_frame.html?bidder=triplelift:0
[    2202ms] [ERROR] Attestation check for Protected Audience on https://onetag-sys.com failed. @ https://tegnogfarge.no/dyr/fargelegg-hunder/border-collie-som-loper-fort:0
[    2202ms] [ERROR] Attestation check for Protected Audience on https://apex.go.sonobi.com failed. @ https://tegnogfarge.no/dyr/fargelegg-hunder/border-collie-som-loper-fort:0
[    2202ms] [ERROR] Attestation check for Protected Audience on https://prebid-server.rubiconproject.com failed. @ https://tegnogfarge.no/dyr/fargelegg-hunder/border-collie-som-loper-fort:0
[    2202ms] [ERROR] Attestation check for Protected Audience on https://btlr.sharethrough.com failed. @ https://tegnogfarge.no/dyr/fargelegg-hunder/border-collie-som-loper-fort:0
[    2202ms] [ERROR] Attestation check for Protected Audience on https://ads.yieldmo.com failed. @ https://tegnogfarge.no/dyr/fargelegg-hunder/border-collie-som-loper-fort:0
[    2202ms] [ERROR] Attestation check for Protected Audience on https://ads.yieldmo.com failed. @ https://tegnogfarge.no/dyr/fargelegg-hunder/border-collie-som-loper-fort:0
[    2243ms] [ERROR] Attestation check for Protected Audience on https://grid-bidder.criteo.com failed. @ https://tegnogfarge.no/dyr/fargelegg-hunder/border-collie-som-loper-fort:0
[    2282ms] [ERROR] No breaks receieved. Not bidding. @ https://tegnogfarge.no/_next/static/chunks/2117-584912f543acaf35.js:0
[    2561ms] [ERROR] Failed to load resource: the server responded with a status of 404 () @ https://btlr.sharethrough.com/topics/topics_frame.html?bidder=sharethrough:0
[    3055ms] [ERROR] Attestation check for Protected Audience on https://prebid-server.rubiconproject.com failed. @ https://tegnogfarge.no/dyr/fargelegg-hunder/border-collie-som-loper-fort:0
[    3055ms] [ERROR] Attestation check for Protected Audience on https://ads.yieldmo.com failed. @ https://tegnogfarge.no/dyr/fargelegg-hunder/border-collie-som-loper-fort:0
[    3055ms] [ERROR] Attestation check for Protected Audience on https://ads.yieldmo.com failed. @ https://tegnogfarge.no/dyr/fargelegg-hunder/border-collie-som-loper-fort:0
[    3055ms] [ERROR] Attestation check for Protected Audience on https://btlr.sharethrough.com failed. @ https://tegnogfarge.no/dyr/fargelegg-hunder/border-collie-som-loper-fort:0
[    3055ms] [ERROR] Attestation check for Protected Audience on https://apex.go.sonobi.com failed. @ https://tegnogfarge.no/dyr/fargelegg-hunder/border-collie-som-loper-fort:0
[    3055ms] [ERROR] Attestation check for Protected Audience on https://onetag-sys.com failed. @ https://tegnogfarge.no/dyr/fargelegg-hunder/border-collie-som-loper-fort:0
[    3056ms] [ERROR] Attestation check for Protected Audience on https://grid-bidder.criteo.com failed. @ https://tegnogfarge.no/dyr/fargelegg-hunder/border-collie-som-loper-fort:0
[    3375ms] [ERROR] Failed to load resource: the server responded with a status of 400 () @ https://ups.analytics.yahoo.com/ups/58713/fed?v=1&1p=0&gdpr=1&gdpr_consent=CQhQqFgQhQqFgErALLENCSFsAP_gAEPgABpwL_NR_G__bWlr-bb3aftkeYxP9_hr7sQxBgbJk24FzLvW7JwXx2E5NAzatqIKmRIAu3TBIQNlHIDURUCgKIgFryDMaE2U4TNKJ6BkiFMZA2tYCFxvm4tjWQCY4vr99lc1mB-t7dr82dzyy6hHn3a5_2S1UJCdIYetDfv8ZBOT-9IEd_x8v4v4_EbpEm-eS1n_pGvp4jd-YnM_dBmxt-Tyff7Pn__rl_e7X_vc_n3zv84XH77v____fv-7___2b_-___Bf9qP43_ra8t_xYK_D9shzGL_v8AfdiGIIDZNGzAuZdS3JGCe-wmZIkTRhTBAyIAFG6IJAAlIwEIiIgUIRECpeIdgAmiHCdpADwMkAZjLEwKAAkJ8XFsayATPB1PzqrvsSW1nJte2yuWSzcEd-5VrzySqhMThTBgo71tjAIiPV5Cnu6JWtFpH5jdIkBSAGN_8q1MvC7D3F456tNWJryOTpiX77sue_73aJ2zH3usn136Tv_b_N663P3_7Zs_7-u_n78AAA.IL_tR_G__bXlv-bb36ftkeYxf9_hr7sQxBgbJs24FzLvW7JwX32E7NEzatqYKmRIAu3TBIQNtHIjURUChKIgVrzDsaE2U4TtKJ-BkiHMZY2tYCFxvm4tjWQCZ4vr_91d9mT-t7dr-2dzy27hnv3a9_-S1UJidKYetHfv8ZBOT-_IU9_x-_4v4_MbpEm-eS1v_tWvt43d-4vP_dpuxt-Tyff7____73_e7X__c__33_-_Xf_7_____________f_____g.YAAAAAAAAAAA&us_privacy=&url=https://tegnogfarge.no/dyr/fargelegg-hunder/border-collie-som-loper-fort&pixelId=58713:0
[    3825ms] [ERROR] Attestation check for Protected Audience on https://ads.yieldmo.com failed. @ https://tegnogfarge.no/dyr/fargelegg-hunder/border-collie-som-loper-fort:0
[    3825ms] [ERROR] Attestation check for Protected Audience on https://ads.yieldmo.com failed. @ https://tegnogfarge.no/dyr/fargelegg-hunder/border-collie-som-loper-fort:0
[    3825ms] [ERROR] Attestation check for Protected Audience on https://btlr.sharethrough.com failed. @ https://tegnogfarge.no/dyr/fargelegg-hunder/border-collie-som-loper-fort:0
[    3825ms] [ERROR] Attestation check for Protected Audience on https://onetag-sys.com failed. @ https://tegnogfarge.no/dyr/fargelegg-hunder/border-collie-som-loper-fort:0
[    3825ms] [ERROR] Attestation check for Protected Audience on https://prebid-server.rubiconproject.com failed. @ https://tegnogfarge.no/dyr/fargelegg-hunder/border-collie-som-loper-fort:0
[    3825ms] [ERROR] Attestation check for Protected Audience on https://apex.go.sonobi.com failed. @ https://tegnogfarge.no/dyr/fargelegg-hunder/border-collie-som-loper-fort:0
[    3826ms] [ERROR] Attestation check for Protected Audience on https://grid-bidder.criteo.com failed. @ https://tegnogfarge.no/dyr/fargelegg-hunder/border-collie-som-loper-fort:0
[    4551ms] [ERROR] Attestation check for Protected Audience on https://prebid-server.rubiconproject.com failed. @ https://tegnogfarge.no/dyr/fargelegg-hunder/border-collie-som-loper-fort:0
[    4551ms] [ERROR] Attestation check for Protected Audience on https://btlr.sharethrough.com failed. @ https://tegnogfarge.no/dyr/fargelegg-hunder/border-collie-som-loper-fort:0
[    4551ms] [ERROR] Attestation check for Protected Audience on https://ads.yieldmo.com failed. @ https://tegnogfarge.no/dyr/fargelegg-hunder/border-collie-som-loper-fort:0
[    4551ms] [ERROR] Attestation check for Protected Audience on https://ads.yieldmo.com failed. @ https://tegnogfarge.no/dyr/fargelegg-hunder/border-collie-som-loper-fort:0
[    4551ms] [ERROR] Attestation check for Protected Audience on https://apex.go.sonobi.com failed. @ https://tegnogfarge.no/dyr/fargelegg-hunder/border-collie-som-loper-fort:0
[    4551ms] [ERROR] Attestation check for Protected Audience on https://onetag-sys.com failed. @ https://tegnogfarge.no/dyr/fargelegg-hunder/border-collie-som-loper-fort:0
[    4554ms] [ERROR] Attestation check for Protected Audience on https://grid-bidder.criteo.com failed. @ https://tegnogfarge.no/dyr/fargelegg-hunder/border-collie-som-loper-fort:0
[    5268ms] [ERROR] Attestation check for Protected Audience on https://ads.yieldmo.com failed. @ https://tegnogfarge.no/dyr/fargelegg-hunder/border-collie-som-loper-fort:0
[    5268ms] [ERROR] Attestation check for Protected Audience on https://ads.yieldmo.com failed. @ https://tegnogfarge.no/dyr/fargelegg-hunder/border-collie-som-loper-fort:0
[    5268ms] [ERROR] Attestation check for Protected Audience on https://apex.go.sonobi.com failed. @ https://tegnogfarge.no/dyr/fargelegg-hunder/border-collie-som-loper-fort:0
[    5268ms] [ERROR] Attestation check for Protected Audience on https://prebid-server.rubiconproject.com failed. @ https://tegnogfarge.no/dyr/fargelegg-hunder/border-collie-som-loper-fort:0
[    5268ms] [ERROR] Attestation check for Protected Audience on https://onetag-sys.com failed. @ https://tegnogfarge.no/dyr/fargelegg-hunder/border-collie-som-loper-fort:0
[    5268ms] [ERROR] Attestation check for Protected Audience on https://btlr.sharethrough.com failed. @ https://tegnogfarge.no/dyr/fargelegg-hunder/border-collie-som-loper-fort:0
[    5269ms] [ERROR] Attestation check for Protected Audience on https://grid-bidder.criteo.com failed. @ https://tegnogfarge.no/dyr/fargelegg-hunder/border-collie-som-loper-fort:0
[    6681ms] [WARNING] The resource https://challenges.cloudflare.com/cdn-cgi/challenge-platform/h/b/cmg/1 was preloaded using link preload but not used within a few seconds from the window's load event. Please make sure it has an appropriate `as` value and it is preloaded intentionally. @ https://challenges.cloudflare.com/cdn-cgi/challenge-platform/h/b/turnstile/f/ov2/av0/rch/5vl6o/0x4AAAAAACBCPynhS9avamzf/light/fbE/new/normal?lang=auto:0
