[    3793ms] [WARNING] [PostHog] PostHog not yet initialized. Make sure PostHogProvider is mounted. @ https://tegnogfarge.no/_next/static/chunks/6011-d57fb0feb638a1eb.js:0
[    4471ms] [ERROR] Permissions policy violation: xr-spatial-tracking is not allowed in this document. @ https://challenges.cloudflare.com/cdn-cgi/challenge-platform/h/b/turnstile/f/ov2/av0/rch/2xm5d/0x4AAAAAACBCPynhS9avamzf/light/fbE/new/normal?lang=auto:0
[    4471ms] [ERROR] Permissions policy violation: xr-spatial-tracking is not allowed in this document. @ https://challenges.cloudflare.com/cdn-cgi/challenge-platform/h/b/turnstile/f/ov2/av0/rch/2xm5d/0x4AAAAAACBCPynhS9avamzf/light/fbE/new/normal?lang=auto:0
[    4481ms] [WARNING] Canvas2D: Multiple readback operations using getImageData are faster with the willReadFrequently attribute set to true. See: https://html.spec.whatwg.org/multipage/canvas.html#concept-canvas-will-read-frequently @ https://challenges.cloudflare.com/cdn-cgi/challenge-platform/h/b/turnstile/f/ov2/av0/rch/2xm5d/0x4AAAAAACBCPynhS9avamzf/light/fbE/new/normal?lang=auto:0
[    4552ms] [WARNING] WebGL: INVALID_ENUM: renderbufferStorage: EXT_color_buffer_float/EXT_color_buffer_half_float not enabled @ https://challenges.cloudflare.com/cdn-cgi/challenge-platform/h/b/turnstile/f/ov2/av0/rch/2xm5d/0x4AAAAAACBCPynhS9avamzf/light/fbE/new/normal?lang=auto:0
[    4553ms] [WARNING] WebGL: INVALID_ENUM: renderbufferStorage: EXT_color_buffer_float/EXT_color_buffer_half_float not enabled @ https://challenges.cloudflare.com/cdn-cgi/challenge-platform/h/b/turnstile/f/ov2/av0/rch/2xm5d/0x4AAAAAACBCPynhS9avamzf/light/fbE/new/normal?lang=auto:0
[    4553ms] [WARNING] WebGL: INVALID_ENUM: renderbufferStorage: EXT_color_buffer_float/EXT_color_buffer_half_float not enabled @ https://challenges.cloudflare.com/cdn-cgi/challenge-platform/h/b/turnstile/f/ov2/av0/rch/2xm5d/0x4AAAAAACBCPynhS9avamzf/light/fbE/new/normal?lang=auto:0
[    4553ms] [WARNING] WebGL: INVALID_ENUM: renderbufferStorage: EXT_color_buffer_float not enabled @ https://challenges.cloudflare.com/cdn-cgi/challenge-platform/h/b/turnstile/f/ov2/av0/rch/2xm5d/0x4AAAAAACBCPynhS9avamzf/light/fbE/new/normal?lang=auto:0
[    4553ms] [WARNING] WebGL: INVALID_ENUM: renderbufferStorage: EXT_color_buffer_float not enabled @ https://challenges.cloudflare.com/cdn-cgi/challenge-platform/h/b/turnstile/f/ov2/av0/rch/2xm5d/0x4AAAAAACBCPynhS9avamzf/light/fbE/new/normal?lang=auto:0
[    4553ms] [WARNING] WebGL: INVALID_ENUM: renderbufferStorage: EXT_color_buffer_float not enabled @ https://challenges.cloudflare.com/cdn-cgi/challenge-platform/h/b/turnstile/f/ov2/av0/rch/2xm5d/0x4AAAAAACBCPynhS9avamzf/light/fbE/new/normal?lang=auto:0
[    4554ms] [WARNING] WebGL: INVALID_ENUM: renderbufferStorage: EXT_color_buffer_float not enabled @ https://challenges.cloudflare.com/cdn-cgi/challenge-platform/h/b/turnstile/f/ov2/av0/rch/2xm5d/0x4AAAAAACBCPynhS9avamzf/light/fbE/new/normal?lang=auto:0
[    4780ms] [ERROR] Failed to load resource: the server responded with a status of 401 () @ https://challenges.cloudflare.com/cdn-cgi/challenge-platform/h/b/pat/9de1ee450f1fdbde/1773812721721/b6986aca1c922b29cb4ed293e3a84632737c8f5f0044932b46b8b5a7128c6e32/USl30OHAJbOfWql:0
[    4787ms] [ERROR]  Note that 'script-src' was not explicitly set, so 'default-src' is used as a fallback. @ https://challenges.cloudflare.com/cdn-cgi/challenge-platform/h/b/turnstile/f/ov2/av0/rch/2xm5d/0x4AAAAAACBCPynhS9avamzf/light/fbE/new/normal?lang=auto:0
[    5090ms] [ERROR] %c%d font-size:0;color:transparent NaN @ https://challenges.cloudflare.com/cdn-cgi/challenge-platform/h/b/turnstile/f/ov2/av0/rch/2xm5d/0x4AAAAAACBCPynhS9avamzf/light/fbE/new/normal?lang=auto:0
[    5090ms] [ERROR] %c%d font-size:0;color:transparent NaN @ https://challenges.cloudflare.com/cdn-cgi/challenge-platform/h/b/turnstile/f/ov2/av0/rch/2xm5d/0x4AAAAAACBCPynhS9avamzf/light/fbE/new/normal?lang=auto:0
[    5091ms] [WARNING] %c%d font-size:0;color:transparent NaN @ https://challenges.cloudflare.com/cdn-cgi/challenge-platform/h/b/turnstile/f/ov2/av0/rch/2xm5d/0x4AAAAAACBCPynhS9avamzf/light/fbE/new/normal?lang=auto:0
[    5091ms] [WARNING] %c%d font-size:0;color:transparent NaN @ https://challenges.cloudflare.com/cdn-cgi/challenge-platform/h/b/turnstile/f/ov2/av0/rch/2xm5d/0x4AAAAAACBCPynhS9avamzf/light/fbE/new/normal?lang=auto:0
[   10000ms] [WARNING] The resource https://challenges.cloudflare.com/cdn-cgi/challenge-platform/h/b/cmg/1 was preloaded using link preload but not used within a few seconds from the window's load event. Please make sure it has an appropriate `as` value and it is preloaded intentionally. @ https://challenges.cloudflare.com/cdn-cgi/challenge-platform/h/b/turnstile/f/ov2/av0/rch/2xm5d/0x4AAAAAACBCPynhS9avamzf/light/fbE/new/normal?lang=auto:0
[   31330ms] [ERROR] Failed to load resource: the server responded with a status of 404 () @ https://cdn.sanity.io/favicon.ico:0
[  196321ms] [WARNING] [PostHog] PostHog not yet initialized. Make sure PostHogProvider is mounted. @ https://tegnogfarge.no/_next/static/chunks/6011-d57fb0feb638a1eb.js:0
[  197158ms] [ERROR] %c%d font-size:0;color:transparent NaN @ https://challenges.cloudflare.com/cdn-cgi/challenge-platform/h/b/turnstile/f/ov2/av0/rch/a96p7/0x4AAAAAACBCPynhS9avamzf/light/fbE/new/normal?lang=auto:0
[  197159ms] [ERROR] %c%d font-size:0;color:transparent NaN @ https://challenges.cloudflare.com/cdn-cgi/challenge-platform/h/b/turnstile/f/ov2/av0/rch/a96p7/0x4AAAAAACBCPynhS9avamzf/light/fbE/new/normal?lang=auto:0
[  197160ms] [WARNING] %c%d font-size:0;color:transparent NaN @ https://challenges.cloudflare.com/cdn-cgi/challenge-platform/h/b/turnstile/f/ov2/av0/rch/a96p7/0x4AAAAAACBCPynhS9avamzf/light/fbE/new/normal?lang=auto:0
[  197160ms] [WARNING] %c%d font-size:0;color:transparent NaN @ https://challenges.cloudflare.com/cdn-cgi/challenge-platform/h/b/turnstile/f/ov2/av0/rch/a96p7/0x4AAAAAACBCPynhS9avamzf/light/fbE/new/normal?lang=auto:0
[  197182ms] [ERROR]  Note that 'script-src' was not explicitly set, so 'default-src' is used as a fallback. @ https://challenges.cloudflare.com/cdn-cgi/challenge-platform/h/b/turnstile/f/ov2/av0/rch/a96p7/0x4AAAAAACBCPynhS9avamzf/light/fbE/new/normal?lang=auto:0
[  197345ms] [ERROR] Failed to load resource: the server responded with a status of 401 () @ https://challenges.cloudflare.com/cdn-cgi/challenge-platform/h/b/pat/9de1f2f90ef5bb80/1773812914408/7af954b08df0347e8123646fb5bfbab3c82fd2c414f117043356662910eed143/ezT90b8to1fVQ6w:0
[  197444ms] [ERROR] Permissions policy violation: xr-spatial-tracking is not allowed in this document. @ https://challenges.cloudflare.com/cdn-cgi/challenge-platform/h/b/turnstile/f/ov2/av0/rch/a96p7/0x4AAAAAACBCPynhS9avamzf/light/fbE/new/normal?lang=auto:0
[  197444ms] [ERROR] Permissions policy violation: xr-spatial-tracking is not allowed in this document. @ https://challenges.cloudflare.com/cdn-cgi/challenge-platform/h/b/turnstile/f/ov2/av0/rch/a96p7/0x4AAAAAACBCPynhS9avamzf/light/fbE/new/normal?lang=auto:0
[  197454ms] [WARNING] Canvas2D: Multiple readback operations using getImageData are faster with the willReadFrequently attribute set to true. See: https://html.spec.whatwg.org/multipage/canvas.html#concept-canvas-will-read-frequently @ https://challenges.cloudflare.com/cdn-cgi/challenge-platform/h/b/turnstile/f/ov2/av0/rch/a96p7/0x4AAAAAACBCPynhS9avamzf/light/fbE/new/normal?lang=auto:0
[  197498ms] [WARNING] WebGL: INVALID_ENUM: renderbufferStorage: EXT_color_buffer_float/EXT_color_buffer_half_float not enabled @ https://challenges.cloudflare.com/cdn-cgi/challenge-platform/h/b/turnstile/f/ov2/av0/rch/a96p7/0x4AAAAAACBCPynhS9avamzf/light/fbE/new/normal?lang=auto:0
[  197498ms] [WARNING] WebGL: INVALID_ENUM: renderbufferStorage: EXT_color_buffer_float/EXT_color_buffer_half_float not enabled @ https://challenges.cloudflare.com/cdn-cgi/challenge-platform/h/b/turnstile/f/ov2/av0/rch/a96p7/0x4AAAAAACBCPynhS9avamzf/light/fbE/new/normal?lang=auto:0
[  197498ms] [WARNING] WebGL: INVALID_ENUM: renderbufferStorage: EXT_color_buffer_float/EXT_color_buffer_half_float not enabled @ https://challenges.cloudflare.com/cdn-cgi/challenge-platform/h/b/turnstile/f/ov2/av0/rch/a96p7/0x4AAAAAACBCPynhS9avamzf/light/fbE/new/normal?lang=auto:0
[  197498ms] [WARNING] WebGL: INVALID_ENUM: renderbufferStorage: EXT_color_buffer_float not enabled @ https://challenges.cloudflare.com/cdn-cgi/challenge-platform/h/b/turnstile/f/ov2/av0/rch/a96p7/0x4AAAAAACBCPynhS9avamzf/light/fbE/new/normal?lang=auto:0
[  197498ms] [WARNING] WebGL: INVALID_ENUM: renderbufferStorage: EXT_color_buffer_float not enabled @ https://challenges.cloudflare.com/cdn-cgi/challenge-platform/h/b/turnstile/f/ov2/av0/rch/a96p7/0x4AAAAAACBCPynhS9avamzf/light/fbE/new/normal?lang=auto:0
[  197499ms] [WARNING] WebGL: INVALID_ENUM: renderbufferStorage: EXT_color_buffer_float not enabled @ https://challenges.cloudflare.com/cdn-cgi/challenge-platform/h/b/turnstile/f/ov2/av0/rch/a96p7/0x4AAAAAACBCPynhS9avamzf/light/fbE/new/normal?lang=auto:0
[  197499ms] [WARNING] WebGL: INVALID_ENUM: renderbufferStorage: EXT_color_buffer_float not enabled @ https://challenges.cloudflare.com/cdn-cgi/challenge-platform/h/b/turnstile/f/ov2/av0/rch/a96p7/0x4AAAAAACBCPynhS9avamzf/light/fbE/new/normal?lang=auto:0
[  201513ms] [WARNING] The resource https://challenges.cloudflare.com/cdn-cgi/challenge-platform/h/b/cmg/1 was preloaded using link preload but not used within a few seconds from the window's load event. Please make sure it has an appropriate `as` value and it is preloaded intentionally. @ https://challenges.cloudflare.com/cdn-cgi/challenge-platform/h/b/turnstile/f/ov2/av0/rch/a96p7/0x4AAAAAACBCPynhS9avamzf/light/fbE/new/normal?lang=auto:0
