[    3947ms] [WARNING] [PostHog] PostHog not yet initialized. Make sure PostHogProvider is mounted. @ https://tegnogfarge.no/_next/static/chunks/6011-d57fb0feb638a1eb.js:0
[    5173ms] [ERROR] Permissions policy violation: xr-spatial-tracking is not allowed in this document. @ https://challenges.cloudflare.com/cdn-cgi/challenge-platform/h/b/turnstile/f/ov2/av0/rch/0tt9w/0x4AAAAAACBCPynhS9avamzf/light/fbE/new/normal?lang=auto:0
[    5174ms] [ERROR] Permissions policy violation: xr-spatial-tracking is not allowed in this document. @ https://challenges.cloudflare.com/cdn-cgi/challenge-platform/h/b/turnstile/f/ov2/av0/rch/0tt9w/0x4AAAAAACBCPynhS9avamzf/light/fbE/new/normal?lang=auto:0
[    5189ms] [WARNING] Canvas2D: Multiple readback operations using getImageData are faster with the willReadFrequently attribute set to true. See: https://html.spec.whatwg.org/multipage/canvas.html#concept-canvas-will-read-frequently @ https://challenges.cloudflare.com/cdn-cgi/challenge-platform/h/b/turnstile/f/ov2/av0/rch/0tt9w/0x4AAAAAACBCPynhS9avamzf/light/fbE/new/normal?lang=auto:0
[    5265ms] [WARNING] WebGL: INVALID_ENUM: renderbufferStorage: EXT_color_buffer_float/EXT_color_buffer_half_float not enabled @ https://challenges.cloudflare.com/cdn-cgi/challenge-platform/h/b/turnstile/f/ov2/av0/rch/0tt9w/0x4AAAAAACBCPynhS9avamzf/light/fbE/new/normal?lang=auto:0
[    5265ms] [WARNING] WebGL: INVALID_ENUM: renderbufferStorage: EXT_color_buffer_float/EXT_color_buffer_half_float not enabled @ https://challenges.cloudflare.com/cdn-cgi/challenge-platform/h/b/turnstile/f/ov2/av0/rch/0tt9w/0x4AAAAAACBCPynhS9avamzf/light/fbE/new/normal?lang=auto:0
[    5266ms] [WARNING] WebGL: INVALID_ENUM: renderbufferStorage: EXT_color_buffer_float/EXT_color_buffer_half_float not enabled @ https://challenges.cloudflare.com/cdn-cgi/challenge-platform/h/b/turnstile/f/ov2/av0/rch/0tt9w/0x4AAAAAACBCPynhS9avamzf/light/fbE/new/normal?lang=auto:0
[    5266ms] [WARNING] WebGL: INVALID_ENUM: renderbufferStorage: EXT_color_buffer_float not enabled @ https://challenges.cloudflare.com/cdn-cgi/challenge-platform/h/b/turnstile/f/ov2/av0/rch/0tt9w/0x4AAAAAACBCPynhS9avamzf/light/fbE/new/normal?lang=auto:0
[    5266ms] [WARNING] WebGL: INVALID_ENUM: renderbufferStorage: EXT_color_buffer_float not enabled @ https://challenges.cloudflare.com/cdn-cgi/challenge-platform/h/b/turnstile/f/ov2/av0/rch/0tt9w/0x4AAAAAACBCPynhS9avamzf/light/fbE/new/normal?lang=auto:0
[    5266ms] [WARNING] WebGL: INVALID_ENUM: renderbufferStorage: EXT_color_buffer_float not enabled @ https://challenges.cloudflare.com/cdn-cgi/challenge-platform/h/b/turnstile/f/ov2/av0/rch/0tt9w/0x4AAAAAACBCPynhS9avamzf/light/fbE/new/normal?lang=auto:0
[    5267ms] [WARNING] WebGL: INVALID_ENUM: renderbufferStorage: EXT_color_buffer_float not enabled @ https://challenges.cloudflare.com/cdn-cgi/challenge-platform/h/b/turnstile/f/ov2/av0/rch/0tt9w/0x4AAAAAACBCPynhS9avamzf/light/fbE/new/normal?lang=auto:0
[    5775ms] [ERROR] %c%d font-size:0;color:transparent NaN @ https://challenges.cloudflare.com/cdn-cgi/challenge-platform/h/b/turnstile/f/ov2/av0/rch/0tt9w/0x4AAAAAACBCPynhS9avamzf/light/fbE/new/normal?lang=auto:0
[    5775ms] [ERROR] %c%d font-size:0;color:transparent NaN @ https://challenges.cloudflare.com/cdn-cgi/challenge-platform/h/b/turnstile/f/ov2/av0/rch/0tt9w/0x4AAAAAACBCPynhS9avamzf/light/fbE/new/normal?lang=auto:0
[    5779ms] [WARNING] %c%d font-size:0;color:transparent NaN @ https://challenges.cloudflare.com/cdn-cgi/challenge-platform/h/b/turnstile/f/ov2/av0/rch/0tt9w/0x4AAAAAACBCPynhS9avamzf/light/fbE/new/normal?lang=auto:0
[    5779ms] [WARNING] %c%d font-size:0;color:transparent NaN @ https://challenges.cloudflare.com/cdn-cgi/challenge-platform/h/b/turnstile/f/ov2/av0/rch/0tt9w/0x4AAAAAACBCPynhS9avamzf/light/fbE/new/normal?lang=auto:0
[    5902ms] [ERROR]  Note that 'script-src' was not explicitly set, so 'default-src' is used as a fallback. @ https://challenges.cloudflare.com/cdn-cgi/challenge-platform/h/b/turnstile/f/ov2/av0/rch/0tt9w/0x4AAAAAACBCPynhS9avamzf/light/fbE/new/normal?lang=auto:0
[    6133ms] [ERROR] Failed to load resource: the server responded with a status of 401 () @ https://challenges.cloudflare.com/cdn-cgi/challenge-platform/h/b/pat/9de20c0579155c20/1773813940518/ac533ae403a99baf6f1032ddd28b265a66f4f0ba4d1c1d1396ef6590a407a961/2KI_BaGIhnraoz5:0
[    9678ms] [WARNING] The resource https://challenges.cloudflare.com/cdn-cgi/challenge-platform/h/b/cmg/1 was preloaded using link preload but not used within a few seconds from the window's load event. Please make sure it has an appropriate `as` value and it is preloaded intentionally. @ https://challenges.cloudflare.com/cdn-cgi/challenge-platform/h/b/turnstile/f/ov2/av0/rch/0tt9w/0x4AAAAAACBCPynhS9avamzf/light/fbE/new/normal?lang=auto:0
[   56734ms] [WARNING] [PostHog] PostHog not yet initialized. Make sure PostHogProvider is mounted. @ https://tegnogfarge.no/_next/static/chunks/6011-d57fb0feb638a1eb.js:0
[   57584ms] [ERROR] Failed to load resource: the server responded with a status of 401 () @ https://challenges.cloudflare.com/cdn-cgi/challenge-platform/h/b/pat/9de20d4f6c82dcc6/1773813993214/0478420a16cef2daf9f9a74cd97a383717b44449738dd7ce26820d93b0559392/eK_UyhcQDv78R7H:0
[   57608ms] [ERROR] Permissions policy violation: xr-spatial-tracking is not allowed in this document. @ https://challenges.cloudflare.com/cdn-cgi/challenge-platform/h/b/turnstile/f/ov2/av0/rch/wjncj/0x4AAAAAACBCPynhS9avamzf/light/fbE/new/normal?lang=auto:0
[   57608ms] [ERROR] Permissions policy violation: xr-spatial-tracking is not allowed in this document. @ https://challenges.cloudflare.com/cdn-cgi/challenge-platform/h/b/turnstile/f/ov2/av0/rch/wjncj/0x4AAAAAACBCPynhS9avamzf/light/fbE/new/normal?lang=auto:0
[   57626ms] [WARNING] Canvas2D: Multiple readback operations using getImageData are faster with the willReadFrequently attribute set to true. See: https://html.spec.whatwg.org/multipage/canvas.html#concept-canvas-will-read-frequently @ https://challenges.cloudflare.com/cdn-cgi/challenge-platform/h/b/turnstile/f/ov2/av0/rch/wjncj/0x4AAAAAACBCPynhS9avamzf/light/fbE/new/normal?lang=auto:0
[   57712ms] [WARNING] WebGL: INVALID_ENUM: renderbufferStorage: EXT_color_buffer_float/EXT_color_buffer_half_float not enabled @ https://challenges.cloudflare.com/cdn-cgi/challenge-platform/h/b/turnstile/f/ov2/av0/rch/wjncj/0x4AAAAAACBCPynhS9avamzf/light/fbE/new/normal?lang=auto:0
[   57713ms] [WARNING] WebGL: INVALID_ENUM: renderbufferStorage: EXT_color_buffer_float/EXT_color_buffer_half_float not enabled @ https://challenges.cloudflare.com/cdn-cgi/challenge-platform/h/b/turnstile/f/ov2/av0/rch/wjncj/0x4AAAAAACBCPynhS9avamzf/light/fbE/new/normal?lang=auto:0
[   57713ms] [WARNING] WebGL: INVALID_ENUM: renderbufferStorage: EXT_color_buffer_float/EXT_color_buffer_half_float not enabled @ https://challenges.cloudflare.com/cdn-cgi/challenge-platform/h/b/turnstile/f/ov2/av0/rch/wjncj/0x4AAAAAACBCPynhS9avamzf/light/fbE/new/normal?lang=auto:0
[   57713ms] [WARNING] WebGL: INVALID_ENUM: renderbufferStorage: EXT_color_buffer_float not enabled @ https://challenges.cloudflare.com/cdn-cgi/challenge-platform/h/b/turnstile/f/ov2/av0/rch/wjncj/0x4AAAAAACBCPynhS9avamzf/light/fbE/new/normal?lang=auto:0
[   57714ms] [WARNING] WebGL: INVALID_ENUM: renderbufferStorage: EXT_color_buffer_float not enabled @ https://challenges.cloudflare.com/cdn-cgi/challenge-platform/h/b/turnstile/f/ov2/av0/rch/wjncj/0x4AAAAAACBCPynhS9avamzf/light/fbE/new/normal?lang=auto:0
[   57714ms] [WARNING] WebGL: INVALID_ENUM: renderbufferStorage: EXT_color_buffer_float not enabled @ https://challenges.cloudflare.com/cdn-cgi/challenge-platform/h/b/turnstile/f/ov2/av0/rch/wjncj/0x4AAAAAACBCPynhS9avamzf/light/fbE/new/normal?lang=auto:0
[   57714ms] [WARNING] WebGL: INVALID_ENUM: renderbufferStorage: EXT_color_buffer_float not enabled @ https://challenges.cloudflare.com/cdn-cgi/challenge-platform/h/b/turnstile/f/ov2/av0/rch/wjncj/0x4AAAAAACBCPynhS9avamzf/light/fbE/new/normal?lang=auto:0
[   57913ms] [ERROR] %c%d font-size:0;color:transparent NaN @ https://challenges.cloudflare.com/cdn-cgi/challenge-platform/h/b/turnstile/f/ov2/av0/rch/wjncj/0x4AAAAAACBCPynhS9avamzf/light/fbE/new/normal?lang=auto:0
[   57913ms] [ERROR] %c%d font-size:0;color:transparent NaN @ https://challenges.cloudflare.com/cdn-cgi/challenge-platform/h/b/turnstile/f/ov2/av0/rch/wjncj/0x4AAAAAACBCPynhS9avamzf/light/fbE/new/normal?lang=auto:0
[   57915ms] [WARNING] %c%d font-size:0;color:transparent NaN @ https://challenges.cloudflare.com/cdn-cgi/challenge-platform/h/b/turnstile/f/ov2/av0/rch/wjncj/0x4AAAAAACBCPynhS9avamzf/light/fbE/new/normal?lang=auto:0
[   57915ms] [WARNING] %c%d font-size:0;color:transparent NaN @ https://challenges.cloudflare.com/cdn-cgi/challenge-platform/h/b/turnstile/f/ov2/av0/rch/wjncj/0x4AAAAAACBCPynhS9avamzf/light/fbE/new/normal?lang=auto:0
[   58367ms] [ERROR]  Note that 'script-src' was not explicitly set, so 'default-src' is used as a fallback. @ https://challenges.cloudflare.com/cdn-cgi/challenge-platform/h/b/turnstile/f/ov2/av0/rch/wjncj/0x4AAAAAACBCPynhS9avamzf/light/fbE/new/normal?lang=auto:0
[   62146ms] [WARNING] The resource https://challenges.cloudflare.com/cdn-cgi/challenge-platform/h/b/cmg/1 was preloaded using link preload but not used within a few seconds from the window's load event. Please make sure it has an appropriate `as` value and it is preloaded intentionally. @ https://challenges.cloudflare.com/cdn-cgi/challenge-platform/h/b/turnstile/f/ov2/av0/rch/wjncj/0x4AAAAAACBCPynhS9avamzf/light/fbE/new/normal?lang=auto:0
