Total messages: 116 (Errors: 49, Warnings: 14)
Returning 107 messages for level "info"

[LOG] [CookieConsent] Ezoic consent updated: {consent: true, analytics: true, advertising: true, functional: true} @ https://tegnogfarge.no/_next/static/chunks/app/%5Blocale%5D/layout-b54fce4277c09e2f.js:0
[LOG] [PageViewTracker] Component mounted drawing @ https://tegnogfarge.no/_next/static/chunks/app/%5Blocale%5D/(categories)/%5BcategorySlug%5D/%5BsubcategorySlug%5D/%5BdrawingSlug%5D/page-3ba5e3e7e449678a.js:0
[WARNING] [PostHog] PostHog not yet initialized. Make sure PostHogProvider is mounted. @ https://tegnogfarge.no/_next/static/chunks/6011-d57fb0feb638a1eb.js:0
[ERROR] Specified Language Not Found:no @ https://tegnogfarge.no/_next/static/chunks/2117-584912f543acaf35.js:0
[LOG] [Analytics] Event tracked: view_drawing @ https://tegnogfarge.no/_next/static/chunks/6011-d57fb0feb638a1eb.js:0
[LOG] [PostHog] Initializing with key: phc_Vh1Tvw... @ https://tegnogfarge.no/_next/static/chunks/app/%5Blocale%5D/layout-b54fce4277c09e2f.js:0
[LOG] [PostHog] ✅ Initialized @ https://tegnogfarge.no/_next/static/chunks/app/%5Blocale%5D/layout-b54fce4277c09e2f.js:0
[LOG] You're now in debug mode. All calls to PostHog will be logged in your console.
You can disable this with `posthog.debug(false)`. @ https://tegnogfarge.no/_next/static/chunks/6214-6372a48d416f84f1.js:0
[LOG] [PostHog.js] set_config {config: Object, oldConfig: Object, newConfig: Object} @ https://tegnogfarge.no/_next/static/chunks/6214-6372a48d416f84f1.js:0
[LOG] [PostHog.js] [SessionRecording] starting @ https://tegnogfarge.no/_next/static/chunks/6214-6372a48d416f84f1.js:0
[LOG] [PostHog.js] [Dead Clicks] starting... @ https://tegnogfarge.no/_next/static/chunks/6214-6372a48d416f84f1.js:0
[LOG] [PostHog.js] Persistence loaded sessionStorage {$sdk_debug_replay_remote_trigger_matching_config: null, $sdk_debug_replay_event_trigger_status: trigger_disabled, $sdk_debug_replay_url_trigger_status: trigger_disabled, $sdk_debug_replay_linked_flag_trigger_status: trigger_disabled, $session_recording_start_reason: recording_initialized} @ https://tegnogfarge.no/_next/static/chunks/6214-6372a48d416f84f1.js:0
[LOG] [PostHog.js] set_config {config: Object, oldConfig: Object, newConfig: Object} @ https://tegnogfarge.no/_next/static/chunks/6214-6372a48d416f84f1.js:0
[LOG] [PostHog.js] [Surveys] flags response received, isSurveysEnabled: false @ https://tegnogfarge.no/_next/static/chunks/6214-6372a48d416f84f1.js:0
[LOG] [PostHog.js] [Web Vitals] enabled, starting... @ https://tegnogfarge.no/_next/static/chunks/6214-6372a48d416f84f1.js:0
[LOG] [PostHog.js] [RemoteConfig] __preview_remote_config is disabled. Logging config instead {analytics: Object, autocaptureExceptions: false, autocapture_opt_out: false, captureDeadClicks: false, capturePerformance: Object} @ https://tegnogfarge.no/_next/static/chunks/6214-6372a48d416f84f1.js:0
[LOG] [PostHog.js] [Surveys] Surveys loaded successfully @ https://tegnogfarge.no/_next/static/chunks/6214-6372a48d416f84f1.js:0
[LOG] [EzReward] Download button protection initialized @ https://eu-assets.i.posthog.com/static/posthog-recorder.js?v=1.280.1:0
[LOG] [Ezoic Rewarded Ads] Download gate initialized successfully @ https://eu-assets.i.posthog.com/static/posthog-recorder.js?v=1.280.1:0
[LOG] The next request for the Private Access Token challenge may return a 401 and show a warning in console. @ https://challenges.cloudflare.com/cdn-cgi/challenge-platform/h/b/turnstile/f/ov2/av0/rch/5vl6o/0x4AAAAAACBCPynhS9avamzf/light/fbE/new/normal?lang=auto:0
[ERROR] Failed to load resource: the server responded with a status of 401 () @ https://challenges.cloudflare.com/cdn-cgi/challenge-platform/h/b/pat/9de4b67c3c2e1c3c/1773841894180/344f517dce3f2e0fe53c32dc1d79caee32de736765caa3a7d93060f21450daa9/XhDrOHI0_-iC-Pp:0
[LOG] Qubit script not found or error occurred @ https://eu-assets.i.posthog.com/static/posthog-recorder.js?v=1.280.1:0
[ERROR] Permissions policy violation: xr-spatial-tracking is not allowed in this document. @ https://challenges.cloudflare.com/cdn-cgi/challenge-platform/h/b/turnstile/f/ov2/av0/rch/5vl6o/0x4AAAAAACBCPynhS9avamzf/light/fbE/new/normal?lang=auto:0
[ERROR] Permissions policy violation: xr-spatial-tracking is not allowed in this document. @ https://challenges.cloudflare.com/cdn-cgi/challenge-platform/h/b/turnstile/f/ov2/av0/rch/5vl6o/0x4AAAAAACBCPynhS9avamzf/light/fbE/new/normal?lang=auto:0
[WARNING] Canvas2D: Multiple readback operations using getImageData are faster with the willReadFrequently attribute set to true. See: https://html.spec.whatwg.org/multipage/canvas.html#concept-canvas-will-read-frequently @ https://challenges.cloudflare.com/cdn-cgi/challenge-platform/h/b/turnstile/f/ov2/av0/rch/5vl6o/0x4AAAAAACBCPynhS9avamzf/light/fbE/new/normal?lang=auto:0
[WARNING] WebGL: INVALID_ENUM: renderbufferStorage: EXT_color_buffer_float/EXT_color_buffer_half_float not enabled @ https://challenges.cloudflare.com/cdn-cgi/challenge-platform/h/b/turnstile/f/ov2/av0/rch/5vl6o/0x4AAAAAACBCPynhS9avamzf/light/fbE/new/normal?lang=auto:0
[WARNING] WebGL: INVALID_ENUM: renderbufferStorage: EXT_color_buffer_float/EXT_color_buffer_half_float not enabled @ https://challenges.cloudflare.com/cdn-cgi/challenge-platform/h/b/turnstile/f/ov2/av0/rch/5vl6o/0x4AAAAAACBCPynhS9avamzf/light/fbE/new/normal?lang=auto:0
[WARNING] WebGL: INVALID_ENUM: renderbufferStorage: EXT_color_buffer_float/EXT_color_buffer_half_float not enabled @ https://challenges.cloudflare.com/cdn-cgi/challenge-platform/h/b/turnstile/f/ov2/av0/rch/5vl6o/0x4AAAAAACBCPynhS9avamzf/light/fbE/new/normal?lang=auto:0
[WARNING] WebGL: INVALID_ENUM: renderbufferStorage: EXT_color_buffer_float not enabled @ https://challenges.cloudflare.com/cdn-cgi/challenge-platform/h/b/turnstile/f/ov2/av0/rch/5vl6o/0x4AAAAAACBCPynhS9avamzf/light/fbE/new/normal?lang=auto:0
[WARNING] WebGL: INVALID_ENUM: renderbufferStorage: EXT_color_buffer_float not enabled @ https://challenges.cloudflare.com/cdn-cgi/challenge-platform/h/b/turnstile/f/ov2/av0/rch/5vl6o/0x4AAAAAACBCPynhS9avamzf/light/fbE/new/normal?lang=auto:0
[WARNING] WebGL: INVALID_ENUM: renderbufferStorage: EXT_color_buffer_float not enabled @ https://challenges.cloudflare.com/cdn-cgi/challenge-platform/h/b/turnstile/f/ov2/av0/rch/5vl6o/0x4AAAAAACBCPynhS9avamzf/light/fbE/new/normal?lang=auto:0
[WARNING] WebGL: INVALID_ENUM: renderbufferStorage: EXT_color_buffer_float not enabled @ https://challenges.cloudflare.com/cdn-cgi/challenge-platform/h/b/turnstile/f/ov2/av0/rch/5vl6o/0x4AAAAAACBCPynhS9avamzf/light/fbE/new/normal?lang=auto:0
[ERROR] Failed to load resource: the server responded with a status of 400 () @ https://ups.analytics.yahoo.com/ups/58713/fed?v=1&1p=0&gdpr=1&gdpr_consent=CQhQqFgQhQqFgErALLENCSFsAP_gAEPgABpwL_NR_G__bWlr-bb3aftkeYxP9_hr7sQxBgbJk24FzLvW7JwXx2E5NAzatqIKmRIAu3TBIQNlHIDURUCgKIgFryDMaE2U4TNKJ6BkiFMZA2tYCFxvm4tjWQCY4vr99lc1mB-t7dr82dzyy6hHn3a5_2S1UJCdIYetDfv8ZBOT-9IEd_x8v4v4_EbpEm-eS1n_pGvp4jd-YnM_dBmxt-Tyff7Pn__rl_e7X_vc_n3zv84XH77v____fv-7___2b_-___Bf9qP43_ra8t_xYK_D9shzGL_v8AfdiGIIDZNGzAuZdS3JGCe-wmZIkTRhTBAyIAFG6IJAAlIwEIiIgUIRECpeIdgAmiHCdpADwMkAZjLEwKAAkJ8XFsayATPB1PzqrvsSW1nJte2yuWSzcEd-5VrzySqhMThTBgo71tjAIiPV5Cnu6JWtFpH5jdIkBSAGN_8q1MvC7D3F456tNWJryOTpiX77sue_73aJ2zH3usn136Tv_b_N663P3_7Zs_7-u_n78AAA.IL_tR_G__bXlv-bb36ftkeYxf9_hr7sQxBgbJs24FzLvW7JwX32E7NEzatqYKmRIAu3TBIQNtHIjURUChKIgVrzDsaE2U4TtKJ-BkiHMZY2tYCFxvm4tjWQCZ4vr_91d9mT-t7dr-2dzy27hnv3a9_-S1UJidKYetHfv8ZBOT-_IU9_x-_4v4_MbpEm-eS1v_tWvt43d-4vP_dpuxt-Tyff7____73_e7X__c__33_-_Xf_7_____________f_____g.YAAAAAAAAAAA&us_privacy=&url=https://tegnogfarge.no/dyr/fargelegg-hunder/border-collie-som-loper-fort&pixelId=58713:0
[LOG] /.*.*=.*/ @ https://challenges.cloudflare.com/cdn-cgi/challenge-platform/h/b/turnstile/f/ov2/av0/rch/5vl6o/0x4AAAAAACBCPynhS9avamzf/light/fbE/new/normal?lang=auto:0
[LOG] /.*.*=.*/ @ https://challenges.cloudflare.com/cdn-cgi/challenge-platform/h/b/turnstile/f/ov2/av0/rch/5vl6o/0x4AAAAAACBCPynhS9avamzf/light/fbE/new/normal?lang=auto:0
[LOG] function () { [native code] } @ https://challenges.cloudflare.com/cdn-cgi/challenge-platform/h/b/turnstile/f/ov2/av0/rch/5vl6o/0x4AAAAAACBCPynhS9avamzf/light/fbE/new/normal?lang=auto:0
[LOG] function () { [native code] } @ https://challenges.cloudflare.com/cdn-cgi/challenge-platform/h/b/turnstile/f/ov2/av0/rch/5vl6o/0x4AAAAAACBCPynhS9avamzf/light/fbE/new/normal?lang=auto:0
[LOG] JSHandle@node @ https://challenges.cloudflare.com/cdn-cgi/challenge-platform/h/b/turnstile/f/ov2/av0/rch/5vl6o/0x4AAAAAACBCPynhS9avamzf/light/fbE/new/normal?lang=auto:0
[LOG] JSHandle@node @ https://challenges.cloudflare.com/cdn-cgi/challenge-platform/h/b/turnstile/f/ov2/av0/rch/5vl6o/0x4AAAAAACBCPynhS9avamzf/light/fbE/new/normal?lang=auto:0
[COUNT]  : 1 @ https://challenges.cloudflare.com/cdn-cgi/challenge-platform/h/b/turnstile/f/ov2/av0/rch/5vl6o/0x4AAAAAACBCPynhS9avamzf/light/fbE/new/normal?lang=auto:0
[COUNT]  : 1 @ https://challenges.cloudflare.com/cdn-cgi/challenge-platform/h/b/turnstile/f/ov2/av0/rch/5vl6o/0x4AAAAAACBCPynhS9avamzf/light/fbE/new/normal?lang=auto:0
[DIR]  Error @ https://challenges.cloudflare.com/cdn-cgi/challenge-platform/h/b/turnstile/f/ov2/av0/rch/5vl6o/0x4AAAAAACBCPynhS9avamzf/light/fbE/new/normal?lang=auto:0
[DIR]  Error @ https://challenges.cloudflare.com/cdn-cgi/challenge-platform/h/b/turnstile/f/ov2/av0/rch/5vl6o/0x4AAAAAACBCPynhS9avamzf/light/fbE/new/normal?lang=auto:0
[DIRXML] %c%d font-size:0;color:transparent Error @ https://challenges.cloudflare.com/cdn-cgi/challenge-platform/h/b/turnstile/f/ov2/av0/rch/5vl6o/0x4AAAAAACBCPynhS9avamzf/light/fbE/new/normal?lang=auto:0
[DIRXML] %c%d font-size:0;color:transparent Error @ https://challenges.cloudflare.com/cdn-cgi/challenge-platform/h/b/turnstile/f/ov2/av0/rch/5vl6o/0x4AAAAAACBCPynhS9avamzf/light/fbE/new/normal?lang=auto:0
[ERROR] %c%d font-size:0;color:transparent NaN @ https://challenges.cloudflare.com/cdn-cgi/challenge-platform/h/b/turnstile/f/ov2/av0/rch/5vl6o/0x4AAAAAACBCPynhS9avamzf/light/fbE/new/normal?lang=auto:0
[ERROR] %c%d font-size:0;color:transparent NaN @ https://challenges.cloudflare.com/cdn-cgi/challenge-platform/h/b/turnstile/f/ov2/av0/rch/5vl6o/0x4AAAAAACBCPynhS9avamzf/light/fbE/new/normal?lang=auto:0
[INFO] %c%d font-size:0;color:transparent NaN @ https://challenges.cloudflare.com/cdn-cgi/challenge-platform/h/b/turnstile/f/ov2/av0/rch/5vl6o/0x4AAAAAACBCPynhS9avamzf/light/fbE/new/normal?lang=auto:0
[INFO] %c%d font-size:0;color:transparent NaN @ https://challenges.cloudflare.com/cdn-cgi/challenge-platform/h/b/turnstile/f/ov2/av0/rch/5vl6o/0x4AAAAAACBCPynhS9avamzf/light/fbE/new/normal?lang=auto:0
[LOG] %c%d font-size:0;color:transparent NaN @ https://challenges.cloudflare.com/cdn-cgi/challenge-platform/h/b/turnstile/f/ov2/av0/rch/5vl6o/0x4AAAAAACBCPynhS9avamzf/light/fbE/new/normal?lang=auto:0
[LOG] %c%d font-size:0;color:transparent NaN @ https://challenges.cloudflare.com/cdn-cgi/challenge-platform/h/b/turnstile/f/ov2/av0/rch/5vl6o/0x4AAAAAACBCPynhS9avamzf/light/fbE/new/normal?lang=auto:0
[TABLE] %c%d font-size:0;color:transparent Error @ https://challenges.cloudflare.com/cdn-cgi/challenge-platform/h/b/turnstile/f/ov2/av0/rch/5vl6o/0x4AAAAAACBCPynhS9avamzf/light/fbE/new/normal?lang=auto:0
[TABLE] %c%d font-size:0;color:transparent Error @ https://challenges.cloudflare.com/cdn-cgi/challenge-platform/h/b/turnstile/f/ov2/av0/rch/5vl6o/0x4AAAAAACBCPynhS9avamzf/light/fbE/new/normal?lang=auto:0
[WARNING] %c%d font-size:0;color:transparent NaN @ https://challenges.cloudflare.com/cdn-cgi/challenge-platform/h/b/turnstile/f/ov2/av0/rch/5vl6o/0x4AAAAAACBCPynhS9avamzf/light/fbE/new/normal?lang=auto:0
[WARNING] %c%d font-size:0;color:transparent NaN @ https://challenges.cloudflare.com/cdn-cgi/challenge-platform/h/b/turnstile/f/ov2/av0/rch/5vl6o/0x4AAAAAACBCPynhS9avamzf/light/fbE/new/normal?lang=auto:0
[ERROR]  Note that 'script-src' was not explicitly set, so 'default-src' is used as a fallback. @ https://challenges.cloudflare.com/cdn-cgi/challenge-platform/h/b/turnstile/f/ov2/av0/rch/5vl6o/0x4AAAAAACBCPynhS9avamzf/light/fbE/new/normal?lang=auto:0
[WARNING] VIDEOJS: WARN: videojs.mergeOptions is deprecated and will be removed in 9.0; please use videojs.obj.merge instead. @ https://eu-assets.i.posthog.com/static/posthog-recorder.js?v=1.280.1:0
[WARNING] VIDEOJS: WARN: videojs.formatTime is deprecated and will be removed in 9.0; please use videojs.time.formatTime instead. @ https://eu-assets.i.posthog.com/static/posthog-recorder.js?v=1.280.1:0
[LOG] Called iframe: ads.pubmatic.com [] 
Number of topics:  0 @ https://ads.pubmatic.com/AdServer/js/topics/topics_frame.html?bidder=pubmatic:19
[ERROR] Failed to load resource: the server responded with a status of 404 () @ https://js-sec.indexww.com/prebid/topics/topics_frame.html?bidder=ix:0
[LOG] Called iframe: pa.openx.net [] 
Number of topics:  0 @ https://pa.openx.net/topics_frame.html?bidder=openx:15
[LOG] Called iframe: onetag-sys.com [] 
Number of topics:  0 @ https://onetag-sys.com/static/topicsapi.html?bidder=onetag:13
[ERROR] Mixed Content: The page at 'https://tegnogfarge.no/dyr/fargelegg-hunder/border-collie-som-loper-fort' was loaded over HTTPS, but requested an insecure frame 'http://www.optmd.com/'. This request has been blocked; the content must be served over HTTPS. @ https://js-sec.indexww.com/prebid/topics/topics_frame.html?bidder=ix:0
[LOG] Called iframe: acdn.adnxs.com [] 
Number of topics:  0 @ https://acdn.adnxs.com/prebid/topics/topics_frame.html?bidder=appnexus:17
[ERROR] Failed to load resource: the server responded with a status of 404 () @ https://eb2.3lift.com/topics/topics_frame.html?bidder=triplelift:0
[ERROR] Attestation check for Protected Audience on https://onetag-sys.com failed. @ https://tegnogfarge.no/dyr/fargelegg-hunder/border-collie-som-loper-fort:0
[ERROR] Attestation check for Protected Audience on https://apex.go.sonobi.com failed. @ https://tegnogfarge.no/dyr/fargelegg-hunder/border-collie-som-loper-fort:0
[ERROR] Attestation check for Protected Audience on https://prebid-server.rubiconproject.com failed. @ https://tegnogfarge.no/dyr/fargelegg-hunder/border-collie-som-loper-fort:0
[ERROR] Attestation check for Protected Audience on https://btlr.sharethrough.com failed. @ https://tegnogfarge.no/dyr/fargelegg-hunder/border-collie-som-loper-fort:0
[ERROR] Attestation check for Protected Audience on https://ads.yieldmo.com failed. @ https://tegnogfarge.no/dyr/fargelegg-hunder/border-collie-som-loper-fort:0
[ERROR] Attestation check for Protected Audience on https://ads.yieldmo.com failed. @ https://tegnogfarge.no/dyr/fargelegg-hunder/border-collie-som-loper-fort:0
[ERROR] Attestation check for Protected Audience on https://grid-bidder.criteo.com failed. @ https://tegnogfarge.no/dyr/fargelegg-hunder/border-collie-som-loper-fort:0
[ERROR] No breaks receieved. Not bidding. @ https://tegnogfarge.no/_next/static/chunks/2117-584912f543acaf35.js:0
[ERROR] Failed to load resource: the server responded with a status of 404 () @ https://btlr.sharethrough.com/topics/topics_frame.html?bidder=sharethrough:0
[ERROR] Attestation check for Protected Audience on https://prebid-server.rubiconproject.com failed. @ https://tegnogfarge.no/dyr/fargelegg-hunder/border-collie-som-loper-fort:0
[ERROR] Attestation check for Protected Audience on https://ads.yieldmo.com failed. @ https://tegnogfarge.no/dyr/fargelegg-hunder/border-collie-som-loper-fort:0
[ERROR] Attestation check for Protected Audience on https://ads.yieldmo.com failed. @ https://tegnogfarge.no/dyr/fargelegg-hunder/border-collie-som-loper-fort:0
[ERROR] Attestation check for Protected Audience on https://btlr.sharethrough.com failed. @ https://tegnogfarge.no/dyr/fargelegg-hunder/border-collie-som-loper-fort:0
[ERROR] Attestation check for Protected Audience on https://apex.go.sonobi.com failed. @ https://tegnogfarge.no/dyr/fargelegg-hunder/border-collie-som-loper-fort:0
[ERROR] Attestation check for Protected Audience on https://onetag-sys.com failed. @ https://tegnogfarge.no/dyr/fargelegg-hunder/border-collie-som-loper-fort:0
[ERROR] Attestation check for Protected Audience on https://grid-bidder.criteo.com failed. @ https://tegnogfarge.no/dyr/fargelegg-hunder/border-collie-som-loper-fort:0
[ERROR] Failed to load resource: the server responded with a status of 400 () @ https://ups.analytics.yahoo.com/ups/58713/fed?v=1&1p=0&gdpr=1&gdpr_consent=CQhQqFgQhQqFgErALLENCSFsAP_gAEPgABpwL_NR_G__bWlr-bb3aftkeYxP9_hr7sQxBgbJk24FzLvW7JwXx2E5NAzatqIKmRIAu3TBIQNlHIDURUCgKIgFryDMaE2U4TNKJ6BkiFMZA2tYCFxvm4tjWQCY4vr99lc1mB-t7dr82dzyy6hHn3a5_2S1UJCdIYetDfv8ZBOT-9IEd_x8v4v4_EbpEm-eS1n_pGvp4jd-YnM_dBmxt-Tyff7Pn__rl_e7X_vc_n3zv84XH77v____fv-7___2b_-___Bf9qP43_ra8t_xYK_D9shzGL_v8AfdiGIIDZNGzAuZdS3JGCe-wmZIkTRhTBAyIAFG6IJAAlIwEIiIgUIRECpeIdgAmiHCdpADwMkAZjLEwKAAkJ8XFsayATPB1PzqrvsSW1nJte2yuWSzcEd-5VrzySqhMThTBgo71tjAIiPV5Cnu6JWtFpH5jdIkBSAGN_8q1MvC7D3F456tNWJryOTpiX77sue_73aJ2zH3usn136Tv_b_N663P3_7Zs_7-u_n78AAA.IL_tR_G__bXlv-bb36ftkeYxf9_hr7sQxBgbJs24FzLvW7JwX32E7NEzatqYKmRIAu3TBIQNtHIjURUChKIgVrzDsaE2U4TtKJ-BkiHMZY2tYCFxvm4tjWQCZ4vr_91d9mT-t7dr-2dzy27hnv3a9_-S1UJidKYetHfv8ZBOT-_IU9_x-_4v4_MbpEm-eS1v_tWvt43d-4vP_dpuxt-Tyff7____73_e7X__c__33_-_Xf_7_____________f_____g.YAAAAAAAAAAA&us_privacy=&url=https://tegnogfarge.no/dyr/fargelegg-hunder/border-collie-som-loper-fort&pixelId=58713:0
[ERROR] Attestation check for Protected Audience on https://ads.yieldmo.com failed. @ https://tegnogfarge.no/dyr/fargelegg-hunder/border-collie-som-loper-fort:0
[ERROR] Attestation check for Protected Audience on https://ads.yieldmo.com failed. @ https://tegnogfarge.no/dyr/fargelegg-hunder/border-collie-som-loper-fort:0
[ERROR] Attestation check for Protected Audience on https://btlr.sharethrough.com failed. @ https://tegnogfarge.no/dyr/fargelegg-hunder/border-collie-som-loper-fort:0
[ERROR] Attestation check for Protected Audience on https://onetag-sys.com failed. @ https://tegnogfarge.no/dyr/fargelegg-hunder/border-collie-som-loper-fort:0
[ERROR] Attestation check for Protected Audience on https://prebid-server.rubiconproject.com failed. @ https://tegnogfarge.no/dyr/fargelegg-hunder/border-collie-som-loper-fort:0
[ERROR] Attestation check for Protected Audience on https://apex.go.sonobi.com failed. @ https://tegnogfarge.no/dyr/fargelegg-hunder/border-collie-som-loper-fort:0
[ERROR] Attestation check for Protected Audience on https://grid-bidder.criteo.com failed. @ https://tegnogfarge.no/dyr/fargelegg-hunder/border-collie-som-loper-fort:0
[LOG] [PostHog.js] send "$snapshot" {uuid: 019d0137-5b89-7d8c-87e5-ed3dd4ee691c, event: $snapshot, properties: Object, $set_once: Object, timestamp: Wed Mar 18 2026 14:51:38 GMT+0100 (sentraleuropeisk normaltid)} @ https://tegnogfarge.no/_next/static/chunks/6214-6372a48d416f84f1.js:0
[ERROR] Attestation check for Protected Audience on https://prebid-server.rubiconproject.com failed. @ https://tegnogfarge.no/dyr/fargelegg-hunder/border-collie-som-loper-fort:0
[ERROR] Attestation check for Protected Audience on https://btlr.sharethrough.com failed. @ https://tegnogfarge.no/dyr/fargelegg-hunder/border-collie-som-loper-fort:0
[ERROR] Attestation check for Protected Audience on https://ads.yieldmo.com failed. @ https://tegnogfarge.no/dyr/fargelegg-hunder/border-collie-som-loper-fort:0
[ERROR] Attestation check for Protected Audience on https://ads.yieldmo.com failed. @ https://tegnogfarge.no/dyr/fargelegg-hunder/border-collie-som-loper-fort:0
[ERROR] Attestation check for Protected Audience on https://apex.go.sonobi.com failed. @ https://tegnogfarge.no/dyr/fargelegg-hunder/border-collie-som-loper-fort:0
[ERROR] Attestation check for Protected Audience on https://onetag-sys.com failed. @ https://tegnogfarge.no/dyr/fargelegg-hunder/border-collie-som-loper-fort:0
[ERROR] Attestation check for Protected Audience on https://grid-bidder.criteo.com failed. @ https://tegnogfarge.no/dyr/fargelegg-hunder/border-collie-som-loper-fort:0
[ERROR] Attestation check for Protected Audience on https://ads.yieldmo.com failed. @ https://tegnogfarge.no/dyr/fargelegg-hunder/border-collie-som-loper-fort:0
[ERROR] Attestation check for Protected Audience on https://ads.yieldmo.com failed. @ https://tegnogfarge.no/dyr/fargelegg-hunder/border-collie-som-loper-fort:0
[ERROR] Attestation check for Protected Audience on https://apex.go.sonobi.com failed. @ https://tegnogfarge.no/dyr/fargelegg-hunder/border-collie-som-loper-fort:0
[ERROR] Attestation check for Protected Audience on https://prebid-server.rubiconproject.com failed. @ https://tegnogfarge.no/dyr/fargelegg-hunder/border-collie-som-loper-fort:0
[ERROR] Attestation check for Protected Audience on https://onetag-sys.com failed. @ https://tegnogfarge.no/dyr/fargelegg-hunder/border-collie-som-loper-fort:0
[ERROR] Attestation check for Protected Audience on https://btlr.sharethrough.com failed. @ https://tegnogfarge.no/dyr/fargelegg-hunder/border-collie-som-loper-fort:0
[ERROR] Attestation check for Protected Audience on https://grid-bidder.criteo.com failed. @ https://tegnogfarge.no/dyr/fargelegg-hunder/border-collie-som-loper-fort:0
[LOG] [PostHog.js] send "$web_vitals" {uuid: 019d0137-6147-761f-8236-59cb5d7ef040, event: $web_vitals, properties: Object, timestamp: Wed Mar 18 2026 14:51:39 GMT+0100 (sentraleuropeisk normaltid)} @ https://tegnogfarge.no/_next/static/chunks/6214-6372a48d416f84f1.js:0
[LOG] [PostHog.js] send "$snapshot" {uuid: 019d0137-6369-7a9d-8170-79ff49146dd3, event: $snapshot, properties: Object, timestamp: Wed Mar 18 2026 14:51:40 GMT+0100 (sentraleuropeisk normaltid)} @ https://tegnogfarge.no/_next/static/chunks/6214-6372a48d416f84f1.js:0
[WARNING] The resource https://challenges.cloudflare.com/cdn-cgi/challenge-platform/h/b/cmg/1 was preloaded using link preload but not used within a few seconds from the window's load event. Please make sure it has an appropriate `as` value and it is preloaded intentionally. @ https://challenges.cloudflare.com/cdn-cgi/challenge-platform/h/b/turnstile/f/ov2/av0/rch/5vl6o/0x4AAAAAACBCPynhS9avamzf/light/fbE/new/normal?lang=auto:0