[     395ms] [WARNING] [PostHog] PostHog not yet initialized. Make sure PostHogProvider is mounted. @ https://tegnogfarge.no/_next/static/chunks/6011-35017fe64e0c8ea4.js:0
[    1451ms] [ERROR] Failed to load resource: the server responded with a status of 401 () @ https://challenges.cloudflare.com/cdn-cgi/challenge-platform/h/b/pat/9de1be1bbc068ef7/1773810749074/8cc0c83e024e925cefc9a786720eefb46a87678d3332f07307db7de8ff7e55e2/wzhwQtShXTAA-tX:0
[    1496ms] [ERROR]  Note that 'script-src' was not explicitly set, so 'default-src' is used as a fallback. @ https://challenges.cloudflare.com/cdn-cgi/challenge-platform/h/b/turnstile/f/ov2/av0/rch/dl0cv/0x4AAAAAACBCPynhS9avamzf/light/fbE/new/normal?lang=auto:0
[    1621ms] [ERROR] Permissions policy violation: xr-spatial-tracking is not allowed in this document. @ https://challenges.cloudflare.com/cdn-cgi/challenge-platform/h/b/turnstile/f/ov2/av0/rch/dl0cv/0x4AAAAAACBCPynhS9avamzf/light/fbE/new/normal?lang=auto:0
[    1621ms] [ERROR] Permissions policy violation: xr-spatial-tracking is not allowed in this document. @ https://challenges.cloudflare.com/cdn-cgi/challenge-platform/h/b/turnstile/f/ov2/av0/rch/dl0cv/0x4AAAAAACBCPynhS9avamzf/light/fbE/new/normal?lang=auto:0
[    1629ms] [WARNING] Canvas2D: Multiple readback operations using getImageData are faster with the willReadFrequently attribute set to true. See: https://html.spec.whatwg.org/multipage/canvas.html#concept-canvas-will-read-frequently @ https://challenges.cloudflare.com/cdn-cgi/challenge-platform/h/b/turnstile/f/ov2/av0/rch/dl0cv/0x4AAAAAACBCPynhS9avamzf/light/fbE/new/normal?lang=auto:0
[    1666ms] [WARNING] WebGL: INVALID_ENUM: renderbufferStorage: EXT_color_buffer_float/EXT_color_buffer_half_float not enabled @ https://challenges.cloudflare.com/cdn-cgi/challenge-platform/h/b/turnstile/f/ov2/av0/rch/dl0cv/0x4AAAAAACBCPynhS9avamzf/light/fbE/new/normal?lang=auto:0
[    1666ms] [WARNING] WebGL: INVALID_ENUM: renderbufferStorage: EXT_color_buffer_float/EXT_color_buffer_half_float not enabled @ https://challenges.cloudflare.com/cdn-cgi/challenge-platform/h/b/turnstile/f/ov2/av0/rch/dl0cv/0x4AAAAAACBCPynhS9avamzf/light/fbE/new/normal?lang=auto:0
[    1666ms] [WARNING] WebGL: INVALID_ENUM: renderbufferStorage: EXT_color_buffer_float/EXT_color_buffer_half_float not enabled @ https://challenges.cloudflare.com/cdn-cgi/challenge-platform/h/b/turnstile/f/ov2/av0/rch/dl0cv/0x4AAAAAACBCPynhS9avamzf/light/fbE/new/normal?lang=auto:0
[    1667ms] [WARNING] WebGL: INVALID_ENUM: renderbufferStorage: EXT_color_buffer_float not enabled @ https://challenges.cloudflare.com/cdn-cgi/challenge-platform/h/b/turnstile/f/ov2/av0/rch/dl0cv/0x4AAAAAACBCPynhS9avamzf/light/fbE/new/normal?lang=auto:0
[    1667ms] [WARNING] WebGL: INVALID_ENUM: renderbufferStorage: EXT_color_buffer_float not enabled @ https://challenges.cloudflare.com/cdn-cgi/challenge-platform/h/b/turnstile/f/ov2/av0/rch/dl0cv/0x4AAAAAACBCPynhS9avamzf/light/fbE/new/normal?lang=auto:0
[    1667ms] [WARNING] WebGL: INVALID_ENUM: renderbufferStorage: EXT_color_buffer_float not enabled @ https://challenges.cloudflare.com/cdn-cgi/challenge-platform/h/b/turnstile/f/ov2/av0/rch/dl0cv/0x4AAAAAACBCPynhS9avamzf/light/fbE/new/normal?lang=auto:0
[    1667ms] [WARNING] WebGL: INVALID_ENUM: renderbufferStorage: EXT_color_buffer_float not enabled @ https://challenges.cloudflare.com/cdn-cgi/challenge-platform/h/b/turnstile/f/ov2/av0/rch/dl0cv/0x4AAAAAACBCPynhS9avamzf/light/fbE/new/normal?lang=auto:0
[    1847ms] [ERROR] %c%d font-size:0;color:transparent NaN @ https://challenges.cloudflare.com/cdn-cgi/challenge-platform/h/b/turnstile/f/ov2/av0/rch/dl0cv/0x4AAAAAACBCPynhS9avamzf/light/fbE/new/normal?lang=auto:0
[    1848ms] [ERROR] %c%d font-size:0;color:transparent NaN @ https://challenges.cloudflare.com/cdn-cgi/challenge-platform/h/b/turnstile/f/ov2/av0/rch/dl0cv/0x4AAAAAACBCPynhS9avamzf/light/fbE/new/normal?lang=auto:0
[    1848ms] [WARNING] %c%d font-size:0;color:transparent NaN @ https://challenges.cloudflare.com/cdn-cgi/challenge-platform/h/b/turnstile/f/ov2/av0/rch/dl0cv/0x4AAAAAACBCPynhS9avamzf/light/fbE/new/normal?lang=auto:0
[    1848ms] [WARNING] %c%d font-size:0;color:transparent NaN @ https://challenges.cloudflare.com/cdn-cgi/challenge-platform/h/b/turnstile/f/ov2/av0/rch/dl0cv/0x4AAAAAACBCPynhS9avamzf/light/fbE/new/normal?lang=auto:0
[    6813ms] [WARNING] The resource https://challenges.cloudflare.com/cdn-cgi/challenge-platform/h/b/cmg/1 was preloaded using link preload but not used within a few seconds from the window's load event. Please make sure it has an appropriate `as` value and it is preloaded intentionally. @ https://challenges.cloudflare.com/cdn-cgi/challenge-platform/h/b/turnstile/f/ov2/av0/rch/dl0cv/0x4AAAAAACBCPynhS9avamzf/light/fbE/new/normal?lang=auto:0
[  295216ms] [ERROR] Permissions policy violation: xr-spatial-tracking is not allowed in this document. @ https://challenges.cloudflare.com/cdn-cgi/challenge-platform/h/b/turnstile/f/ov2/av0/rch/dl0cv/0x4AAAAAACBCPynhS9avamzf/light/fbE/auto_expire/normal?lang=auto:0
[  295217ms] [ERROR] Permissions policy violation: xr-spatial-tracking is not allowed in this document. @ https://challenges.cloudflare.com/cdn-cgi/challenge-platform/h/b/turnstile/f/ov2/av0/rch/dl0cv/0x4AAAAAACBCPynhS9avamzf/light/fbE/auto_expire/normal?lang=auto:0
[  295227ms] [WARNING] Canvas2D: Multiple readback operations using getImageData are faster with the willReadFrequently attribute set to true. See: https://html.spec.whatwg.org/multipage/canvas.html#concept-canvas-will-read-frequently @ https://challenges.cloudflare.com/cdn-cgi/challenge-platform/h/b/turnstile/f/ov2/av0/rch/dl0cv/0x4AAAAAACBCPynhS9avamzf/light/fbE/auto_expire/normal?lang=auto:0
[  295307ms] [WARNING] WebGL: INVALID_ENUM: renderbufferStorage: EXT_color_buffer_float/EXT_color_buffer_half_float not enabled @ https://challenges.cloudflare.com/cdn-cgi/challenge-platform/h/b/turnstile/f/ov2/av0/rch/dl0cv/0x4AAAAAACBCPynhS9avamzf/light/fbE/auto_expire/normal?lang=auto:0
[  295308ms] [WARNING] WebGL: INVALID_ENUM: renderbufferStorage: EXT_color_buffer_float/EXT_color_buffer_half_float not enabled @ https://challenges.cloudflare.com/cdn-cgi/challenge-platform/h/b/turnstile/f/ov2/av0/rch/dl0cv/0x4AAAAAACBCPynhS9avamzf/light/fbE/auto_expire/normal?lang=auto:0
[  295308ms] [WARNING] WebGL: INVALID_ENUM: renderbufferStorage: EXT_color_buffer_float/EXT_color_buffer_half_float not enabled @ https://challenges.cloudflare.com/cdn-cgi/challenge-platform/h/b/turnstile/f/ov2/av0/rch/dl0cv/0x4AAAAAACBCPynhS9avamzf/light/fbE/auto_expire/normal?lang=auto:0
[  295308ms] [WARNING] WebGL: INVALID_ENUM: renderbufferStorage: EXT_color_buffer_float not enabled @ https://challenges.cloudflare.com/cdn-cgi/challenge-platform/h/b/turnstile/f/ov2/av0/rch/dl0cv/0x4AAAAAACBCPynhS9avamzf/light/fbE/auto_expire/normal?lang=auto:0
[  295309ms] [WARNING] WebGL: INVALID_ENUM: renderbufferStorage: EXT_color_buffer_float not enabled @ https://challenges.cloudflare.com/cdn-cgi/challenge-platform/h/b/turnstile/f/ov2/av0/rch/dl0cv/0x4AAAAAACBCPynhS9avamzf/light/fbE/auto_expire/normal?lang=auto:0
[  295309ms] [WARNING] WebGL: INVALID_ENUM: renderbufferStorage: EXT_color_buffer_float not enabled @ https://challenges.cloudflare.com/cdn-cgi/challenge-platform/h/b/turnstile/f/ov2/av0/rch/dl0cv/0x4AAAAAACBCPynhS9avamzf/light/fbE/auto_expire/normal?lang=auto:0
[  295309ms] [WARNING] WebGL: INVALID_ENUM: renderbufferStorage: EXT_color_buffer_float not enabled @ https://challenges.cloudflare.com/cdn-cgi/challenge-platform/h/b/turnstile/f/ov2/av0/rch/dl0cv/0x4AAAAAACBCPynhS9avamzf/light/fbE/auto_expire/normal?lang=auto:0
[  295486ms] [ERROR] Failed to load resource: the server responded with a status of 401 () @ https://challenges.cloudflare.com/cdn-cgi/challenge-platform/h/b/pat/9de1c54538f2d38e/1773811042554/acabdc2e2c95fda6967f3a9b2435259975b413651afebd2f47c586a80a5928ad/mfWwlC4LDutQySD:0
[  295510ms] [ERROR] %c%d font-size:0;color:transparent NaN @ https://challenges.cloudflare.com/cdn-cgi/challenge-platform/h/b/turnstile/f/ov2/av0/rch/dl0cv/0x4AAAAAACBCPynhS9avamzf/light/fbE/auto_expire/normal?lang=auto:0
[  295510ms] [ERROR] %c%d font-size:0;color:transparent NaN @ https://challenges.cloudflare.com/cdn-cgi/challenge-platform/h/b/turnstile/f/ov2/av0/rch/dl0cv/0x4AAAAAACBCPynhS9avamzf/light/fbE/auto_expire/normal?lang=auto:0
[  295512ms] [WARNING] %c%d font-size:0;color:transparent NaN @ https://challenges.cloudflare.com/cdn-cgi/challenge-platform/h/b/turnstile/f/ov2/av0/rch/dl0cv/0x4AAAAAACBCPynhS9avamzf/light/fbE/auto_expire/normal?lang=auto:0
[  295513ms] [WARNING] %c%d font-size:0;color:transparent NaN @ https://challenges.cloudflare.com/cdn-cgi/challenge-platform/h/b/turnstile/f/ov2/av0/rch/dl0cv/0x4AAAAAACBCPynhS9avamzf/light/fbE/auto_expire/normal?lang=auto:0
[  295611ms] [ERROR]  Note that 'script-src' was not explicitly set, so 'default-src' is used as a fallback. @ https://challenges.cloudflare.com/cdn-cgi/challenge-platform/h/b/turnstile/f/ov2/av0/rch/dl0cv/0x4AAAAAACBCPynhS9avamzf/light/fbE/auto_expire/normal?lang=auto:0
[  299313ms] [WARNING] The resource https://challenges.cloudflare.com/cdn-cgi/challenge-platform/h/b/cmg/1 was preloaded using link preload but not used within a few seconds from the window's load event. Please make sure it has an appropriate `as` value and it is preloaded intentionally. @ https://challenges.cloudflare.com/cdn-cgi/challenge-platform/h/b/turnstile/f/ov2/av0/rch/dl0cv/0x4AAAAAACBCPynhS9avamzf/light/fbE/auto_expire/normal?lang=auto:0
[  417156ms] [ERROR]  Note that 'script-src' was not explicitly set, so 'default-src' is used as a fallback. @ https://challenges.cloudflare.com/cdn-cgi/challenge-platform/h/b/turnstile/f/ov2/av0/rch/dl0cv/0x4AAAAAACBCPynhS9avamzf/light/fbE/auto_timeout/normal?lang=auto:0
[  417555ms] [ERROR] Permissions policy violation: xr-spatial-tracking is not allowed in this document. @ https://challenges.cloudflare.com/cdn-cgi/challenge-platform/h/b/turnstile/f/ov2/av0/rch/dl0cv/0x4AAAAAACBCPynhS9avamzf/light/fbE/auto_timeout/normal?lang=auto:0
[  417555ms] [ERROR] Permissions policy violation: xr-spatial-tracking is not allowed in this document. @ https://challenges.cloudflare.com/cdn-cgi/challenge-platform/h/b/turnstile/f/ov2/av0/rch/dl0cv/0x4AAAAAACBCPynhS9avamzf/light/fbE/auto_timeout/normal?lang=auto:0
[  417565ms] [WARNING] Canvas2D: Multiple readback operations using getImageData are faster with the willReadFrequently attribute set to true. See: https://html.spec.whatwg.org/multipage/canvas.html#concept-canvas-will-read-frequently @ https://challenges.cloudflare.com/cdn-cgi/challenge-platform/h/b/turnstile/f/ov2/av0/rch/dl0cv/0x4AAAAAACBCPynhS9avamzf/light/fbE/auto_timeout/normal?lang=auto:0
[  417636ms] [WARNING] WebGL: INVALID_ENUM: renderbufferStorage: EXT_color_buffer_float/EXT_color_buffer_half_float not enabled @ https://challenges.cloudflare.com/cdn-cgi/challenge-platform/h/b/turnstile/f/ov2/av0/rch/dl0cv/0x4AAAAAACBCPynhS9avamzf/light/fbE/auto_timeout/normal?lang=auto:0
[  417636ms] [WARNING] WebGL: INVALID_ENUM: renderbufferStorage: EXT_color_buffer_float/EXT_color_buffer_half_float not enabled @ https://challenges.cloudflare.com/cdn-cgi/challenge-platform/h/b/turnstile/f/ov2/av0/rch/dl0cv/0x4AAAAAACBCPynhS9avamzf/light/fbE/auto_timeout/normal?lang=auto:0
[  417637ms] [WARNING] WebGL: INVALID_ENUM: renderbufferStorage: EXT_color_buffer_float/EXT_color_buffer_half_float not enabled @ https://challenges.cloudflare.com/cdn-cgi/challenge-platform/h/b/turnstile/f/ov2/av0/rch/dl0cv/0x4AAAAAACBCPynhS9avamzf/light/fbE/auto_timeout/normal?lang=auto:0
[  417637ms] [WARNING] WebGL: INVALID_ENUM: renderbufferStorage: EXT_color_buffer_float not enabled @ https://challenges.cloudflare.com/cdn-cgi/challenge-platform/h/b/turnstile/f/ov2/av0/rch/dl0cv/0x4AAAAAACBCPynhS9avamzf/light/fbE/auto_timeout/normal?lang=auto:0
[  417637ms] [WARNING] WebGL: INVALID_ENUM: renderbufferStorage: EXT_color_buffer_float not enabled @ https://challenges.cloudflare.com/cdn-cgi/challenge-platform/h/b/turnstile/f/ov2/av0/rch/dl0cv/0x4AAAAAACBCPynhS9avamzf/light/fbE/auto_timeout/normal?lang=auto:0
[  417638ms] [WARNING] WebGL: INVALID_ENUM: renderbufferStorage: EXT_color_buffer_float not enabled @ https://challenges.cloudflare.com/cdn-cgi/challenge-platform/h/b/turnstile/f/ov2/av0/rch/dl0cv/0x4AAAAAACBCPynhS9avamzf/light/fbE/auto_timeout/normal?lang=auto:0
[  417638ms] [WARNING] WebGL: INVALID_ENUM: renderbufferStorage: EXT_color_buffer_float not enabled @ https://challenges.cloudflare.com/cdn-cgi/challenge-platform/h/b/turnstile/f/ov2/av0/rch/dl0cv/0x4AAAAAACBCPynhS9avamzf/light/fbE/auto_timeout/normal?lang=auto:0
[  417894ms] [ERROR] %c%d font-size:0;color:transparent NaN @ https://challenges.cloudflare.com/cdn-cgi/challenge-platform/h/b/turnstile/f/ov2/av0/rch/dl0cv/0x4AAAAAACBCPynhS9avamzf/light/fbE/auto_timeout/normal?lang=auto:0
[  417894ms] [ERROR] %c%d font-size:0;color:transparent NaN @ https://challenges.cloudflare.com/cdn-cgi/challenge-platform/h/b/turnstile/f/ov2/av0/rch/dl0cv/0x4AAAAAACBCPynhS9avamzf/light/fbE/auto_timeout/normal?lang=auto:0
[  417895ms] [WARNING] %c%d font-size:0;color:transparent NaN @ https://challenges.cloudflare.com/cdn-cgi/challenge-platform/h/b/turnstile/f/ov2/av0/rch/dl0cv/0x4AAAAAACBCPynhS9avamzf/light/fbE/auto_timeout/normal?lang=auto:0
[  417895ms] [WARNING] %c%d font-size:0;color:transparent NaN @ https://challenges.cloudflare.com/cdn-cgi/challenge-platform/h/b/turnstile/f/ov2/av0/rch/dl0cv/0x4AAAAAACBCPynhS9avamzf/light/fbE/auto_timeout/normal?lang=auto:0
[  418006ms] [ERROR] Failed to load resource: the server responded with a status of 401 () @ https://challenges.cloudflare.com/cdn-cgi/challenge-platform/h/b/pat/9de1c842bf497aef/1773811165043/8cab1364bc3f4732d8f0bf758a3456ee4762f2a6e3d87b84950791c1eabc31ae/KwTEJj5p7KuCbdt:0
[  421504ms] [WARNING] The resource https://challenges.cloudflare.com/cdn-cgi/challenge-platform/h/b/cmg/1 was preloaded using link preload but not used within a few seconds from the window's load event. Please make sure it has an appropriate `as` value and it is preloaded intentionally. @ https://challenges.cloudflare.com/cdn-cgi/challenge-platform/h/b/turnstile/f/ov2/av0/rch/dl0cv/0x4AAAAAACBCPynhS9avamzf/light/fbE/auto_timeout/normal?lang=auto:0
[  709315ms] [ERROR]  Note that 'script-src' was not explicitly set, so 'default-src' is used as a fallback. @ https://challenges.cloudflare.com/cdn-cgi/challenge-platform/h/b/turnstile/f/ov2/av0/rch/dl0cv/0x4AAAAAACBCPynhS9avamzf/light/fbE/auto_expire/normal?lang=auto:0
[  709501ms] [ERROR] %c%d font-size:0;color:transparent NaN @ https://challenges.cloudflare.com/cdn-cgi/challenge-platform/h/b/turnstile/f/ov2/av0/rch/dl0cv/0x4AAAAAACBCPynhS9avamzf/light/fbE/auto_expire/normal?lang=auto:0
[  709501ms] [ERROR] %c%d font-size:0;color:transparent NaN @ https://challenges.cloudflare.com/cdn-cgi/challenge-platform/h/b/turnstile/f/ov2/av0/rch/dl0cv/0x4AAAAAACBCPynhS9avamzf/light/fbE/auto_expire/normal?lang=auto:0
[  709503ms] [WARNING] %c%d font-size:0;color:transparent NaN @ https://challenges.cloudflare.com/cdn-cgi/challenge-platform/h/b/turnstile/f/ov2/av0/rch/dl0cv/0x4AAAAAACBCPynhS9avamzf/light/fbE/auto_expire/normal?lang=auto:0
[  709503ms] [WARNING] %c%d font-size:0;color:transparent NaN @ https://challenges.cloudflare.com/cdn-cgi/challenge-platform/h/b/turnstile/f/ov2/av0/rch/dl0cv/0x4AAAAAACBCPynhS9avamzf/light/fbE/auto_expire/normal?lang=auto:0
[  709906ms] [ERROR] Permissions policy violation: xr-spatial-tracking is not allowed in this document. @ https://challenges.cloudflare.com/cdn-cgi/challenge-platform/h/b/turnstile/f/ov2/av0/rch/dl0cv/0x4AAAAAACBCPynhS9avamzf/light/fbE/auto_expire/normal?lang=auto:0
[  709906ms] [ERROR] Permissions policy violation: xr-spatial-tracking is not allowed in this document. @ https://challenges.cloudflare.com/cdn-cgi/challenge-platform/h/b/turnstile/f/ov2/av0/rch/dl0cv/0x4AAAAAACBCPynhS9avamzf/light/fbE/auto_expire/normal?lang=auto:0
[  709918ms] [WARNING] Canvas2D: Multiple readback operations using getImageData are faster with the willReadFrequently attribute set to true. See: https://html.spec.whatwg.org/multipage/canvas.html#concept-canvas-will-read-frequently @ https://challenges.cloudflare.com/cdn-cgi/challenge-platform/h/b/turnstile/f/ov2/av0/rch/dl0cv/0x4AAAAAACBCPynhS9avamzf/light/fbE/auto_expire/normal?lang=auto:0
[  710000ms] [WARNING] WebGL: INVALID_ENUM: renderbufferStorage: EXT_color_buffer_float/EXT_color_buffer_half_float not enabled @ https://challenges.cloudflare.com/cdn-cgi/challenge-platform/h/b/turnstile/f/ov2/av0/rch/dl0cv/0x4AAAAAACBCPynhS9avamzf/light/fbE/auto_expire/normal?lang=auto:0
[  710001ms] [WARNING] WebGL: INVALID_ENUM: renderbufferStorage: EXT_color_buffer_float/EXT_color_buffer_half_float not enabled @ https://challenges.cloudflare.com/cdn-cgi/challenge-platform/h/b/turnstile/f/ov2/av0/rch/dl0cv/0x4AAAAAACBCPynhS9avamzf/light/fbE/auto_expire/normal?lang=auto:0
[  710001ms] [WARNING] WebGL: INVALID_ENUM: renderbufferStorage: EXT_color_buffer_float/EXT_color_buffer_half_float not enabled @ https://challenges.cloudflare.com/cdn-cgi/challenge-platform/h/b/turnstile/f/ov2/av0/rch/dl0cv/0x4AAAAAACBCPynhS9avamzf/light/fbE/auto_expire/normal?lang=auto:0
[  710001ms] [WARNING] WebGL: INVALID_ENUM: renderbufferStorage: EXT_color_buffer_float not enabled @ https://challenges.cloudflare.com/cdn-cgi/challenge-platform/h/b/turnstile/f/ov2/av0/rch/dl0cv/0x4AAAAAACBCPynhS9avamzf/light/fbE/auto_expire/normal?lang=auto:0
[  710002ms] [WARNING] WebGL: INVALID_ENUM: renderbufferStorage: EXT_color_buffer_float not enabled @ https://challenges.cloudflare.com/cdn-cgi/challenge-platform/h/b/turnstile/f/ov2/av0/rch/dl0cv/0x4AAAAAACBCPynhS9avamzf/light/fbE/auto_expire/normal?lang=auto:0
[  710002ms] [WARNING] WebGL: INVALID_ENUM: renderbufferStorage: EXT_color_buffer_float not enabled @ https://challenges.cloudflare.com/cdn-cgi/challenge-platform/h/b/turnstile/f/ov2/av0/rch/dl0cv/0x4AAAAAACBCPynhS9avamzf/light/fbE/auto_expire/normal?lang=auto:0
[  710003ms] [WARNING] WebGL: INVALID_ENUM: renderbufferStorage: EXT_color_buffer_float not enabled @ https://challenges.cloudflare.com/cdn-cgi/challenge-platform/h/b/turnstile/f/ov2/av0/rch/dl0cv/0x4AAAAAACBCPynhS9avamzf/light/fbE/auto_expire/normal?lang=auto:0
[  710226ms] [ERROR] Failed to load resource: the server responded with a status of 401 () @ https://challenges.cloudflare.com/cdn-cgi/challenge-platform/h/b/pat/9de1cf64ed026add/1773811457178/52486190636b91b640287dc3a685add52606b0aa0892adf4d230e0a15166555a/P5xE26x0NsxCYHj:0
[  713749ms] [WARNING] The resource https://challenges.cloudflare.com/cdn-cgi/challenge-platform/h/b/cmg/1 was preloaded using link preload but not used within a few seconds from the window's load event. Please make sure it has an appropriate `as` value and it is preloaded intentionally. @ https://challenges.cloudflare.com/cdn-cgi/challenge-platform/h/b/turnstile/f/ov2/av0/rch/dl0cv/0x4AAAAAACBCPynhS9avamzf/light/fbE/auto_expire/normal?lang=auto:0
[ 1001729ms] [ERROR]  Note that 'script-src' was not explicitly set, so 'default-src' is used as a fallback. @ https://challenges.cloudflare.com/cdn-cgi/challenge-platform/h/b/turnstile/f/ov2/av0/rch/dl0cv/0x4AAAAAACBCPynhS9avamzf/light/fbE/auto_expire/normal?lang=auto:0
[ 1001937ms] [ERROR] %c%d font-size:0;color:transparent NaN @ https://challenges.cloudflare.com/cdn-cgi/challenge-platform/h/b/turnstile/f/ov2/av0/rch/dl0cv/0x4AAAAAACBCPynhS9avamzf/light/fbE/auto_expire/normal?lang=auto:0
[ 1001937ms] [ERROR] %c%d font-size:0;color:transparent NaN @ https://challenges.cloudflare.com/cdn-cgi/challenge-platform/h/b/turnstile/f/ov2/av0/rch/dl0cv/0x4AAAAAACBCPynhS9avamzf/light/fbE/auto_expire/normal?lang=auto:0
[ 1001940ms] [WARNING] %c%d font-size:0;color:transparent NaN @ https://challenges.cloudflare.com/cdn-cgi/challenge-platform/h/b/turnstile/f/ov2/av0/rch/dl0cv/0x4AAAAAACBCPynhS9avamzf/light/fbE/auto_expire/normal?lang=auto:0
[ 1001940ms] [WARNING] %c%d font-size:0;color:transparent NaN @ https://challenges.cloudflare.com/cdn-cgi/challenge-platform/h/b/turnstile/f/ov2/av0/rch/dl0cv/0x4AAAAAACBCPynhS9avamzf/light/fbE/auto_expire/normal?lang=auto:0
[ 1002374ms] [ERROR] Permissions policy violation: xr-spatial-tracking is not allowed in this document. @ https://challenges.cloudflare.com/cdn-cgi/challenge-platform/h/b/turnstile/f/ov2/av0/rch/dl0cv/0x4AAAAAACBCPynhS9avamzf/light/fbE/auto_expire/normal?lang=auto:0
[ 1002375ms] [ERROR] Permissions policy violation: xr-spatial-tracking is not allowed in this document. @ https://challenges.cloudflare.com/cdn-cgi/challenge-platform/h/b/turnstile/f/ov2/av0/rch/dl0cv/0x4AAAAAACBCPynhS9avamzf/light/fbE/auto_expire/normal?lang=auto:0
[ 1002388ms] [WARNING] Canvas2D: Multiple readback operations using getImageData are faster with the willReadFrequently attribute set to true. See: https://html.spec.whatwg.org/multipage/canvas.html#concept-canvas-will-read-frequently @ https://challenges.cloudflare.com/cdn-cgi/challenge-platform/h/b/turnstile/f/ov2/av0/rch/dl0cv/0x4AAAAAACBCPynhS9avamzf/light/fbE/auto_expire/normal?lang=auto:0
[ 1002461ms] [WARNING] WebGL: INVALID_ENUM: renderbufferStorage: EXT_color_buffer_float/EXT_color_buffer_half_float not enabled @ https://challenges.cloudflare.com/cdn-cgi/challenge-platform/h/b/turnstile/f/ov2/av0/rch/dl0cv/0x4AAAAAACBCPynhS9avamzf/light/fbE/auto_expire/normal?lang=auto:0
[ 1002461ms] [WARNING] WebGL: INVALID_ENUM: renderbufferStorage: EXT_color_buffer_float/EXT_color_buffer_half_float not enabled @ https://challenges.cloudflare.com/cdn-cgi/challenge-platform/h/b/turnstile/f/ov2/av0/rch/dl0cv/0x4AAAAAACBCPynhS9avamzf/light/fbE/auto_expire/normal?lang=auto:0
[ 1002462ms] [WARNING] WebGL: INVALID_ENUM: renderbufferStorage: EXT_color_buffer_float/EXT_color_buffer_half_float not enabled @ https://challenges.cloudflare.com/cdn-cgi/challenge-platform/h/b/turnstile/f/ov2/av0/rch/dl0cv/0x4AAAAAACBCPynhS9avamzf/light/fbE/auto_expire/normal?lang=auto:0
[ 1002462ms] [WARNING] WebGL: INVALID_ENUM: renderbufferStorage: EXT_color_buffer_float not enabled @ https://challenges.cloudflare.com/cdn-cgi/challenge-platform/h/b/turnstile/f/ov2/av0/rch/dl0cv/0x4AAAAAACBCPynhS9avamzf/light/fbE/auto_expire/normal?lang=auto:0
[ 1002462ms] [WARNING] WebGL: INVALID_ENUM: renderbufferStorage: EXT_color_buffer_float not enabled @ https://challenges.cloudflare.com/cdn-cgi/challenge-platform/h/b/turnstile/f/ov2/av0/rch/dl0cv/0x4AAAAAACBCPynhS9avamzf/light/fbE/auto_expire/normal?lang=auto:0
[ 1002463ms] [WARNING] WebGL: INVALID_ENUM: renderbufferStorage: EXT_color_buffer_float not enabled @ https://challenges.cloudflare.com/cdn-cgi/challenge-platform/h/b/turnstile/f/ov2/av0/rch/dl0cv/0x4AAAAAACBCPynhS9avamzf/light/fbE/auto_expire/normal?lang=auto:0
[ 1002463ms] [WARNING] WebGL: INVALID_ENUM: renderbufferStorage: EXT_color_buffer_float not enabled @ https://challenges.cloudflare.com/cdn-cgi/challenge-platform/h/b/turnstile/f/ov2/av0/rch/dl0cv/0x4AAAAAACBCPynhS9avamzf/light/fbE/auto_expire/normal?lang=auto:0
[ 1002675ms] [ERROR] Failed to load resource: the server responded with a status of 401 () @ https://challenges.cloudflare.com/cdn-cgi/challenge-platform/h/b/pat/9de1d6879aa29b69/1773811749489/f74b1d2f22d38b987d4fc28d697c03c3627ad98dd85d21758360937fba2911ed/WVAKBRYC6sb7oGJ:0
[ 1006214ms] [WARNING] The resource https://challenges.cloudflare.com/cdn-cgi/challenge-platform/h/b/cmg/1 was preloaded using link preload but not used within a few seconds from the window's load event. Please make sure it has an appropriate `as` value and it is preloaded intentionally. @ https://challenges.cloudflare.com/cdn-cgi/challenge-platform/h/b/turnstile/f/ov2/av0/rch/dl0cv/0x4AAAAAACBCPynhS9avamzf/light/fbE/auto_expire/normal?lang=auto:0
