[     412ms] [WARNING] [PostHog] PostHog not yet initialized. Make sure PostHogProvider is mounted. @ https://tegnogfarge.no/_next/static/chunks/6011-d57fb0feb638a1eb.js:0
[    1086ms] [WARNING] Failed to parse audio contentType: audio/mp4; codecs=ac-3 @ https://challenges.cloudflare.com/cdn-cgi/challenge-platform/h/b/turnstile/f/ov2/av0/rch/2v9jc/0x4AAAAAACBCPynhS9avamzf/light/fbE/new/normal?lang=auto:0
[    1087ms] [WARNING] Failed to parse audio contentType: audio/mp4; codecs=ec-3 @ https://challenges.cloudflare.com/cdn-cgi/challenge-platform/h/b/turnstile/f/ov2/av0/rch/2v9jc/0x4AAAAAACBCPynhS9avamzf/light/fbE/new/normal?lang=auto:0
[    1088ms] [WARNING] Invalid (ambiguous) video codec string: video/webm; codecs=vp9 @ https://challenges.cloudflare.com/cdn-cgi/challenge-platform/h/b/turnstile/f/ov2/av0/rch/2v9jc/0x4AAAAAACBCPynhS9avamzf/light/fbE/new/normal?lang=auto:0
[    1089ms] [WARNING] Failed to parse video contentType: video/ogg; codecs=theora @ https://challenges.cloudflare.com/cdn-cgi/challenge-platform/h/b/turnstile/f/ov2/av0/rch/2v9jc/0x4AAAAAACBCPynhS9avamzf/light/fbE/new/normal?lang=auto:0
[    1519ms] [ERROR] Permissions policy violation: xr-spatial-tracking is not allowed in this document. @ https://challenges.cloudflare.com/cdn-cgi/challenge-platform/h/b/turnstile/f/ov2/av0/rch/2v9jc/0x4AAAAAACBCPynhS9avamzf/light/fbE/new/normal?lang=auto:0
[    1519ms] [ERROR] Permissions policy violation: xr-spatial-tracking is not allowed in this document. @ https://challenges.cloudflare.com/cdn-cgi/challenge-platform/h/b/turnstile/f/ov2/av0/rch/2v9jc/0x4AAAAAACBCPynhS9avamzf/light/fbE/new/normal?lang=auto:0
[    1529ms] [WARNING] Canvas2D: Multiple readback operations using getImageData are faster with the willReadFrequently attribute set to true. See: https://html.spec.whatwg.org/multipage/canvas.html#concept-canvas-will-read-frequently @ https://challenges.cloudflare.com/cdn-cgi/challenge-platform/h/b/turnstile/f/ov2/av0/rch/2v9jc/0x4AAAAAACBCPynhS9avamzf/light/fbE/new/normal?lang=auto:0
[    1592ms] [WARNING] WebGL: INVALID_ENUM: renderbufferStorage: EXT_color_buffer_float/EXT_color_buffer_half_float not enabled @ https://challenges.cloudflare.com/cdn-cgi/challenge-platform/h/b/turnstile/f/ov2/av0/rch/2v9jc/0x4AAAAAACBCPynhS9avamzf/light/fbE/new/normal?lang=auto:0
[    1592ms] [WARNING] WebGL: INVALID_ENUM: renderbufferStorage: EXT_color_buffer_float/EXT_color_buffer_half_float not enabled @ https://challenges.cloudflare.com/cdn-cgi/challenge-platform/h/b/turnstile/f/ov2/av0/rch/2v9jc/0x4AAAAAACBCPynhS9avamzf/light/fbE/new/normal?lang=auto:0
[    1592ms] [WARNING] WebGL: INVALID_ENUM: renderbufferStorage: EXT_color_buffer_float/EXT_color_buffer_half_float not enabled @ https://challenges.cloudflare.com/cdn-cgi/challenge-platform/h/b/turnstile/f/ov2/av0/rch/2v9jc/0x4AAAAAACBCPynhS9avamzf/light/fbE/new/normal?lang=auto:0
[    1592ms] [WARNING] WebGL: INVALID_ENUM: renderbufferStorage: EXT_color_buffer_float not enabled @ https://challenges.cloudflare.com/cdn-cgi/challenge-platform/h/b/turnstile/f/ov2/av0/rch/2v9jc/0x4AAAAAACBCPynhS9avamzf/light/fbE/new/normal?lang=auto:0
[    1593ms] [WARNING] WebGL: INVALID_ENUM: renderbufferStorage: EXT_color_buffer_float not enabled @ https://challenges.cloudflare.com/cdn-cgi/challenge-platform/h/b/turnstile/f/ov2/av0/rch/2v9jc/0x4AAAAAACBCPynhS9avamzf/light/fbE/new/normal?lang=auto:0
[    1593ms] [WARNING] WebGL: INVALID_ENUM: renderbufferStorage: EXT_color_buffer_float not enabled @ https://challenges.cloudflare.com/cdn-cgi/challenge-platform/h/b/turnstile/f/ov2/av0/rch/2v9jc/0x4AAAAAACBCPynhS9avamzf/light/fbE/new/normal?lang=auto:0
[    1593ms] [WARNING] WebGL: INVALID_ENUM: renderbufferStorage: EXT_color_buffer_float not enabled @ https://challenges.cloudflare.com/cdn-cgi/challenge-platform/h/b/turnstile/f/ov2/av0/rch/2v9jc/0x4AAAAAACBCPynhS9avamzf/light/fbE/new/normal?lang=auto:0
[    1875ms] [ERROR] Failed to load resource: the server responded with a status of 401 () @ https://challenges.cloudflare.com/cdn-cgi/challenge-platform/h/b/pat/9de1f3a8b90bbb80/1773812942470/5b1f98e13a452aea3a91f339a2e755b19933f87da0c9bbf0374a4bb376177ce6/Y3r3bTQqY2TyjI2:0
[    1894ms] [ERROR]  Note that 'script-src' was not explicitly set, so 'default-src' is used as a fallback. @ https://challenges.cloudflare.com/cdn-cgi/challenge-platform/h/b/turnstile/f/ov2/av0/rch/2v9jc/0x4AAAAAACBCPynhS9avamzf/light/fbE/new/normal?lang=auto:0
[    2106ms] [ERROR] %c%d font-size:0;color:transparent NaN @ https://challenges.cloudflare.com/cdn-cgi/challenge-platform/h/b/turnstile/f/ov2/av0/rch/2v9jc/0x4AAAAAACBCPynhS9avamzf/light/fbE/new/normal?lang=auto:0
[    2106ms] [ERROR] %c%d font-size:0;color:transparent NaN @ https://challenges.cloudflare.com/cdn-cgi/challenge-platform/h/b/turnstile/f/ov2/av0/rch/2v9jc/0x4AAAAAACBCPynhS9avamzf/light/fbE/new/normal?lang=auto:0
[    2108ms] [WARNING] %c%d font-size:0;color:transparent NaN @ https://challenges.cloudflare.com/cdn-cgi/challenge-platform/h/b/turnstile/f/ov2/av0/rch/2v9jc/0x4AAAAAACBCPynhS9avamzf/light/fbE/new/normal?lang=auto:0
[    2108ms] [WARNING] %c%d font-size:0;color:transparent NaN @ https://challenges.cloudflare.com/cdn-cgi/challenge-platform/h/b/turnstile/f/ov2/av0/rch/2v9jc/0x4AAAAAACBCPynhS9avamzf/light/fbE/new/normal?lang=auto:0
[    5847ms] [WARNING] The resource https://challenges.cloudflare.com/cdn-cgi/challenge-platform/h/b/cmg/1 was preloaded using link preload but not used within a few seconds from the window's load event. Please make sure it has an appropriate `as` value and it is preloaded intentionally. @ https://challenges.cloudflare.com/cdn-cgi/challenge-platform/h/b/turnstile/f/ov2/av0/rch/2v9jc/0x4AAAAAACBCPynhS9avamzf/light/fbE/new/normal?lang=auto:0
[  293688ms] [ERROR]  Note that 'script-src' was not explicitly set, so 'default-src' is used as a fallback. @ https://challenges.cloudflare.com/cdn-cgi/challenge-platform/h/b/turnstile/f/ov2/av0/rch/2v9jc/0x4AAAAAACBCPynhS9avamzf/light/fbE/auto_expire/normal?lang=auto:0
[  293813ms] [ERROR] %c%d font-size:0;color:transparent NaN @ https://challenges.cloudflare.com/cdn-cgi/challenge-platform/h/b/turnstile/f/ov2/av0/rch/2v9jc/0x4AAAAAACBCPynhS9avamzf/light/fbE/auto_expire/normal?lang=auto:0
[  293813ms] [ERROR] %c%d font-size:0;color:transparent NaN @ https://challenges.cloudflare.com/cdn-cgi/challenge-platform/h/b/turnstile/f/ov2/av0/rch/2v9jc/0x4AAAAAACBCPynhS9avamzf/light/fbE/auto_expire/normal?lang=auto:0
[  293815ms] [WARNING] %c%d font-size:0;color:transparent NaN @ https://challenges.cloudflare.com/cdn-cgi/challenge-platform/h/b/turnstile/f/ov2/av0/rch/2v9jc/0x4AAAAAACBCPynhS9avamzf/light/fbE/auto_expire/normal?lang=auto:0
[  293815ms] [WARNING] %c%d font-size:0;color:transparent NaN @ https://challenges.cloudflare.com/cdn-cgi/challenge-platform/h/b/turnstile/f/ov2/av0/rch/2v9jc/0x4AAAAAACBCPynhS9avamzf/light/fbE/auto_expire/normal?lang=auto:0
[  294141ms] [ERROR] Permissions policy violation: xr-spatial-tracking is not allowed in this document. @ https://challenges.cloudflare.com/cdn-cgi/challenge-platform/h/b/turnstile/f/ov2/av0/rch/2v9jc/0x4AAAAAACBCPynhS9avamzf/light/fbE/auto_expire/normal?lang=auto:0
[  294142ms] [ERROR] Permissions policy violation: xr-spatial-tracking is not allowed in this document. @ https://challenges.cloudflare.com/cdn-cgi/challenge-platform/h/b/turnstile/f/ov2/av0/rch/2v9jc/0x4AAAAAACBCPynhS9avamzf/light/fbE/auto_expire/normal?lang=auto:0
[  294150ms] [WARNING] Canvas2D: Multiple readback operations using getImageData are faster with the willReadFrequently attribute set to true. See: https://html.spec.whatwg.org/multipage/canvas.html#concept-canvas-will-read-frequently @ https://challenges.cloudflare.com/cdn-cgi/challenge-platform/h/b/turnstile/f/ov2/av0/rch/2v9jc/0x4AAAAAACBCPynhS9avamzf/light/fbE/auto_expire/normal?lang=auto:0
[  294212ms] [WARNING] WebGL: INVALID_ENUM: renderbufferStorage: EXT_color_buffer_float/EXT_color_buffer_half_float not enabled @ https://challenges.cloudflare.com/cdn-cgi/challenge-platform/h/b/turnstile/f/ov2/av0/rch/2v9jc/0x4AAAAAACBCPynhS9avamzf/light/fbE/auto_expire/normal?lang=auto:0
[  294212ms] [WARNING] WebGL: INVALID_ENUM: renderbufferStorage: EXT_color_buffer_float/EXT_color_buffer_half_float not enabled @ https://challenges.cloudflare.com/cdn-cgi/challenge-platform/h/b/turnstile/f/ov2/av0/rch/2v9jc/0x4AAAAAACBCPynhS9avamzf/light/fbE/auto_expire/normal?lang=auto:0
[  294212ms] [WARNING] WebGL: INVALID_ENUM: renderbufferStorage: EXT_color_buffer_float/EXT_color_buffer_half_float not enabled @ https://challenges.cloudflare.com/cdn-cgi/challenge-platform/h/b/turnstile/f/ov2/av0/rch/2v9jc/0x4AAAAAACBCPynhS9avamzf/light/fbE/auto_expire/normal?lang=auto:0
[  294212ms] [WARNING] WebGL: INVALID_ENUM: renderbufferStorage: EXT_color_buffer_float not enabled @ https://challenges.cloudflare.com/cdn-cgi/challenge-platform/h/b/turnstile/f/ov2/av0/rch/2v9jc/0x4AAAAAACBCPynhS9avamzf/light/fbE/auto_expire/normal?lang=auto:0
[  294212ms] [WARNING] WebGL: INVALID_ENUM: renderbufferStorage: EXT_color_buffer_float not enabled @ https://challenges.cloudflare.com/cdn-cgi/challenge-platform/h/b/turnstile/f/ov2/av0/rch/2v9jc/0x4AAAAAACBCPynhS9avamzf/light/fbE/auto_expire/normal?lang=auto:0
[  294213ms] [WARNING] WebGL: INVALID_ENUM: renderbufferStorage: EXT_color_buffer_float not enabled @ https://challenges.cloudflare.com/cdn-cgi/challenge-platform/h/b/turnstile/f/ov2/av0/rch/2v9jc/0x4AAAAAACBCPynhS9avamzf/light/fbE/auto_expire/normal?lang=auto:0
[  294213ms] [WARNING] WebGL: INVALID_ENUM: renderbufferStorage: EXT_color_buffer_float not enabled @ https://challenges.cloudflare.com/cdn-cgi/challenge-platform/h/b/turnstile/f/ov2/av0/rch/2v9jc/0x4AAAAAACBCPynhS9avamzf/light/fbE/auto_expire/normal?lang=auto:0
[  294490ms] [WARNING] Failed to parse audio contentType: audio/mp4; codecs=ac-3 @ https://challenges.cloudflare.com/cdn-cgi/challenge-platform/h/b/turnstile/f/ov2/av0/rch/2v9jc/0x4AAAAAACBCPynhS9avamzf/light/fbE/auto_expire/normal?lang=auto:0
[  294490ms] [WARNING] Failed to parse audio contentType: audio/mp4; codecs=ec-3 @ https://challenges.cloudflare.com/cdn-cgi/challenge-platform/h/b/turnstile/f/ov2/av0/rch/2v9jc/0x4AAAAAACBCPynhS9avamzf/light/fbE/auto_expire/normal?lang=auto:0
[  294491ms] [WARNING] Invalid (ambiguous) video codec string: video/webm; codecs=vp9 @ https://challenges.cloudflare.com/cdn-cgi/challenge-platform/h/b/turnstile/f/ov2/av0/rch/2v9jc/0x4AAAAAACBCPynhS9avamzf/light/fbE/auto_expire/normal?lang=auto:0
[  294491ms] [WARNING] Failed to parse video contentType: video/ogg; codecs=theora @ https://challenges.cloudflare.com/cdn-cgi/challenge-platform/h/b/turnstile/f/ov2/av0/rch/2v9jc/0x4AAAAAACBCPynhS9avamzf/light/fbE/auto_expire/normal?lang=auto:0
[  294718ms] [ERROR] Failed to load resource: the server responded with a status of 401 () @ https://challenges.cloudflare.com/cdn-cgi/challenge-platform/h/b/pat/9de1facc9a495c8d/1773813235021/235a0ab2f72cf25994b44173952d1661c9a744eff38ff6887c9f886553edb18c/MCC79EsD4jDtpox:0
[  299372ms] [WARNING] The resource https://challenges.cloudflare.com/cdn-cgi/challenge-platform/h/b/cmg/1 was preloaded using link preload but not used within a few seconds from the window's load event. Please make sure it has an appropriate `as` value and it is preloaded intentionally. @ https://challenges.cloudflare.com/cdn-cgi/challenge-platform/h/b/turnstile/f/ov2/av0/rch/2v9jc/0x4AAAAAACBCPynhS9avamzf/light/fbE/auto_expire/normal?lang=auto:0
