[   33123ms] [WARNING] [GPT] This ad request is subject to Google's EU User Consent Policy. An IAB TCF signal was not received. This ad request will not be eligible for personalized ads.
https://goo.gle/gpt-message#175 @ https://securepubads.g.doubleclick.net/pagead/managed/js/gpt/m202603120101/pubads_impl.js?cb=31097228:18
[   33123ms] [WARNING] [GPT] This ad request is subject to Google's EU User Consent Policy. An IAB TCF signal was not received. This ad request will not be eligible for personalized ads.
https://goo.gle/gpt-message#175 @ https://securepubads.g.doubleclick.net/pagead/managed/js/gpt/m202603120101/pubads_impl.js?cb=31097228:18
[   33123ms] [WARNING] [GPT] This ad request is subject to Google's EU User Consent Policy. An IAB TCF signal was not received. This ad request will not be eligible for personalized ads.
https://goo.gle/gpt-message#175 @ https://securepubads.g.doubleclick.net/pagead/managed/js/gpt/m202603120101/pubads_impl.js?cb=31097228:18
[   71966ms] [WARNING] [GPT] This ad request is subject to Google's EU User Consent Policy. An IAB TCF signal was not received. This ad request will not be eligible for personalized ads.
https://goo.gle/gpt-message#175 @ https://securepubads.g.doubleclick.net/pagead/managed/js/gpt/m202603120101/pubads_impl.js?cb=31097228:18
[   71966ms] [WARNING] [GPT] This ad request is subject to Google's EU User Consent Policy. An IAB TCF signal was not received. This ad request will not be eligible for personalized ads.
https://goo.gle/gpt-message#175 @ https://securepubads.g.doubleclick.net/pagead/managed/js/gpt/m202603120101/pubads_impl.js?cb=31097228:18
[  105242ms] [WARNING] [GPT] This ad request is subject to Google's EU User Consent Policy. An IAB TCF signal was not received. This ad request will not be eligible for personalized ads.
https://goo.gle/gpt-message#175 @ https://securepubads.g.doubleclick.net/pagead/managed/js/gpt/m202603120101/pubads_impl.js?cb=31097228:18
[  105242ms] [WARNING] [GPT] This ad request is subject to Google's EU User Consent Policy. An IAB TCF signal was not received. This ad request will not be eligible for personalized ads.
https://goo.gle/gpt-message#175 @ https://securepubads.g.doubleclick.net/pagead/managed/js/gpt/m202603120101/pubads_impl.js?cb=31097228:18
[  398719ms] [ERROR] EXCEPTION: Anonymous activity.
STACKTRACE: 

    at Object.A (https://ssl.gstatic.com/gfpfe/drx-fe-trafficking_auto_20260317-0115_RC000/dart-applications/trafficking/app.dart.js:941:20)
    at Object.hAh (https://ssl.gstatic.com/gfpfe/drx-fe-trafficking_auto_20260317-0115_RC000/dart-applications/trafficking/app.dart.js:10552:13)
    at cfl.a_J (https://ssl.gstatic.com/gfpfe/drx-fe-trafficking_auto_20260317-0115_RC000/dart-applications/trafficking/app.dart.js:108234:16)
    at cfl.bui (https://ssl.gstatic.com/gfpfe/drx-fe-trafficking_auto_20260317-0115_RC000/dart-applications/trafficking/app.dart.js:108430:19)
    at cfl.bR8 (https://ssl.gstatic.com/gfpfe/drx-fe-trafficking_auto_20260317-0115_RC000/dart-applications/trafficking/app.dart.js:108432:6)
    at dc6.$1 (https://ssl.gstatic.com/gfpfe/drx-fe-trafficking_auto_20260317-0115_RC000/dart-applications/trafficking/app.dart.js:108719:3)
    at Object.eSB (https://ssl.gstatic.com/gfpfe/drx-fe-trafficking_auto_20260317-0115_RC000/dart-applications/trafficking/app.dart.js:2732:9)
    at cZk.Mz (https://ssl.gstatic.com/gfpfe/drx-fe-trafficking_auto_20260317-0115_RC000/dart-applications/trafficking/app.dart.js:85418:10)
    at bA3.nT (https://ssl.gstatic.com/gfpfe/drx-fe-trafficking_auto_20260317-0115_RC000/dart-applications/trafficking/app.dart.js:84913:5)
    at bA3.l6 (https://ssl.gstatic.com/gfpfe/drx-fe-trafficking_auto_20260317-0115_RC000/dart-applications/trafficking/app.dart.js:84887:11)
 @ https://ssl.gstatic.com/gfpfe/drx-fe-trafficking_auto_20260317-0115_RC000/dart-applications/trafficking/app.dart.js:126430
[  558053ms] [ERROR] EXCEPTION: Anonymous activity.
STACKTRACE: 

    at Object.A (https://ssl.gstatic.com/gfpfe/drx-fe-trafficking_auto_20260317-0115_RC000/dart-applications/trafficking/app.dart.js:941:20)
    at Object.hAh (https://ssl.gstatic.com/gfpfe/drx-fe-trafficking_auto_20260317-0115_RC000/dart-applications/trafficking/app.dart.js:10552:13)
    at cfl.a_J (https://ssl.gstatic.com/gfpfe/drx-fe-trafficking_auto_20260317-0115_RC000/dart-applications/trafficking/app.dart.js:108234:16)
    at cfl.bui (https://ssl.gstatic.com/gfpfe/drx-fe-trafficking_auto_20260317-0115_RC000/dart-applications/trafficking/app.dart.js:108430:19)
    at cfl.bR8 (https://ssl.gstatic.com/gfpfe/drx-fe-trafficking_auto_20260317-0115_RC000/dart-applications/trafficking/app.dart.js:108432:6)
    at dc6.$1 (https://ssl.gstatic.com/gfpfe/drx-fe-trafficking_auto_20260317-0115_RC000/dart-applications/trafficking/app.dart.js:108719:3)
    at Object.eSB (https://ssl.gstatic.com/gfpfe/drx-fe-trafficking_auto_20260317-0115_RC000/dart-applications/trafficking/app.dart.js:2732:9)
    at cZk.Mz (https://ssl.gstatic.com/gfpfe/drx-fe-trafficking_auto_20260317-0115_RC000/dart-applications/trafficking/app.dart.js:85418:10)
    at bA3.nT (https://ssl.gstatic.com/gfpfe/drx-fe-trafficking_auto_20260317-0115_RC000/dart-applications/trafficking/app.dart.js:84913:5)
    at bA3.l6 (https://ssl.gstatic.com/gfpfe/drx-fe-trafficking_auto_20260317-0115_RC000/dart-applications/trafficking/app.dart.js:84887:11)
 @ https://ssl.gstatic.com/gfpfe/drx-fe-trafficking_auto_20260317-0115_RC000/dart-applications/trafficking/app.dart.js:126430
[  573346ms] [ERROR] EXCEPTION: Anonymous activity.
STACKTRACE: 

    at Object.A (https://ssl.gstatic.com/gfpfe/drx-fe-trafficking_auto_20260317-0115_RC000/dart-applications/trafficking/app.dart.js:941:20)
    at Object.hAh (https://ssl.gstatic.com/gfpfe/drx-fe-trafficking_auto_20260317-0115_RC000/dart-applications/trafficking/app.dart.js:10552:13)
    at cfl.a_J (https://ssl.gstatic.com/gfpfe/drx-fe-trafficking_auto_20260317-0115_RC000/dart-applications/trafficking/app.dart.js:108234:16)
    at cfl.bui (https://ssl.gstatic.com/gfpfe/drx-fe-trafficking_auto_20260317-0115_RC000/dart-applications/trafficking/app.dart.js:108430:19)
    at cfl.bR8 (https://ssl.gstatic.com/gfpfe/drx-fe-trafficking_auto_20260317-0115_RC000/dart-applications/trafficking/app.dart.js:108432:6)
    at dc6.$1 (https://ssl.gstatic.com/gfpfe/drx-fe-trafficking_auto_20260317-0115_RC000/dart-applications/trafficking/app.dart.js:108719:3)
    at Object.eSB (https://ssl.gstatic.com/gfpfe/drx-fe-trafficking_auto_20260317-0115_RC000/dart-applications/trafficking/app.dart.js:2732:9)
    at cZk.Mz (https://ssl.gstatic.com/gfpfe/drx-fe-trafficking_auto_20260317-0115_RC000/dart-applications/trafficking/app.dart.js:85418:10)
    at bA3.nT (https://ssl.gstatic.com/gfpfe/drx-fe-trafficking_auto_20260317-0115_RC000/dart-applications/trafficking/app.dart.js:84913:5)
    at bA3.l6 (https://ssl.gstatic.com/gfpfe/drx-fe-trafficking_auto_20260317-0115_RC000/dart-applications/trafficking/app.dart.js:84887:11)
 @ https://ssl.gstatic.com/gfpfe/drx-fe-trafficking_auto_20260317-0115_RC000/dart-applications/trafficking/app.dart.js:126430
[  607655ms] [ERROR] EXCEPTION: Anonymous activity.
STACKTRACE: 

    at Object.A (https://ssl.gstatic.com/gfpfe/drx-fe-trafficking_auto_20260317-0115_RC000/dart-applications/trafficking/app.dart.js:941:20)
    at Object.hAh (https://ssl.gstatic.com/gfpfe/drx-fe-trafficking_auto_20260317-0115_RC000/dart-applications/trafficking/app.dart.js:10552:13)
    at cfl.a_J (https://ssl.gstatic.com/gfpfe/drx-fe-trafficking_auto_20260317-0115_RC000/dart-applications/trafficking/app.dart.js:108234:16)
    at cfl.bui (https://ssl.gstatic.com/gfpfe/drx-fe-trafficking_auto_20260317-0115_RC000/dart-applications/trafficking/app.dart.js:108430:19)
    at cfl.bR8 (https://ssl.gstatic.com/gfpfe/drx-fe-trafficking_auto_20260317-0115_RC000/dart-applications/trafficking/app.dart.js:108432:6)
    at dc6.$1 (https://ssl.gstatic.com/gfpfe/drx-fe-trafficking_auto_20260317-0115_RC000/dart-applications/trafficking/app.dart.js:108719:3)
    at Object.eSB (https://ssl.gstatic.com/gfpfe/drx-fe-trafficking_auto_20260317-0115_RC000/dart-applications/trafficking/app.dart.js:2732:9)
    at cZk.Mz (https://ssl.gstatic.com/gfpfe/drx-fe-trafficking_auto_20260317-0115_RC000/dart-applications/trafficking/app.dart.js:85418:10)
    at bA3.nT (https://ssl.gstatic.com/gfpfe/drx-fe-trafficking_auto_20260317-0115_RC000/dart-applications/trafficking/app.dart.js:84913:5)
    at bA3.l6 (https://ssl.gstatic.com/gfpfe/drx-fe-trafficking_auto_20260317-0115_RC000/dart-applications/trafficking/app.dart.js:84887:11)
 @ https://ssl.gstatic.com/gfpfe/drx-fe-trafficking_auto_20260317-0115_RC000/dart-applications/trafficking/app.dart.js:126430
[  633448ms] [ERROR] EXCEPTION: Anonymous activity.
STACKTRACE: 

    at Object.A (https://ssl.gstatic.com/gfpfe/drx-fe-trafficking_auto_20260317-0115_RC000/dart-applications/trafficking/app.dart.js:941:20)
    at Object.hAh (https://ssl.gstatic.com/gfpfe/drx-fe-trafficking_auto_20260317-0115_RC000/dart-applications/trafficking/app.dart.js:10552:13)
    at cfl.a_J (https://ssl.gstatic.com/gfpfe/drx-fe-trafficking_auto_20260317-0115_RC000/dart-applications/trafficking/app.dart.js:108234:16)
    at cfl.bui (https://ssl.gstatic.com/gfpfe/drx-fe-trafficking_auto_20260317-0115_RC000/dart-applications/trafficking/app.dart.js:108430:19)
    at cfl.bR8 (https://ssl.gstatic.com/gfpfe/drx-fe-trafficking_auto_20260317-0115_RC000/dart-applications/trafficking/app.dart.js:108432:6)
    at dc6.$1 (https://ssl.gstatic.com/gfpfe/drx-fe-trafficking_auto_20260317-0115_RC000/dart-applications/trafficking/app.dart.js:108719:3)
    at Object.eSB (https://ssl.gstatic.com/gfpfe/drx-fe-trafficking_auto_20260317-0115_RC000/dart-applications/trafficking/app.dart.js:2732:9)
    at cZk.Mz (https://ssl.gstatic.com/gfpfe/drx-fe-trafficking_auto_20260317-0115_RC000/dart-applications/trafficking/app.dart.js:85418:10)
    at bA3.nT (https://ssl.gstatic.com/gfpfe/drx-fe-trafficking_auto_20260317-0115_RC000/dart-applications/trafficking/app.dart.js:84913:5)
    at bA3.l6 (https://ssl.gstatic.com/gfpfe/drx-fe-trafficking_auto_20260317-0115_RC000/dart-applications/trafficking/app.dart.js:84887:11)
 @ https://ssl.gstatic.com/gfpfe/drx-fe-trafficking_auto_20260317-0115_RC000/dart-applications/trafficking/app.dart.js:126430
[ 1007069ms] [WARNING] [GPT] This ad request is subject to Google's EU User Consent Policy. An IAB TCF signal was not received. This ad request will not be eligible for personalized ads.
https://goo.gle/gpt-message#175 @ https://securepubads.g.doubleclick.net/pagead/managed/js/gpt/m202603120101/pubads_impl.js?cb=31097228:18
[ 1007069ms] [WARNING] [GPT] This ad request is subject to Google's EU User Consent Policy. An IAB TCF signal was not received. This ad request will not be eligible for personalized ads.
https://goo.gle/gpt-message#175 @ https://securepubads.g.doubleclick.net/pagead/managed/js/gpt/m202603120101/pubads_impl.js?cb=31097228:18
