[     338ms] [WARNING] [PostHog] PostHog not yet initialized. Make sure PostHogProvider is mounted. @ https://tegnogfarge.no/_next/static/chunks/6011-d57fb0feb638a1eb.js:0
[    1511ms] [WARNING] Failed to parse audio contentType: audio/mp4; codecs=ac-3 @ https://challenges.cloudflare.com/cdn-cgi/challenge-platform/h/b/turnstile/f/ov2/av0/rch/g5ja6/0x4AAAAAACBCPynhS9avamzf/light/fbE/new/normal?lang=auto:0
[    1511ms] [WARNING] Failed to parse audio contentType: audio/mp4; codecs=ec-3 @ https://challenges.cloudflare.com/cdn-cgi/challenge-platform/h/b/turnstile/f/ov2/av0/rch/g5ja6/0x4AAAAAACBCPynhS9avamzf/light/fbE/new/normal?lang=auto:0
[    1512ms] [WARNING] Invalid (ambiguous) video codec string: video/webm; codecs=vp9 @ https://challenges.cloudflare.com/cdn-cgi/challenge-platform/h/b/turnstile/f/ov2/av0/rch/g5ja6/0x4AAAAAACBCPynhS9avamzf/light/fbE/new/normal?lang=auto:0
[    1512ms] [WARNING] Failed to parse video contentType: video/ogg; codecs=theora @ https://challenges.cloudflare.com/cdn-cgi/challenge-platform/h/b/turnstile/f/ov2/av0/rch/g5ja6/0x4AAAAAACBCPynhS9avamzf/light/fbE/new/normal?lang=auto:0
[    1763ms] [ERROR] Failed to load resource: the server responded with a status of 401 () @ https://challenges.cloudflare.com/cdn-cgi/challenge-platform/h/b/pat/9de2508b8ad08efb/1773816747119/720f59d2dbac98afe81f792dcb66450d54727d00663b0ee2b510148610ae6ad9/3F-3S7evO-f-9QH:0
[    2085ms] [ERROR] Permissions policy violation: xr-spatial-tracking is not allowed in this document. @ https://challenges.cloudflare.com/cdn-cgi/challenge-platform/h/b/turnstile/f/ov2/av0/rch/g5ja6/0x4AAAAAACBCPynhS9avamzf/light/fbE/new/normal?lang=auto:0
[    2086ms] [ERROR] Permissions policy violation: xr-spatial-tracking is not allowed in this document. @ https://challenges.cloudflare.com/cdn-cgi/challenge-platform/h/b/turnstile/f/ov2/av0/rch/g5ja6/0x4AAAAAACBCPynhS9avamzf/light/fbE/new/normal?lang=auto:0
[    2094ms] [WARNING] Canvas2D: Multiple readback operations using getImageData are faster with the willReadFrequently attribute set to true. See: https://html.spec.whatwg.org/multipage/canvas.html#concept-canvas-will-read-frequently @ https://challenges.cloudflare.com/cdn-cgi/challenge-platform/h/b/turnstile/f/ov2/av0/rch/g5ja6/0x4AAAAAACBCPynhS9avamzf/light/fbE/new/normal?lang=auto:0
[    2158ms] [WARNING] WebGL: INVALID_ENUM: renderbufferStorage: EXT_color_buffer_float/EXT_color_buffer_half_float not enabled @ https://challenges.cloudflare.com/cdn-cgi/challenge-platform/h/b/turnstile/f/ov2/av0/rch/g5ja6/0x4AAAAAACBCPynhS9avamzf/light/fbE/new/normal?lang=auto:0
[    2158ms] [WARNING] WebGL: INVALID_ENUM: renderbufferStorage: EXT_color_buffer_float/EXT_color_buffer_half_float not enabled @ https://challenges.cloudflare.com/cdn-cgi/challenge-platform/h/b/turnstile/f/ov2/av0/rch/g5ja6/0x4AAAAAACBCPynhS9avamzf/light/fbE/new/normal?lang=auto:0
[    2158ms] [WARNING] WebGL: INVALID_ENUM: renderbufferStorage: EXT_color_buffer_float/EXT_color_buffer_half_float not enabled @ https://challenges.cloudflare.com/cdn-cgi/challenge-platform/h/b/turnstile/f/ov2/av0/rch/g5ja6/0x4AAAAAACBCPynhS9avamzf/light/fbE/new/normal?lang=auto:0
[    2159ms] [WARNING] WebGL: INVALID_ENUM: renderbufferStorage: EXT_color_buffer_float not enabled @ https://challenges.cloudflare.com/cdn-cgi/challenge-platform/h/b/turnstile/f/ov2/av0/rch/g5ja6/0x4AAAAAACBCPynhS9avamzf/light/fbE/new/normal?lang=auto:0
[    2159ms] [WARNING] WebGL: INVALID_ENUM: renderbufferStorage: EXT_color_buffer_float not enabled @ https://challenges.cloudflare.com/cdn-cgi/challenge-platform/h/b/turnstile/f/ov2/av0/rch/g5ja6/0x4AAAAAACBCPynhS9avamzf/light/fbE/new/normal?lang=auto:0
[    2159ms] [WARNING] WebGL: INVALID_ENUM: renderbufferStorage: EXT_color_buffer_float not enabled @ https://challenges.cloudflare.com/cdn-cgi/challenge-platform/h/b/turnstile/f/ov2/av0/rch/g5ja6/0x4AAAAAACBCPynhS9avamzf/light/fbE/new/normal?lang=auto:0
[    2159ms] [WARNING] WebGL: INVALID_ENUM: renderbufferStorage: EXT_color_buffer_float not enabled @ https://challenges.cloudflare.com/cdn-cgi/challenge-platform/h/b/turnstile/f/ov2/av0/rch/g5ja6/0x4AAAAAACBCPynhS9avamzf/light/fbE/new/normal?lang=auto:0
[    2281ms] [ERROR]  Note that 'script-src' was not explicitly set, so 'default-src' is used as a fallback. @ https://challenges.cloudflare.com/cdn-cgi/challenge-platform/h/b/turnstile/f/ov2/av0/rch/g5ja6/0x4AAAAAACBCPynhS9avamzf/light/fbE/new/normal?lang=auto:0
[    2404ms] [ERROR] %c%d font-size:0;color:transparent NaN @ https://challenges.cloudflare.com/cdn-cgi/challenge-platform/h/b/turnstile/f/ov2/av0/rch/g5ja6/0x4AAAAAACBCPynhS9avamzf/light/fbE/new/normal?lang=auto:0
[    2404ms] [ERROR] %c%d font-size:0;color:transparent NaN @ https://challenges.cloudflare.com/cdn-cgi/challenge-platform/h/b/turnstile/f/ov2/av0/rch/g5ja6/0x4AAAAAACBCPynhS9avamzf/light/fbE/new/normal?lang=auto:0
[    2405ms] [WARNING] %c%d font-size:0;color:transparent NaN @ https://challenges.cloudflare.com/cdn-cgi/challenge-platform/h/b/turnstile/f/ov2/av0/rch/g5ja6/0x4AAAAAACBCPynhS9avamzf/light/fbE/new/normal?lang=auto:0
[    2405ms] [WARNING] %c%d font-size:0;color:transparent NaN @ https://challenges.cloudflare.com/cdn-cgi/challenge-platform/h/b/turnstile/f/ov2/av0/rch/g5ja6/0x4AAAAAACBCPynhS9avamzf/light/fbE/new/normal?lang=auto:0
[    7847ms] [WARNING] The resource https://challenges.cloudflare.com/cdn-cgi/challenge-platform/h/b/cmg/1 was preloaded using link preload but not used within a few seconds from the window's load event. Please make sure it has an appropriate `as` value and it is preloaded intentionally. @ https://challenges.cloudflare.com/cdn-cgi/challenge-platform/h/b/turnstile/f/ov2/av0/rch/g5ja6/0x4AAAAAACBCPynhS9avamzf/light/fbE/new/normal?lang=auto:0
[  296091ms] [ERROR] %c%d font-size:0;color:transparent NaN @ https://challenges.cloudflare.com/cdn-cgi/challenge-platform/h/b/turnstile/f/ov2/av0/rch/g5ja6/0x4AAAAAACBCPynhS9avamzf/light/fbE/auto_expire/normal?lang=auto:0
[  296092ms] [ERROR] %c%d font-size:0;color:transparent NaN @ https://challenges.cloudflare.com/cdn-cgi/challenge-platform/h/b/turnstile/f/ov2/av0/rch/g5ja6/0x4AAAAAACBCPynhS9avamzf/light/fbE/auto_expire/normal?lang=auto:0
[  296093ms] [WARNING] %c%d font-size:0;color:transparent NaN @ https://challenges.cloudflare.com/cdn-cgi/challenge-platform/h/b/turnstile/f/ov2/av0/rch/g5ja6/0x4AAAAAACBCPynhS9avamzf/light/fbE/auto_expire/normal?lang=auto:0
[  296094ms] [WARNING] %c%d font-size:0;color:transparent NaN @ https://challenges.cloudflare.com/cdn-cgi/challenge-platform/h/b/turnstile/f/ov2/av0/rch/g5ja6/0x4AAAAAACBCPynhS9avamzf/light/fbE/auto_expire/normal?lang=auto:0
[  296258ms] [ERROR] Failed to load resource: the server responded with a status of 401 () @ https://challenges.cloudflare.com/cdn-cgi/challenge-platform/h/b/pat/9de257bc7b5b91dd/1773817041880/c071b2d83e1799666214358662143e00fca7a2b21511b1e74ea29d2fa064f0fe/ZbD_rsZPUHcS0wX:0
[  296468ms] [ERROR]  Note that 'script-src' was not explicitly set, so 'default-src' is used as a fallback. @ https://challenges.cloudflare.com/cdn-cgi/challenge-platform/h/b/turnstile/f/ov2/av0/rch/g5ja6/0x4AAAAAACBCPynhS9avamzf/light/fbE/auto_expire/normal?lang=auto:0
[  296608ms] [ERROR] Permissions policy violation: xr-spatial-tracking is not allowed in this document. @ https://challenges.cloudflare.com/cdn-cgi/challenge-platform/h/b/turnstile/f/ov2/av0/rch/g5ja6/0x4AAAAAACBCPynhS9avamzf/light/fbE/auto_expire/normal?lang=auto:0
[  296608ms] [ERROR] Permissions policy violation: xr-spatial-tracking is not allowed in this document. @ https://challenges.cloudflare.com/cdn-cgi/challenge-platform/h/b/turnstile/f/ov2/av0/rch/g5ja6/0x4AAAAAACBCPynhS9avamzf/light/fbE/auto_expire/normal?lang=auto:0
[  296616ms] [WARNING] Canvas2D: Multiple readback operations using getImageData are faster with the willReadFrequently attribute set to true. See: https://html.spec.whatwg.org/multipage/canvas.html#concept-canvas-will-read-frequently @ https://challenges.cloudflare.com/cdn-cgi/challenge-platform/h/b/turnstile/f/ov2/av0/rch/g5ja6/0x4AAAAAACBCPynhS9avamzf/light/fbE/auto_expire/normal?lang=auto:0
[  296664ms] [WARNING] WebGL: INVALID_ENUM: renderbufferStorage: EXT_color_buffer_float/EXT_color_buffer_half_float not enabled @ https://challenges.cloudflare.com/cdn-cgi/challenge-platform/h/b/turnstile/f/ov2/av0/rch/g5ja6/0x4AAAAAACBCPynhS9avamzf/light/fbE/auto_expire/normal?lang=auto:0
[  296665ms] [WARNING] WebGL: INVALID_ENUM: renderbufferStorage: EXT_color_buffer_float/EXT_color_buffer_half_float not enabled @ https://challenges.cloudflare.com/cdn-cgi/challenge-platform/h/b/turnstile/f/ov2/av0/rch/g5ja6/0x4AAAAAACBCPynhS9avamzf/light/fbE/auto_expire/normal?lang=auto:0
[  296665ms] [WARNING] WebGL: INVALID_ENUM: renderbufferStorage: EXT_color_buffer_float/EXT_color_buffer_half_float not enabled @ https://challenges.cloudflare.com/cdn-cgi/challenge-platform/h/b/turnstile/f/ov2/av0/rch/g5ja6/0x4AAAAAACBCPynhS9avamzf/light/fbE/auto_expire/normal?lang=auto:0
[  296665ms] [WARNING] WebGL: INVALID_ENUM: renderbufferStorage: EXT_color_buffer_float not enabled @ https://challenges.cloudflare.com/cdn-cgi/challenge-platform/h/b/turnstile/f/ov2/av0/rch/g5ja6/0x4AAAAAACBCPynhS9avamzf/light/fbE/auto_expire/normal?lang=auto:0
[  296665ms] [WARNING] WebGL: INVALID_ENUM: renderbufferStorage: EXT_color_buffer_float not enabled @ https://challenges.cloudflare.com/cdn-cgi/challenge-platform/h/b/turnstile/f/ov2/av0/rch/g5ja6/0x4AAAAAACBCPynhS9avamzf/light/fbE/auto_expire/normal?lang=auto:0
[  296666ms] [WARNING] WebGL: INVALID_ENUM: renderbufferStorage: EXT_color_buffer_float not enabled @ https://challenges.cloudflare.com/cdn-cgi/challenge-platform/h/b/turnstile/f/ov2/av0/rch/g5ja6/0x4AAAAAACBCPynhS9avamzf/light/fbE/auto_expire/normal?lang=auto:0
[  296666ms] [WARNING] WebGL: INVALID_ENUM: renderbufferStorage: EXT_color_buffer_float not enabled @ https://challenges.cloudflare.com/cdn-cgi/challenge-platform/h/b/turnstile/f/ov2/av0/rch/g5ja6/0x4AAAAAACBCPynhS9avamzf/light/fbE/auto_expire/normal?lang=auto:0
[  300619ms] [WARNING] The resource https://challenges.cloudflare.com/cdn-cgi/challenge-platform/h/b/cmg/1 was preloaded using link preload but not used within a few seconds from the window's load event. Please make sure it has an appropriate `as` value and it is preloaded intentionally. @ https://challenges.cloudflare.com/cdn-cgi/challenge-platform/h/b/turnstile/f/ov2/av0/rch/g5ja6/0x4AAAAAACBCPynhS9avamzf/light/fbE/auto_expire/normal?lang=auto:0
[  588463ms] [ERROR] Permissions policy violation: xr-spatial-tracking is not allowed in this document. @ https://challenges.cloudflare.com/cdn-cgi/challenge-platform/h/b/turnstile/f/ov2/av0/rch/g5ja6/0x4AAAAAACBCPynhS9avamzf/light/fbE/auto_expire/normal?lang=auto:0
[  588463ms] [ERROR] Permissions policy violation: xr-spatial-tracking is not allowed in this document. @ https://challenges.cloudflare.com/cdn-cgi/challenge-platform/h/b/turnstile/f/ov2/av0/rch/g5ja6/0x4AAAAAACBCPynhS9avamzf/light/fbE/auto_expire/normal?lang=auto:0
[  588470ms] [WARNING] Canvas2D: Multiple readback operations using getImageData are faster with the willReadFrequently attribute set to true. See: https://html.spec.whatwg.org/multipage/canvas.html#concept-canvas-will-read-frequently @ https://challenges.cloudflare.com/cdn-cgi/challenge-platform/h/b/turnstile/f/ov2/av0/rch/g5ja6/0x4AAAAAACBCPynhS9avamzf/light/fbE/auto_expire/normal?lang=auto:0
[  588495ms] [WARNING] WebGL: INVALID_ENUM: renderbufferStorage: EXT_color_buffer_float/EXT_color_buffer_half_float not enabled @ https://challenges.cloudflare.com/cdn-cgi/challenge-platform/h/b/turnstile/f/ov2/av0/rch/g5ja6/0x4AAAAAACBCPynhS9avamzf/light/fbE/auto_expire/normal?lang=auto:0
[  588495ms] [WARNING] WebGL: INVALID_ENUM: renderbufferStorage: EXT_color_buffer_float/EXT_color_buffer_half_float not enabled @ https://challenges.cloudflare.com/cdn-cgi/challenge-platform/h/b/turnstile/f/ov2/av0/rch/g5ja6/0x4AAAAAACBCPynhS9avamzf/light/fbE/auto_expire/normal?lang=auto:0
[  588496ms] [WARNING] WebGL: INVALID_ENUM: renderbufferStorage: EXT_color_buffer_float/EXT_color_buffer_half_float not enabled @ https://challenges.cloudflare.com/cdn-cgi/challenge-platform/h/b/turnstile/f/ov2/av0/rch/g5ja6/0x4AAAAAACBCPynhS9avamzf/light/fbE/auto_expire/normal?lang=auto:0
[  588496ms] [WARNING] WebGL: INVALID_ENUM: renderbufferStorage: EXT_color_buffer_float not enabled @ https://challenges.cloudflare.com/cdn-cgi/challenge-platform/h/b/turnstile/f/ov2/av0/rch/g5ja6/0x4AAAAAACBCPynhS9avamzf/light/fbE/auto_expire/normal?lang=auto:0
[  588497ms] [WARNING] WebGL: INVALID_ENUM: renderbufferStorage: EXT_color_buffer_float not enabled @ https://challenges.cloudflare.com/cdn-cgi/challenge-platform/h/b/turnstile/f/ov2/av0/rch/g5ja6/0x4AAAAAACBCPynhS9avamzf/light/fbE/auto_expire/normal?lang=auto:0
[  588497ms] [WARNING] WebGL: INVALID_ENUM: renderbufferStorage: EXT_color_buffer_float not enabled @ https://challenges.cloudflare.com/cdn-cgi/challenge-platform/h/b/turnstile/f/ov2/av0/rch/g5ja6/0x4AAAAAACBCPynhS9avamzf/light/fbE/auto_expire/normal?lang=auto:0
[  588497ms] [WARNING] WebGL: INVALID_ENUM: renderbufferStorage: EXT_color_buffer_float not enabled @ https://challenges.cloudflare.com/cdn-cgi/challenge-platform/h/b/turnstile/f/ov2/av0/rch/g5ja6/0x4AAAAAACBCPynhS9avamzf/light/fbE/auto_expire/normal?lang=auto:0
[  588655ms] [ERROR] Failed to load resource: the server responded with a status of 401 () @ https://challenges.cloudflare.com/cdn-cgi/challenge-platform/h/b/pat/9de25ee1fd3cdc8d/1773817334418/30b91e0019a43352c73a5b95b5bdd349d807c991643d7bc86275a1571076f771/E9JXHmzgS7DO_qr:0
[  588662ms] [ERROR] %c%d font-size:0;color:transparent NaN @ https://challenges.cloudflare.com/cdn-cgi/challenge-platform/h/b/turnstile/f/ov2/av0/rch/g5ja6/0x4AAAAAACBCPynhS9avamzf/light/fbE/auto_expire/normal?lang=auto:0
[  588663ms] [ERROR] %c%d font-size:0;color:transparent NaN @ https://challenges.cloudflare.com/cdn-cgi/challenge-platform/h/b/turnstile/f/ov2/av0/rch/g5ja6/0x4AAAAAACBCPynhS9avamzf/light/fbE/auto_expire/normal?lang=auto:0
[  588663ms] [WARNING] %c%d font-size:0;color:transparent NaN @ https://challenges.cloudflare.com/cdn-cgi/challenge-platform/h/b/turnstile/f/ov2/av0/rch/g5ja6/0x4AAAAAACBCPynhS9avamzf/light/fbE/auto_expire/normal?lang=auto:0
[  588663ms] [WARNING] %c%d font-size:0;color:transparent NaN @ https://challenges.cloudflare.com/cdn-cgi/challenge-platform/h/b/turnstile/f/ov2/av0/rch/g5ja6/0x4AAAAAACBCPynhS9avamzf/light/fbE/auto_expire/normal?lang=auto:0
[  588705ms] [ERROR]  Note that 'script-src' was not explicitly set, so 'default-src' is used as a fallback. @ https://challenges.cloudflare.com/cdn-cgi/challenge-platform/h/b/turnstile/f/ov2/av0/rch/g5ja6/0x4AAAAAACBCPynhS9avamzf/light/fbE/auto_expire/normal?lang=auto:0
[  594220ms] [WARNING] The resource https://challenges.cloudflare.com/cdn-cgi/challenge-platform/h/b/cmg/1 was preloaded using link preload but not used within a few seconds from the window's load event. Please make sure it has an appropriate `as` value and it is preloaded intentionally. @ https://challenges.cloudflare.com/cdn-cgi/challenge-platform/h/b/turnstile/f/ov2/av0/rch/g5ja6/0x4AAAAAACBCPynhS9avamzf/light/fbE/auto_expire/normal?lang=auto:0
[  881977ms] [ERROR] Permissions policy violation: xr-spatial-tracking is not allowed in this document. @ https://challenges.cloudflare.com/cdn-cgi/challenge-platform/h/b/turnstile/f/ov2/av0/rch/g5ja6/0x4AAAAAACBCPynhS9avamzf/light/fbE/auto_expire/normal?lang=auto:0
[  881977ms] [ERROR] Permissions policy violation: xr-spatial-tracking is not allowed in this document. @ https://challenges.cloudflare.com/cdn-cgi/challenge-platform/h/b/turnstile/f/ov2/av0/rch/g5ja6/0x4AAAAAACBCPynhS9avamzf/light/fbE/auto_expire/normal?lang=auto:0
[  881985ms] [WARNING] Canvas2D: Multiple readback operations using getImageData are faster with the willReadFrequently attribute set to true. See: https://html.spec.whatwg.org/multipage/canvas.html#concept-canvas-will-read-frequently @ https://challenges.cloudflare.com/cdn-cgi/challenge-platform/h/b/turnstile/f/ov2/av0/rch/g5ja6/0x4AAAAAACBCPynhS9avamzf/light/fbE/auto_expire/normal?lang=auto:0
[  882035ms] [WARNING] WebGL: INVALID_ENUM: renderbufferStorage: EXT_color_buffer_float/EXT_color_buffer_half_float not enabled @ https://challenges.cloudflare.com/cdn-cgi/challenge-platform/h/b/turnstile/f/ov2/av0/rch/g5ja6/0x4AAAAAACBCPynhS9avamzf/light/fbE/auto_expire/normal?lang=auto:0
[  882036ms] [WARNING] WebGL: INVALID_ENUM: renderbufferStorage: EXT_color_buffer_float/EXT_color_buffer_half_float not enabled @ https://challenges.cloudflare.com/cdn-cgi/challenge-platform/h/b/turnstile/f/ov2/av0/rch/g5ja6/0x4AAAAAACBCPynhS9avamzf/light/fbE/auto_expire/normal?lang=auto:0
[  882036ms] [WARNING] WebGL: INVALID_ENUM: renderbufferStorage: EXT_color_buffer_float/EXT_color_buffer_half_float not enabled @ https://challenges.cloudflare.com/cdn-cgi/challenge-platform/h/b/turnstile/f/ov2/av0/rch/g5ja6/0x4AAAAAACBCPynhS9avamzf/light/fbE/auto_expire/normal?lang=auto:0
[  882036ms] [WARNING] WebGL: INVALID_ENUM: renderbufferStorage: EXT_color_buffer_float not enabled @ https://challenges.cloudflare.com/cdn-cgi/challenge-platform/h/b/turnstile/f/ov2/av0/rch/g5ja6/0x4AAAAAACBCPynhS9avamzf/light/fbE/auto_expire/normal?lang=auto:0
[  882036ms] [WARNING] WebGL: INVALID_ENUM: renderbufferStorage: EXT_color_buffer_float not enabled @ https://challenges.cloudflare.com/cdn-cgi/challenge-platform/h/b/turnstile/f/ov2/av0/rch/g5ja6/0x4AAAAAACBCPynhS9avamzf/light/fbE/auto_expire/normal?lang=auto:0
[  882036ms] [WARNING] WebGL: INVALID_ENUM: renderbufferStorage: EXT_color_buffer_float not enabled @ https://challenges.cloudflare.com/cdn-cgi/challenge-platform/h/b/turnstile/f/ov2/av0/rch/g5ja6/0x4AAAAAACBCPynhS9avamzf/light/fbE/auto_expire/normal?lang=auto:0
[  882037ms] [WARNING] WebGL: INVALID_ENUM: renderbufferStorage: EXT_color_buffer_float not enabled @ https://challenges.cloudflare.com/cdn-cgi/challenge-platform/h/b/turnstile/f/ov2/av0/rch/g5ja6/0x4AAAAAACBCPynhS9avamzf/light/fbE/auto_expire/normal?lang=auto:0
[  882216ms] [ERROR] Failed to load resource: the server responded with a status of 401 () @ https://challenges.cloudflare.com/cdn-cgi/challenge-platform/h/b/pat/9de2660d380c0d39/1773817628039/4174eab68ce692c865580c6e1dee8759a82c04977d67f173c146b8d597f19b9f/-Z7OM4fQZHuGO_y:0
[  882223ms] [ERROR]  Note that 'script-src' was not explicitly set, so 'default-src' is used as a fallback. @ https://challenges.cloudflare.com/cdn-cgi/challenge-platform/h/b/turnstile/f/ov2/av0/rch/g5ja6/0x4AAAAAACBCPynhS9avamzf/light/fbE/auto_expire/normal?lang=auto:0
[  882439ms] [ERROR] %c%d font-size:0;color:transparent NaN @ https://challenges.cloudflare.com/cdn-cgi/challenge-platform/h/b/turnstile/f/ov2/av0/rch/g5ja6/0x4AAAAAACBCPynhS9avamzf/light/fbE/auto_expire/normal?lang=auto:0
[  882439ms] [ERROR] %c%d font-size:0;color:transparent NaN @ https://challenges.cloudflare.com/cdn-cgi/challenge-platform/h/b/turnstile/f/ov2/av0/rch/g5ja6/0x4AAAAAACBCPynhS9avamzf/light/fbE/auto_expire/normal?lang=auto:0
[  882441ms] [WARNING] %c%d font-size:0;color:transparent NaN @ https://challenges.cloudflare.com/cdn-cgi/challenge-platform/h/b/turnstile/f/ov2/av0/rch/g5ja6/0x4AAAAAACBCPynhS9avamzf/light/fbE/auto_expire/normal?lang=auto:0
[  882441ms] [WARNING] %c%d font-size:0;color:transparent NaN @ https://challenges.cloudflare.com/cdn-cgi/challenge-platform/h/b/turnstile/f/ov2/av0/rch/g5ja6/0x4AAAAAACBCPynhS9avamzf/light/fbE/auto_expire/normal?lang=auto:0
[  887329ms] [WARNING] The resource https://challenges.cloudflare.com/cdn-cgi/challenge-platform/h/b/cmg/1 was preloaded using link preload but not used within a few seconds from the window's load event. Please make sure it has an appropriate `as` value and it is preloaded intentionally. @ https://challenges.cloudflare.com/cdn-cgi/challenge-platform/h/b/turnstile/f/ov2/av0/rch/g5ja6/0x4AAAAAACBCPynhS9avamzf/light/fbE/auto_expire/normal?lang=auto:0
