[    1911ms] [ERROR] Failed to load resource: the server responded with a status of 401 () @ https://challenges.cloudflare.com/cdn-cgi/challenge-platform/h/b/pat/9de29ecc2ce29070/1773819952408/2127431403ac5e011dec4db8d8df6d4aade8ec5c6ad84b5985f1e69a7aea7f91/BCW6Zg8DjHcH3K1:0
[    1994ms] [ERROR] Permissions policy violation: xr-spatial-tracking is not allowed in this document. @ https://challenges.cloudflare.com/cdn-cgi/challenge-platform/h/b/turnstile/f/ov2/av0/rch/3wwit/0x4AAAAAACBCPynhS9avamzf/light/fbE/new/normal?lang=auto:0
[    1994ms] [ERROR] Permissions policy violation: xr-spatial-tracking is not allowed in this document. @ https://challenges.cloudflare.com/cdn-cgi/challenge-platform/h/b/turnstile/f/ov2/av0/rch/3wwit/0x4AAAAAACBCPynhS9avamzf/light/fbE/new/normal?lang=auto:0
[    2096ms] [WARNING] Canvas2D: Multiple readback operations using getImageData are faster with the willReadFrequently attribute set to true. See: https://html.spec.whatwg.org/multipage/canvas.html#concept-canvas-will-read-frequently @ https://challenges.cloudflare.com/cdn-cgi/challenge-platform/h/b/turnstile/f/ov2/av0/rch/3wwit/0x4AAAAAACBCPynhS9avamzf/light/fbE/new/normal?lang=auto:0
[    2127ms] [WARNING] WebGL: INVALID_ENUM: renderbufferStorage: EXT_color_buffer_float/EXT_color_buffer_half_float not enabled @ https://challenges.cloudflare.com/cdn-cgi/challenge-platform/h/b/turnstile/f/ov2/av0/rch/3wwit/0x4AAAAAACBCPynhS9avamzf/light/fbE/new/normal?lang=auto:0
[    2127ms] [WARNING] WebGL: INVALID_ENUM: renderbufferStorage: EXT_color_buffer_float/EXT_color_buffer_half_float not enabled @ https://challenges.cloudflare.com/cdn-cgi/challenge-platform/h/b/turnstile/f/ov2/av0/rch/3wwit/0x4AAAAAACBCPynhS9avamzf/light/fbE/new/normal?lang=auto:0
[    2127ms] [WARNING] WebGL: INVALID_ENUM: renderbufferStorage: EXT_color_buffer_float/EXT_color_buffer_half_float not enabled @ https://challenges.cloudflare.com/cdn-cgi/challenge-platform/h/b/turnstile/f/ov2/av0/rch/3wwit/0x4AAAAAACBCPynhS9avamzf/light/fbE/new/normal?lang=auto:0
[    2127ms] [WARNING] WebGL: INVALID_ENUM: renderbufferStorage: EXT_color_buffer_float not enabled @ https://challenges.cloudflare.com/cdn-cgi/challenge-platform/h/b/turnstile/f/ov2/av0/rch/3wwit/0x4AAAAAACBCPynhS9avamzf/light/fbE/new/normal?lang=auto:0
[    2127ms] [WARNING] WebGL: INVALID_ENUM: renderbufferStorage: EXT_color_buffer_float not enabled @ https://challenges.cloudflare.com/cdn-cgi/challenge-platform/h/b/turnstile/f/ov2/av0/rch/3wwit/0x4AAAAAACBCPynhS9avamzf/light/fbE/new/normal?lang=auto:0
[    2128ms] [WARNING] WebGL: INVALID_ENUM: renderbufferStorage: EXT_color_buffer_float not enabled @ https://challenges.cloudflare.com/cdn-cgi/challenge-platform/h/b/turnstile/f/ov2/av0/rch/3wwit/0x4AAAAAACBCPynhS9avamzf/light/fbE/new/normal?lang=auto:0
[    2128ms] [WARNING] WebGL: INVALID_ENUM: renderbufferStorage: EXT_color_buffer_float not enabled @ https://challenges.cloudflare.com/cdn-cgi/challenge-platform/h/b/turnstile/f/ov2/av0/rch/3wwit/0x4AAAAAACBCPynhS9avamzf/light/fbE/new/normal?lang=auto:0
[    2149ms] [ERROR] Failed to load resource: the server responded with a status of 401 () @ https://challenges.cloudflare.com/cdn-cgi/challenge-platform/h/b/pat/9de29ecc2ce09070/1773819952416/f45f8823ff0745608f19ffaf472f98eedf8b5898f17f83589a126ebe6b0ee948/5ksMNkrnMASv7Vb:0
[    2270ms] [ERROR]  Note that 'script-src' was not explicitly set, so 'default-src' is used as a fallback. @ https://challenges.cloudflare.com/cdn-cgi/challenge-platform/h/b/turnstile/f/ov2/av0/rch/3wwit/0x4AAAAAACBCPynhS9avamzf/light/fbE/new/normal?lang=auto:0
[    2562ms] [ERROR] Permissions policy violation: xr-spatial-tracking is not allowed in this document. @ https://challenges.cloudflare.com/cdn-cgi/challenge-platform/h/b/turnstile/f/ov2/av0/rch/vp598/0x4AAAAAACBCPynhS9avamzf/light/fbE/new/normal?lang=auto:0
[    2563ms] [ERROR] Permissions policy violation: xr-spatial-tracking is not allowed in this document. @ https://challenges.cloudflare.com/cdn-cgi/challenge-platform/h/b/turnstile/f/ov2/av0/rch/vp598/0x4AAAAAACBCPynhS9avamzf/light/fbE/new/normal?lang=auto:0
[    2568ms] [WARNING] Canvas2D: Multiple readback operations using getImageData are faster with the willReadFrequently attribute set to true. See: https://html.spec.whatwg.org/multipage/canvas.html#concept-canvas-will-read-frequently @ https://challenges.cloudflare.com/cdn-cgi/challenge-platform/h/b/turnstile/f/ov2/av0/rch/vp598/0x4AAAAAACBCPynhS9avamzf/light/fbE/new/normal?lang=auto:0
[    2626ms] [WARNING] WebGL: INVALID_ENUM: renderbufferStorage: EXT_color_buffer_float/EXT_color_buffer_half_float not enabled @ https://challenges.cloudflare.com/cdn-cgi/challenge-platform/h/b/turnstile/f/ov2/av0/rch/vp598/0x4AAAAAACBCPynhS9avamzf/light/fbE/new/normal?lang=auto:0
[    2626ms] [WARNING] WebGL: INVALID_ENUM: renderbufferStorage: EXT_color_buffer_float/EXT_color_buffer_half_float not enabled @ https://challenges.cloudflare.com/cdn-cgi/challenge-platform/h/b/turnstile/f/ov2/av0/rch/vp598/0x4AAAAAACBCPynhS9avamzf/light/fbE/new/normal?lang=auto:0
[    2626ms] [WARNING] WebGL: INVALID_ENUM: renderbufferStorage: EXT_color_buffer_float/EXT_color_buffer_half_float not enabled @ https://challenges.cloudflare.com/cdn-cgi/challenge-platform/h/b/turnstile/f/ov2/av0/rch/vp598/0x4AAAAAACBCPynhS9avamzf/light/fbE/new/normal?lang=auto:0
[    2626ms] [WARNING] WebGL: INVALID_ENUM: renderbufferStorage: EXT_color_buffer_float not enabled @ https://challenges.cloudflare.com/cdn-cgi/challenge-platform/h/b/turnstile/f/ov2/av0/rch/vp598/0x4AAAAAACBCPynhS9avamzf/light/fbE/new/normal?lang=auto:0
[    2626ms] [WARNING] WebGL: INVALID_ENUM: renderbufferStorage: EXT_color_buffer_float not enabled @ https://challenges.cloudflare.com/cdn-cgi/challenge-platform/h/b/turnstile/f/ov2/av0/rch/vp598/0x4AAAAAACBCPynhS9avamzf/light/fbE/new/normal?lang=auto:0
[    2627ms] [WARNING] WebGL: INVALID_ENUM: renderbufferStorage: EXT_color_buffer_float not enabled @ https://challenges.cloudflare.com/cdn-cgi/challenge-platform/h/b/turnstile/f/ov2/av0/rch/vp598/0x4AAAAAACBCPynhS9avamzf/light/fbE/new/normal?lang=auto:0
[    2627ms] [WARNING] WebGL: INVALID_ENUM: renderbufferStorage: EXT_color_buffer_float not enabled @ https://challenges.cloudflare.com/cdn-cgi/challenge-platform/h/b/turnstile/f/ov2/av0/rch/vp598/0x4AAAAAACBCPynhS9avamzf/light/fbE/new/normal?lang=auto:0
[    2712ms] [ERROR] %c%d font-size:0;color:transparent NaN @ https://challenges.cloudflare.com/cdn-cgi/challenge-platform/h/b/turnstile/f/ov2/av0/rch/vp598/0x4AAAAAACBCPynhS9avamzf/light/fbE/new/normal?lang=auto:0
[    2712ms] [ERROR] %c%d font-size:0;color:transparent NaN @ https://challenges.cloudflare.com/cdn-cgi/challenge-platform/h/b/turnstile/f/ov2/av0/rch/vp598/0x4AAAAAACBCPynhS9avamzf/light/fbE/new/normal?lang=auto:0
[    2713ms] [WARNING] %c%d font-size:0;color:transparent NaN @ https://challenges.cloudflare.com/cdn-cgi/challenge-platform/h/b/turnstile/f/ov2/av0/rch/vp598/0x4AAAAAACBCPynhS9avamzf/light/fbE/new/normal?lang=auto:0
[    2713ms] [WARNING] %c%d font-size:0;color:transparent NaN @ https://challenges.cloudflare.com/cdn-cgi/challenge-platform/h/b/turnstile/f/ov2/av0/rch/vp598/0x4AAAAAACBCPynhS9avamzf/light/fbE/new/normal?lang=auto:0
[    2756ms] [ERROR] %c%d font-size:0;color:transparent NaN @ https://challenges.cloudflare.com/cdn-cgi/challenge-platform/h/b/turnstile/f/ov2/av0/rch/3wwit/0x4AAAAAACBCPynhS9avamzf/light/fbE/new/normal?lang=auto:0
[    2756ms] [ERROR] %c%d font-size:0;color:transparent NaN @ https://challenges.cloudflare.com/cdn-cgi/challenge-platform/h/b/turnstile/f/ov2/av0/rch/3wwit/0x4AAAAAACBCPynhS9avamzf/light/fbE/new/normal?lang=auto:0
[    2757ms] [WARNING] %c%d font-size:0;color:transparent NaN @ https://challenges.cloudflare.com/cdn-cgi/challenge-platform/h/b/turnstile/f/ov2/av0/rch/3wwit/0x4AAAAAACBCPynhS9avamzf/light/fbE/new/normal?lang=auto:0
[    2757ms] [WARNING] %c%d font-size:0;color:transparent NaN @ https://challenges.cloudflare.com/cdn-cgi/challenge-platform/h/b/turnstile/f/ov2/av0/rch/3wwit/0x4AAAAAACBCPynhS9avamzf/light/fbE/new/normal?lang=auto:0
[    2837ms] [ERROR]  Note that 'script-src' was not explicitly set, so 'default-src' is used as a fallback. @ https://challenges.cloudflare.com/cdn-cgi/challenge-platform/h/b/turnstile/f/ov2/av0/rch/vp598/0x4AAAAAACBCPynhS9avamzf/light/fbE/new/normal?lang=auto:0
[    5156ms] [WARNING] Failed to parse audio contentType: audio/mp4; codecs=ac-3 @ https://challenges.cloudflare.com/cdn-cgi/challenge-platform/h/b/turnstile/f/ov2/av0/rch/vp598/0x4AAAAAACBCPynhS9avamzf/light/fbE/new/normal?lang=auto:0
[    5156ms] [WARNING] Failed to parse audio contentType: audio/mp4; codecs=ec-3 @ https://challenges.cloudflare.com/cdn-cgi/challenge-platform/h/b/turnstile/f/ov2/av0/rch/vp598/0x4AAAAAACBCPynhS9avamzf/light/fbE/new/normal?lang=auto:0
[    5157ms] [WARNING] Invalid (ambiguous) video codec string: video/webm; codecs=vp9 @ https://challenges.cloudflare.com/cdn-cgi/challenge-platform/h/b/turnstile/f/ov2/av0/rch/vp598/0x4AAAAAACBCPynhS9avamzf/light/fbE/new/normal?lang=auto:0
[    5157ms] [WARNING] Failed to parse video contentType: video/ogg; codecs=theora @ https://challenges.cloudflare.com/cdn-cgi/challenge-platform/h/b/turnstile/f/ov2/av0/rch/vp598/0x4AAAAAACBCPynhS9avamzf/light/fbE/new/normal?lang=auto:0
[    8180ms] [WARNING] The resource https://challenges.cloudflare.com/cdn-cgi/challenge-platform/h/b/cmg/1 was preloaded using link preload but not used within a few seconds from the window's load event. Please make sure it has an appropriate `as` value and it is preloaded intentionally. @ https://challenges.cloudflare.com/cdn-cgi/challenge-platform/h/b/turnstile/f/ov2/av0/rch/3wwit/0x4AAAAAACBCPynhS9avamzf/light/fbE/new/normal?lang=auto:0
[   11143ms] [WARNING] The resource https://challenges.cloudflare.com/cdn-cgi/challenge-platform/h/b/cmg/1 was preloaded using link preload but not used within a few seconds from the window's load event. Please make sure it has an appropriate `as` value and it is preloaded intentionally. @ https://challenges.cloudflare.com/cdn-cgi/challenge-platform/h/b/turnstile/f/ov2/av0/rch/vp598/0x4AAAAAACBCPynhS9avamzf/light/fbE/new/normal?lang=auto:0
[   62281ms] [ERROR] Specified Language Not Found:no @ https://tegnogfarge.no/_next/static/chunks/2117-584912f543acaf35.js:0
[   72314ms] [ERROR] Error loading identity bridging scrips:  Timeout @ https://tegnogfarge.no/_next/static/chunks/2117-584912f543acaf35.js:0
[   85626ms] [ERROR]  Note that 'script-src' was not explicitly set, so 'default-src' is used as a fallback. @ https://challenges.cloudflare.com/cdn-cgi/challenge-platform/h/b/turnstile/f/ov2/av0/rch/mxjm4/0x4AAAAAACBCPynhS9avamzf/light/fbE/new/normal?lang=auto:0
[   85804ms] [ERROR] %c%d font-size:0;color:transparent NaN @ https://challenges.cloudflare.com/cdn-cgi/challenge-platform/h/b/turnstile/f/ov2/av0/rch/mxjm4/0x4AAAAAACBCPynhS9avamzf/light/fbE/new/normal?lang=auto:0
[   85804ms] [ERROR] %c%d font-size:0;color:transparent NaN @ https://challenges.cloudflare.com/cdn-cgi/challenge-platform/h/b/turnstile/f/ov2/av0/rch/mxjm4/0x4AAAAAACBCPynhS9avamzf/light/fbE/new/normal?lang=auto:0
[   85805ms] [WARNING] %c%d font-size:0;color:transparent NaN @ https://challenges.cloudflare.com/cdn-cgi/challenge-platform/h/b/turnstile/f/ov2/av0/rch/mxjm4/0x4AAAAAACBCPynhS9avamzf/light/fbE/new/normal?lang=auto:0
[   85805ms] [WARNING] %c%d font-size:0;color:transparent NaN @ https://challenges.cloudflare.com/cdn-cgi/challenge-platform/h/b/turnstile/f/ov2/av0/rch/mxjm4/0x4AAAAAACBCPynhS9avamzf/light/fbE/new/normal?lang=auto:0
[   85840ms] [ERROR] Permissions policy violation: xr-spatial-tracking is not allowed in this document. @ https://challenges.cloudflare.com/cdn-cgi/challenge-platform/h/b/turnstile/f/ov2/av0/rch/mxjm4/0x4AAAAAACBCPynhS9avamzf/light/fbE/new/normal?lang=auto:0
[   85840ms] [ERROR] Permissions policy violation: xr-spatial-tracking is not allowed in this document. @ https://challenges.cloudflare.com/cdn-cgi/challenge-platform/h/b/turnstile/f/ov2/av0/rch/mxjm4/0x4AAAAAACBCPynhS9avamzf/light/fbE/new/normal?lang=auto:0
[   85848ms] [WARNING] Canvas2D: Multiple readback operations using getImageData are faster with the willReadFrequently attribute set to true. See: https://html.spec.whatwg.org/multipage/canvas.html#concept-canvas-will-read-frequently @ https://challenges.cloudflare.com/cdn-cgi/challenge-platform/h/b/turnstile/f/ov2/av0/rch/mxjm4/0x4AAAAAACBCPynhS9avamzf/light/fbE/new/normal?lang=auto:0
[   85923ms] [WARNING] WebGL: INVALID_ENUM: renderbufferStorage: EXT_color_buffer_float/EXT_color_buffer_half_float not enabled @ https://challenges.cloudflare.com/cdn-cgi/challenge-platform/h/b/turnstile/f/ov2/av0/rch/mxjm4/0x4AAAAAACBCPynhS9avamzf/light/fbE/new/normal?lang=auto:0
[   85923ms] [WARNING] WebGL: INVALID_ENUM: renderbufferStorage: EXT_color_buffer_float/EXT_color_buffer_half_float not enabled @ https://challenges.cloudflare.com/cdn-cgi/challenge-platform/h/b/turnstile/f/ov2/av0/rch/mxjm4/0x4AAAAAACBCPynhS9avamzf/light/fbE/new/normal?lang=auto:0
[   85923ms] [WARNING] WebGL: INVALID_ENUM: renderbufferStorage: EXT_color_buffer_float/EXT_color_buffer_half_float not enabled @ https://challenges.cloudflare.com/cdn-cgi/challenge-platform/h/b/turnstile/f/ov2/av0/rch/mxjm4/0x4AAAAAACBCPynhS9avamzf/light/fbE/new/normal?lang=auto:0
[   85923ms] [WARNING] WebGL: INVALID_ENUM: renderbufferStorage: EXT_color_buffer_float not enabled @ https://challenges.cloudflare.com/cdn-cgi/challenge-platform/h/b/turnstile/f/ov2/av0/rch/mxjm4/0x4AAAAAACBCPynhS9avamzf/light/fbE/new/normal?lang=auto:0
[   85924ms] [WARNING] WebGL: INVALID_ENUM: renderbufferStorage: EXT_color_buffer_float not enabled @ https://challenges.cloudflare.com/cdn-cgi/challenge-platform/h/b/turnstile/f/ov2/av0/rch/mxjm4/0x4AAAAAACBCPynhS9avamzf/light/fbE/new/normal?lang=auto:0
[   85924ms] [WARNING] WebGL: INVALID_ENUM: renderbufferStorage: EXT_color_buffer_float not enabled @ https://challenges.cloudflare.com/cdn-cgi/challenge-platform/h/b/turnstile/f/ov2/av0/rch/mxjm4/0x4AAAAAACBCPynhS9avamzf/light/fbE/new/normal?lang=auto:0
[   85924ms] [WARNING] WebGL: INVALID_ENUM: renderbufferStorage: EXT_color_buffer_float not enabled @ https://challenges.cloudflare.com/cdn-cgi/challenge-platform/h/b/turnstile/f/ov2/av0/rch/mxjm4/0x4AAAAAACBCPynhS9avamzf/light/fbE/new/normal?lang=auto:0
[   86424ms] [ERROR] Failed to load resource: the server responded with a status of 401 () @ https://challenges.cloudflare.com/cdn-cgi/challenge-platform/h/b/pat/9de2a0d749e7bbbc/1773820036071/c06ae20a0a68d00da8b7e2c64d38639a55acb94c3b567a864e3f3c40a2df5c04/pVrYOzWzmqNH8Ls:0
[   86765ms] Uncaught ReferenceError: _ezaq is not defined
    at <anonymous> (https://www.ezojs.com/ezoic/sa.min.js:0:141615)
[   86765ms] Uncaught ReferenceError: _ezaq is not defined
    at <anonymous> (https://www.ezojs.com/ezoic/sa.min.js:0:141615)
[   86766ms] Uncaught ReferenceError: _ezaq is not defined
    at <anonymous> (https://www.ezojs.com/ezoic/sa.min.js:0:141615)
[   91488ms] [WARNING] The resource https://challenges.cloudflare.com/cdn-cgi/challenge-platform/h/b/cmg/1 was preloaded using link preload but not used within a few seconds from the window's load event. Please make sure it has an appropriate `as` value and it is preloaded intentionally. @ https://challenges.cloudflare.com/cdn-cgi/challenge-platform/h/b/turnstile/f/ov2/av0/rch/mxjm4/0x4AAAAAACBCPynhS9avamzf/light/fbE/new/normal?lang=auto:0
[  104212ms] [ERROR] Failed to load resource: the server responded with a status of 401 () @ https://challenges.cloudflare.com/cdn-cgi/challenge-platform/h/b/pat/9de2a149bb47bbbc/1773820054730/9371b8aa574d11cd9114281e6b43a0f6851a0a5c2043994bbe5c33aa92d43544/KnIog2Bm5NwI-Fa:0
[  104260ms] [ERROR]  Note that 'script-src' was not explicitly set, so 'default-src' is used as a fallback. @ https://challenges.cloudflare.com/cdn-cgi/challenge-platform/h/b/turnstile/f/ov2/av0/rch/mne4c/0x4AAAAAACBCPynhS9avamzf/light/fbE/new/normal?lang=auto:0
[  104688ms] [ERROR] %c%d font-size:0;color:transparent NaN @ https://challenges.cloudflare.com/cdn-cgi/challenge-platform/h/b/turnstile/f/ov2/av0/rch/mne4c/0x4AAAAAACBCPynhS9avamzf/light/fbE/new/normal?lang=auto:0
[  104688ms] [ERROR] %c%d font-size:0;color:transparent NaN @ https://challenges.cloudflare.com/cdn-cgi/challenge-platform/h/b/turnstile/f/ov2/av0/rch/mne4c/0x4AAAAAACBCPynhS9avamzf/light/fbE/new/normal?lang=auto:0
[  104688ms] [WARNING] %c%d font-size:0;color:transparent NaN @ https://challenges.cloudflare.com/cdn-cgi/challenge-platform/h/b/turnstile/f/ov2/av0/rch/mne4c/0x4AAAAAACBCPynhS9avamzf/light/fbE/new/normal?lang=auto:0
[  104688ms] [WARNING] %c%d font-size:0;color:transparent NaN @ https://challenges.cloudflare.com/cdn-cgi/challenge-platform/h/b/turnstile/f/ov2/av0/rch/mne4c/0x4AAAAAACBCPynhS9avamzf/light/fbE/new/normal?lang=auto:0
[  104715ms] [ERROR] Permissions policy violation: xr-spatial-tracking is not allowed in this document. @ https://challenges.cloudflare.com/cdn-cgi/challenge-platform/h/b/turnstile/f/ov2/av0/rch/mne4c/0x4AAAAAACBCPynhS9avamzf/light/fbE/new/normal?lang=auto:0
[  104716ms] [ERROR] Permissions policy violation: xr-spatial-tracking is not allowed in this document. @ https://challenges.cloudflare.com/cdn-cgi/challenge-platform/h/b/turnstile/f/ov2/av0/rch/mne4c/0x4AAAAAACBCPynhS9avamzf/light/fbE/new/normal?lang=auto:0
[  104723ms] [WARNING] Canvas2D: Multiple readback operations using getImageData are faster with the willReadFrequently attribute set to true. See: https://html.spec.whatwg.org/multipage/canvas.html#concept-canvas-will-read-frequently @ https://challenges.cloudflare.com/cdn-cgi/challenge-platform/h/b/turnstile/f/ov2/av0/rch/mne4c/0x4AAAAAACBCPynhS9avamzf/light/fbE/new/normal?lang=auto:0
[  104779ms] [WARNING] WebGL: INVALID_ENUM: renderbufferStorage: EXT_color_buffer_float/EXT_color_buffer_half_float not enabled @ https://challenges.cloudflare.com/cdn-cgi/challenge-platform/h/b/turnstile/f/ov2/av0/rch/mne4c/0x4AAAAAACBCPynhS9avamzf/light/fbE/new/normal?lang=auto:0
[  104780ms] [WARNING] WebGL: INVALID_ENUM: renderbufferStorage: EXT_color_buffer_float/EXT_color_buffer_half_float not enabled @ https://challenges.cloudflare.com/cdn-cgi/challenge-platform/h/b/turnstile/f/ov2/av0/rch/mne4c/0x4AAAAAACBCPynhS9avamzf/light/fbE/new/normal?lang=auto:0
[  104780ms] [WARNING] WebGL: INVALID_ENUM: renderbufferStorage: EXT_color_buffer_float/EXT_color_buffer_half_float not enabled @ https://challenges.cloudflare.com/cdn-cgi/challenge-platform/h/b/turnstile/f/ov2/av0/rch/mne4c/0x4AAAAAACBCPynhS9avamzf/light/fbE/new/normal?lang=auto:0
[  104780ms] [WARNING] WebGL: INVALID_ENUM: renderbufferStorage: EXT_color_buffer_float not enabled @ https://challenges.cloudflare.com/cdn-cgi/challenge-platform/h/b/turnstile/f/ov2/av0/rch/mne4c/0x4AAAAAACBCPynhS9avamzf/light/fbE/new/normal?lang=auto:0
[  104781ms] [WARNING] WebGL: INVALID_ENUM: renderbufferStorage: EXT_color_buffer_float not enabled @ https://challenges.cloudflare.com/cdn-cgi/challenge-platform/h/b/turnstile/f/ov2/av0/rch/mne4c/0x4AAAAAACBCPynhS9avamzf/light/fbE/new/normal?lang=auto:0
[  104781ms] [WARNING] WebGL: INVALID_ENUM: renderbufferStorage: EXT_color_buffer_float not enabled @ https://challenges.cloudflare.com/cdn-cgi/challenge-platform/h/b/turnstile/f/ov2/av0/rch/mne4c/0x4AAAAAACBCPynhS9avamzf/light/fbE/new/normal?lang=auto:0
[  104781ms] [WARNING] WebGL: INVALID_ENUM: renderbufferStorage: EXT_color_buffer_float not enabled @ https://challenges.cloudflare.com/cdn-cgi/challenge-platform/h/b/turnstile/f/ov2/av0/rch/mne4c/0x4AAAAAACBCPynhS9avamzf/light/fbE/new/normal?lang=auto:0
[  105110ms] Uncaught ReferenceError: _ezaq is not defined
    at <anonymous> (https://www.ezojs.com/ezoic/sa.min.js:0:141615)
[  105110ms] Uncaught ReferenceError: _ezaq is not defined
    at <anonymous> (https://www.ezojs.com/ezoic/sa.min.js:0:141615)
[  105110ms] Uncaught ReferenceError: _ezaq is not defined
    at <anonymous> (https://www.ezojs.com/ezoic/sa.min.js:0:141615)
[  109276ms] [WARNING] The resource https://challenges.cloudflare.com/cdn-cgi/challenge-platform/h/b/cmg/1 was preloaded using link preload but not used within a few seconds from the window's load event. Please make sure it has an appropriate `as` value and it is preloaded intentionally. @ https://challenges.cloudflare.com/cdn-cgi/challenge-platform/h/b/turnstile/f/ov2/av0/rch/mne4c/0x4AAAAAACBCPynhS9avamzf/light/fbE/new/normal?lang=auto:0
[  125802ms] [ERROR] Failed to load resource: the server responded with a status of 401 () @ https://challenges.cloudflare.com/cdn-cgi/challenge-platform/h/b/pat/9de2a1d1ee90bbbc/1773820076073/cf21361fd9af67c36c92196475d11f5017d09553af6d46004de66582b5f68b13/DwaVUSyq66bS8iS:0
[  125826ms] [ERROR] Permissions policy violation: xr-spatial-tracking is not allowed in this document. @ https://challenges.cloudflare.com/cdn-cgi/challenge-platform/h/b/turnstile/f/ov2/av0/rch/1facd/0x4AAAAAACBCPynhS9avamzf/light/fbE/new/normal?lang=auto:0
[  125826ms] [ERROR] Permissions policy violation: xr-spatial-tracking is not allowed in this document. @ https://challenges.cloudflare.com/cdn-cgi/challenge-platform/h/b/turnstile/f/ov2/av0/rch/1facd/0x4AAAAAACBCPynhS9avamzf/light/fbE/new/normal?lang=auto:0
[  125834ms] [WARNING] Canvas2D: Multiple readback operations using getImageData are faster with the willReadFrequently attribute set to true. See: https://html.spec.whatwg.org/multipage/canvas.html#concept-canvas-will-read-frequently @ https://challenges.cloudflare.com/cdn-cgi/challenge-platform/h/b/turnstile/f/ov2/av0/rch/1facd/0x4AAAAAACBCPynhS9avamzf/light/fbE/new/normal?lang=auto:0
[  125883ms] [WARNING] WebGL: INVALID_ENUM: renderbufferStorage: EXT_color_buffer_float/EXT_color_buffer_half_float not enabled @ https://challenges.cloudflare.com/cdn-cgi/challenge-platform/h/b/turnstile/f/ov2/av0/rch/1facd/0x4AAAAAACBCPynhS9avamzf/light/fbE/new/normal?lang=auto:0
[  125883ms] [WARNING] WebGL: INVALID_ENUM: renderbufferStorage: EXT_color_buffer_float/EXT_color_buffer_half_float not enabled @ https://challenges.cloudflare.com/cdn-cgi/challenge-platform/h/b/turnstile/f/ov2/av0/rch/1facd/0x4AAAAAACBCPynhS9avamzf/light/fbE/new/normal?lang=auto:0
[  125883ms] [WARNING] WebGL: INVALID_ENUM: renderbufferStorage: EXT_color_buffer_float/EXT_color_buffer_half_float not enabled @ https://challenges.cloudflare.com/cdn-cgi/challenge-platform/h/b/turnstile/f/ov2/av0/rch/1facd/0x4AAAAAACBCPynhS9avamzf/light/fbE/new/normal?lang=auto:0
[  125884ms] [WARNING] WebGL: INVALID_ENUM: renderbufferStorage: EXT_color_buffer_float not enabled @ https://challenges.cloudflare.com/cdn-cgi/challenge-platform/h/b/turnstile/f/ov2/av0/rch/1facd/0x4AAAAAACBCPynhS9avamzf/light/fbE/new/normal?lang=auto:0
[  125884ms] [WARNING] WebGL: INVALID_ENUM: renderbufferStorage: EXT_color_buffer_float not enabled @ https://challenges.cloudflare.com/cdn-cgi/challenge-platform/h/b/turnstile/f/ov2/av0/rch/1facd/0x4AAAAAACBCPynhS9avamzf/light/fbE/new/normal?lang=auto:0
[  125884ms] [WARNING] WebGL: INVALID_ENUM: renderbufferStorage: EXT_color_buffer_float not enabled @ https://challenges.cloudflare.com/cdn-cgi/challenge-platform/h/b/turnstile/f/ov2/av0/rch/1facd/0x4AAAAAACBCPynhS9avamzf/light/fbE/new/normal?lang=auto:0
[  125885ms] [WARNING] WebGL: INVALID_ENUM: renderbufferStorage: EXT_color_buffer_float not enabled @ https://challenges.cloudflare.com/cdn-cgi/challenge-platform/h/b/turnstile/f/ov2/av0/rch/1facd/0x4AAAAAACBCPynhS9avamzf/light/fbE/new/normal?lang=auto:0
[  126053ms] [ERROR] %c%d font-size:0;color:transparent NaN @ https://challenges.cloudflare.com/cdn-cgi/challenge-platform/h/b/turnstile/f/ov2/av0/rch/1facd/0x4AAAAAACBCPynhS9avamzf/light/fbE/new/normal?lang=auto:0
[  126054ms] [ERROR] %c%d font-size:0;color:transparent NaN @ https://challenges.cloudflare.com/cdn-cgi/challenge-platform/h/b/turnstile/f/ov2/av0/rch/1facd/0x4AAAAAACBCPynhS9avamzf/light/fbE/new/normal?lang=auto:0
[  126055ms] [WARNING] %c%d font-size:0;color:transparent NaN @ https://challenges.cloudflare.com/cdn-cgi/challenge-platform/h/b/turnstile/f/ov2/av0/rch/1facd/0x4AAAAAACBCPynhS9avamzf/light/fbE/new/normal?lang=auto:0
[  126055ms] [WARNING] %c%d font-size:0;color:transparent NaN @ https://challenges.cloudflare.com/cdn-cgi/challenge-platform/h/b/turnstile/f/ov2/av0/rch/1facd/0x4AAAAAACBCPynhS9avamzf/light/fbE/new/normal?lang=auto:0
[  126144ms] [ERROR]  Note that 'script-src' was not explicitly set, so 'default-src' is used as a fallback. @ https://challenges.cloudflare.com/cdn-cgi/challenge-platform/h/b/turnstile/f/ov2/av0/rch/1facd/0x4AAAAAACBCPynhS9avamzf/light/fbE/new/normal?lang=auto:0
[  126901ms] Uncaught ReferenceError: _ezaq is not defined
    at <anonymous> (https://www.ezojs.com/ezoic/sa.min.js:0:141615)
[  126901ms] Uncaught ReferenceError: _ezaq is not defined
    at <anonymous> (https://www.ezojs.com/ezoic/sa.min.js:0:141615)
[  126901ms] Uncaught ReferenceError: _ezaq is not defined
    at <anonymous> (https://www.ezojs.com/ezoic/sa.min.js:0:141615)
[  131085ms] [WARNING] The resource https://challenges.cloudflare.com/cdn-cgi/challenge-platform/h/b/cmg/1 was preloaded using link preload but not used within a few seconds from the window's load event. Please make sure it has an appropriate `as` value and it is preloaded intentionally. @ https://challenges.cloudflare.com/cdn-cgi/challenge-platform/h/b/turnstile/f/ov2/av0/rch/1facd/0x4AAAAAACBCPynhS9avamzf/light/fbE/new/normal?lang=auto:0
