[    2017ms] [ERROR] Failed to load resource: the server responded with a status of 404 () @ https://admanager.google.com/favicon.ico:0
[  104453ms] [ERROR] Failed to load resource: the server responded with a status of 400 () @ https://admanager.google.com/display-ads-frontend-publisher-center/services/_/rpc/InfoService/UpdateNetworklessInviteWithChildNetwork?authuser=0&base=&hl=en-US&host=drx&nc=22712188410:0
[  106018ms] [WARNING] [GPT] This ad request is subject to Google's EU User Consent Policy. An IAB TCF signal was not received. This ad request will not be eligible for personalized ads.
https://goo.gle/gpt-message#175 @ https://securepubads.g.doubleclick.net/pagead/managed/js/gpt/m202602230101/pubads_impl.js:18
[  106018ms] [WARNING] [GPT] This ad request is subject to Google's EU User Consent Policy. An IAB TCF signal was not received. This ad request will not be eligible for personalized ads.
https://goo.gle/gpt-message#175 @ https://securepubads.g.doubleclick.net/pagead/managed/js/gpt/m202602230101/pubads_impl.js:18
[  106018ms] [WARNING] [GPT] This ad request is subject to Google's EU User Consent Policy. An IAB TCF signal was not received. This ad request will not be eligible for personalized ads.
https://goo.gle/gpt-message#175 @ https://securepubads.g.doubleclick.net/pagead/managed/js/gpt/m202602230101/pubads_impl.js:18
[  113327ms] [WARNING] The resource https://ssl.gstatic.com/gfpfe/drx-fe-admin_auto_20260302-0120_RC000/dart-applications/admin/app.dart.js was preloaded using link preload but not used within a few seconds from the window's load event. Please make sure it has an appropriate `as` value and it is preloaded intentionally. @ https://admanager.google.com/22712188410?sac=true&token=AGYV8DKvv83NNVraPozobUrSyY2PHe2mOslcbgy_stwkeMEc1AWAqTpDuVGtRIRhxc7W7ncKtwLd1oqPwv9ih1P0fEFJfHt4mVdWHb8UhnNH-tjBvprrgS7bgbX6ZsAO&pli=1&host=drx&nc=22712188410#admin/mcm/parent_publisher/detail/parent_network_code=1254144:0
[  119388ms] [WARNING] The resource https://ssl.gstatic.com/gfpfe/drx-fe-admin_auto_20260302-0120_RC000/dart-applications/admin/app.dart.js was preloaded using link preload but not used within a few seconds from the window's load event. Please make sure it has an appropriate `as` value and it is preloaded intentionally. @ https://admanager.google.com/22712188410?sac=true&token=AGYV8DKvv83NNVraPozobUrSyY2PHe2mOslcbgy_stwkeMEc1AWAqTpDuVGtRIRhxc7W7ncKtwLd1oqPwv9ih1P0fEFJfHt4mVdWHb8UhnNH-tjBvprrgS7bgbX6ZsAO&pli=1&host=drx&nc=22712188410#admin/mcm/parent_publisher/detail/parent_network_code=1254144:0
[  146101ms] [WARNING] [GPT] This ad request is subject to Google's EU User Consent Policy. An IAB TCF signal was not received. This ad request will not be eligible for personalized ads.
https://goo.gle/gpt-message#175 @ https://securepubads.g.doubleclick.net/pagead/managed/js/gpt/m202602230101/pubads_impl.js:18
[  146101ms] [WARNING] [GPT] This ad request is subject to Google's EU User Consent Policy. An IAB TCF signal was not received. This ad request will not be eligible for personalized ads.
https://goo.gle/gpt-message#175 @ https://securepubads.g.doubleclick.net/pagead/managed/js/gpt/m202602230101/pubads_impl.js:18
[  146632ms] [ERROR] EXCEPTION: Anonymous activity.
STACKTRACE: 

    at Object.z (https://ssl.gstatic.com/gfpfe/drx-fe-admin_auto_20260225-0120_RC000/dart-applications/admin/app.dart.js:917:20)
    at Object.ewT (https://ssl.gstatic.com/gfpfe/drx-fe-admin_auto_20260225-0120_RC000/dart-applications/admin/app.dart.js:10061:13)
    at bp7.QV (https://ssl.gstatic.com/gfpfe/drx-fe-admin_auto_20260225-0120_RC000/dart-applications/admin/app.dart.js:87325:16)
    at bp7.b6p (https://ssl.gstatic.com/gfpfe/drx-fe-admin_auto_20260225-0120_RC000/dart-applications/admin/app.dart.js:87519:19)
    at bp7.bos (https://ssl.gstatic.com/gfpfe/drx-fe-admin_auto_20260225-0120_RC000/dart-applications/admin/app.dart.js:87521:6)
    at caX.$1 (https://ssl.gstatic.com/gfpfe/drx-fe-admin_auto_20260225-0120_RC000/dart-applications/admin/app.dart.js:87808:3)
    at Object.dkg (https://ssl.gstatic.com/gfpfe/drx-fe-admin_auto_20260225-0120_RC000/dart-applications/admin/app.dart.js:2706:9)
    at bYl.Fi (https://ssl.gstatic.com/gfpfe/drx-fe-admin_auto_20260225-0120_RC000/dart-applications/admin/app.dart.js:66253:10)
    at aRi.kN (https://ssl.gstatic.com/gfpfe/drx-fe-admin_auto_20260225-0120_RC000/dart-applications/admin/app.dart.js:65755:5)
    at aRi.iA (https://ssl.gstatic.com/gfpfe/drx-fe-admin_auto_20260225-0120_RC000/dart-applications/admin/app.dart.js:65729:11)
 @ https://ssl.gstatic.com/gfpfe/drx-fe-admin_auto_20260225-0120_RC000/dart-applications/admin/app.dart.js:163315
[  149919ms] [WARNING] The resource https://ssl.gstatic.com/gfpfe/drx-fe-admin_auto_20260302-0120_RC000/dart-applications/admin/app.dart.js was preloaded using link preload but not used within a few seconds from the window's load event. Please make sure it has an appropriate `as` value and it is preloaded intentionally. @ https://admanager.google.com/22712188410?sac=true&token=AGYV8DKvv83NNVraPozobUrSyY2PHe2mOslcbgy_stwkeMEc1AWAqTpDuVGtRIRhxc7W7ncKtwLd1oqPwv9ih1P0fEFJfHt4mVdWHb8UhnNH-tjBvprrgS7bgbX6ZsAO&pli=1&host=drx&nc=22712188410#admin/mcm/parent_publisher/list:0
[  154205ms] [WARNING] The resource https://ssl.gstatic.com/gfpfe/drx-fe-admin_auto_20260302-0120_RC000/dart-applications/admin/app.dart.js was preloaded using link preload but not used within a few seconds from the window's load event. Please make sure it has an appropriate `as` value and it is preloaded intentionally. @ https://admanager.google.com/22712188410?sac=true&token=AGYV8DKvv83NNVraPozobUrSyY2PHe2mOslcbgy_stwkeMEc1AWAqTpDuVGtRIRhxc7W7ncKtwLd1oqPwv9ih1P0fEFJfHt4mVdWHb8UhnNH-tjBvprrgS7bgbX6ZsAO&pli=1&host=drx&nc=22712188410#admin/mcm/parent_publisher/list:0
[  358911ms] [WARNING] The resource https://ssl.gstatic.com/gfpfe/drx-fe-admin_auto_20260302-0120_RC000/dart-applications/admin/app.dart.js was preloaded using link preload but not used within a few seconds from the window's load event. Please make sure it has an appropriate `as` value and it is preloaded intentionally. @ https://admanager.google.com/22712188410?sac=true&token=AGYV8DKvv83NNVraPozobUrSyY2PHe2mOslcbgy_stwkeMEc1AWAqTpDuVGtRIRhxc7W7ncKtwLd1oqPwv9ih1P0fEFJfHt4mVdWHb8UhnNH-tjBvprrgS7bgbX6ZsAO&pli=1&host=drx&nc=22712188410#admin/mcm/parent_publisher/list:0
[  381785ms] [WARNING] The resource https://ssl.gstatic.com/gfpfe/drx-fe-admin_auto_20260302-0120_RC000/dart-applications/admin/app.dart.js was preloaded using link preload but not used within a few seconds from the window's load event. Please make sure it has an appropriate `as` value and it is preloaded intentionally. @ https://admanager.google.com/22712188410?sac=true&token=AGYV8DKvv83NNVraPozobUrSyY2PHe2mOslcbgy_stwkeMEc1AWAqTpDuVGtRIRhxc7W7ncKtwLd1oqPwv9ih1P0fEFJfHt4mVdWHb8UhnNH-tjBvprrgS7bgbX6ZsAO&pli=1&host=drx&nc=22712188410#admin/mcm/parent_publisher/list:0
[  710552ms] [WARNING] The resource https://ssl.gstatic.com/gfpfe/drx-fe-admin_auto_20260302-0120_RC000/dart-applications/admin/app.dart.js was preloaded using link preload but not used within a few seconds from the window's load event. Please make sure it has an appropriate `as` value and it is preloaded intentionally. @ https://admanager.google.com/22712188410?sac=true&token=AGYV8DKvv83NNVraPozobUrSyY2PHe2mOslcbgy_stwkeMEc1AWAqTpDuVGtRIRhxc7W7ncKtwLd1oqPwv9ih1P0fEFJfHt4mVdWHb8UhnNH-tjBvprrgS7bgbX6ZsAO&pli=1&host=drx&nc=22712188410#admin/mcm/parent_publisher/list:0
[ 1310642ms] [WARNING] The resource https://ssl.gstatic.com/gfpfe/drx-fe-admin_auto_20260302-0120_RC000/dart-applications/admin/app.dart.js was preloaded using link preload but not used within a few seconds from the window's load event. Please make sure it has an appropriate `as` value and it is preloaded intentionally. @ https://admanager.google.com/22712188410?sac=true&token=AGYV8DKvv83NNVraPozobUrSyY2PHe2mOslcbgy_stwkeMEc1AWAqTpDuVGtRIRhxc7W7ncKtwLd1oqPwv9ih1P0fEFJfHt4mVdWHb8UhnNH-tjBvprrgS7bgbX6ZsAO&pli=1&host=drx&nc=22712188410#admin/mcm/parent_publisher/list:0
[ 1910659ms] [WARNING] The resource https://ssl.gstatic.com/gfpfe/drx-fe-admin_auto_20260302-0120_RC000/dart-applications/admin/app.dart.js was preloaded using link preload but not used within a few seconds from the window's load event. Please make sure it has an appropriate `as` value and it is preloaded intentionally. @ https://admanager.google.com/22712188410?sac=true&token=AGYV8DKvv83NNVraPozobUrSyY2PHe2mOslcbgy_stwkeMEc1AWAqTpDuVGtRIRhxc7W7ncKtwLd1oqPwv9ih1P0fEFJfHt4mVdWHb8UhnNH-tjBvprrgS7bgbX6ZsAO&pli=1&host=drx&nc=22712188410#admin/mcm/parent_publisher/list:0
[ 2446694ms] [WARNING] [GPT] This ad request is subject to Google's EU User Consent Policy. An IAB TCF signal was not received. This ad request will not be eligible for personalized ads.
https://goo.gle/gpt-message#175 @ https://securepubads.g.doubleclick.net/pagead/managed/js/gpt/m202602230101/pubads_impl.js:18
[ 2446694ms] [WARNING] [GPT] This ad request is subject to Google's EU User Consent Policy. An IAB TCF signal was not received. This ad request will not be eligible for personalized ads.
https://goo.gle/gpt-message#175 @ https://securepubads.g.doubleclick.net/pagead/managed/js/gpt/m202602230101/pubads_impl.js:18
[ 2446694ms] [WARNING] [GPT] This ad request is subject to Google's EU User Consent Policy. An IAB TCF signal was not received. This ad request will not be eligible for personalized ads.
https://goo.gle/gpt-message#175 @ https://securepubads.g.doubleclick.net/pagead/managed/js/gpt/m202602230101/pubads_impl.js:18
[ 3643075ms] [WARNING] [GPT] This ad request is subject to Google's EU User Consent Policy. An IAB TCF signal was not received. This ad request will not be eligible for personalized ads.
https://goo.gle/gpt-message#175 @ https://securepubads.g.doubleclick.net/pagead/managed/js/gpt/m202602230101/pubads_impl.js:18
[ 3643075ms] [WARNING] [GPT] This ad request is subject to Google's EU User Consent Policy. An IAB TCF signal was not received. This ad request will not be eligible for personalized ads.
https://goo.gle/gpt-message#175 @ https://securepubads.g.doubleclick.net/pagead/managed/js/gpt/m202602230101/pubads_impl.js:18
[ 3672620ms] [WARNING] [GPT] This ad request is subject to Google's EU User Consent Policy. An IAB TCF signal was not received. This ad request will not be eligible for personalized ads.
https://goo.gle/gpt-message#175 @ https://securepubads.g.doubleclick.net/pagead/managed/js/gpt/m202602230101/pubads_impl.js:18
[ 3672620ms] [WARNING] [GPT] This ad request is subject to Google's EU User Consent Policy. An IAB TCF signal was not received. This ad request will not be eligible for personalized ads.
https://goo.gle/gpt-message#175 @ https://securepubads.g.doubleclick.net/pagead/managed/js/gpt/m202602230101/pubads_impl.js:18
[ 3724330ms] [WARNING] [GPT] This ad request is subject to Google's EU User Consent Policy. An IAB TCF signal was not received. This ad request will not be eligible for personalized ads.
https://goo.gle/gpt-message#175 @ https://securepubads.g.doubleclick.net/pagead/managed/js/gpt/m202602230101/pubads_impl.js:18
[ 3724330ms] [WARNING] [GPT] This ad request is subject to Google's EU User Consent Policy. An IAB TCF signal was not received. This ad request will not be eligible for personalized ads.
https://goo.gle/gpt-message#175 @ https://securepubads.g.doubleclick.net/pagead/managed/js/gpt/m202602230101/pubads_impl.js:18
[ 3724809ms] [ERROR] EXCEPTION: Anonymous activity.
STACKTRACE: 

    at Object.z (https://ssl.gstatic.com/gfpfe/drx-fe-admin_auto_20260225-0120_RC000/dart-applications/admin/app.dart.js:917:20)
    at Object.ewT (https://ssl.gstatic.com/gfpfe/drx-fe-admin_auto_20260225-0120_RC000/dart-applications/admin/app.dart.js:10061:13)
    at bp7.QV (https://ssl.gstatic.com/gfpfe/drx-fe-admin_auto_20260225-0120_RC000/dart-applications/admin/app.dart.js:87325:16)
    at bp7.b6p (https://ssl.gstatic.com/gfpfe/drx-fe-admin_auto_20260225-0120_RC000/dart-applications/admin/app.dart.js:87519:19)
    at bp7.bos (https://ssl.gstatic.com/gfpfe/drx-fe-admin_auto_20260225-0120_RC000/dart-applications/admin/app.dart.js:87521:6)
    at caX.$1 (https://ssl.gstatic.com/gfpfe/drx-fe-admin_auto_20260225-0120_RC000/dart-applications/admin/app.dart.js:87808:3)
    at Object.dkg (https://ssl.gstatic.com/gfpfe/drx-fe-admin_auto_20260225-0120_RC000/dart-applications/admin/app.dart.js:2706:9)
    at bYl.Fi (https://ssl.gstatic.com/gfpfe/drx-fe-admin_auto_20260225-0120_RC000/dart-applications/admin/app.dart.js:66253:10)
    at aRi.kN (https://ssl.gstatic.com/gfpfe/drx-fe-admin_auto_20260225-0120_RC000/dart-applications/admin/app.dart.js:65755:5)
    at aRi.iA (https://ssl.gstatic.com/gfpfe/drx-fe-admin_auto_20260225-0120_RC000/dart-applications/admin/app.dart.js:65729:11)
 @ https://ssl.gstatic.com/gfpfe/drx-fe-admin_auto_20260225-0120_RC000/dart-applications/admin/app.dart.js:163315
