[GET] https://privacy.gatekeeperconsent.com/consent_modules.json => [200] 
[GET] https://tegnogfarge.no/api/auth/session => [200] 
[GET] https://tegnogfarge.no/alle-underkategorier?_rsc=f5r3j => [200] 
[GET] https://tegnogfarge.no/hoved-kategori?_rsc=f5r3j => [200] 
[GET] https://tegnogfarge.no/om-oss?_rsc=f5r3j => [200] 
[GET] https://tegnogfarge.no/login?_rsc=f5r3j => [200] 
[GET] https://tegnogfarge.no/hoytider/fargelegge-julen-for-barn/glad-pepperkakemann-med-rod-sloyfe?_rsc=f5r3j => [200] 
[POST] https://eu.i.posthog.com/flags/?v=2&config=true&ip=0&_=1773905239094&ver=1.280.1&compression=base64 => [200] 
[GET] https://the.gatekeeperconsent.com/v2/config.json?domain=tegnogfarge.no&changeLogId=0&cb=0 => [200] 
[GET] https://the.gatekeeperconsent.com/cmp/gvl.json?v=11&lang=en => [200] 
[GET] blob:https://challenges.cloudflare.com/b08d6936-2d63-4b13-b1e0-e3d6c0436a99
[GET] blob:https://challenges.cloudflare.com/aac9e569-76a5-48eb-b85b-110382abdd5c
[GET] https://the.gatekeeperconsent.com/cmp/gvl.json?v=11&lang=no => [200] 
[GET] https://the.gatekeeperconsent.com/cmp/v2/main_modal_firstpage?domain=tegnogfarge.no&region=default&lang=nb-NO&cb=446&changeLogId=2748956 => [200] 
[POST] https://challenges.cloudflare.com/cdn-cgi/challenge-platform/h/g/flow/ov1/1673530555:1773902132:3QcRJWTeaiXdYuyG1UlJ-a3aN7dMNF36H9prZ4onF4U/9deac1014ecad2d7/TFJZh1Wike8SPfI2AbVx0725DpFHSgEoH5IsvdVtEwo-1773905239-1.2.1.1-9nvdbnWpNFJmyAldt95HWNJxTRFSXJPh4GKfotdMjrq9SY1TwxaFC7PrBYl4xKla => [200] 
[POST] https://challenges.cloudflare.com/cdn-cgi/challenge-platform/h/g/flow/ov1/1673530555:1773902132:3QcRJWTeaiXdYuyG1UlJ-a3aN7dMNF36H9prZ4onF4U/9deac1015ecfd2d7/1w8Y0pIRG64v2zJpejeUzmtZOJTj45tAVcr5RGt9BWM-1773905239-1.2.1.1-06ftAOdEQVp1wIn.VuoYgdSRLa7DXThNeTdIqYGH6JY8EfZDNeutnp7r1FtGErvZ => [200] 
[POST] https://region1.google-analytics.com/g/collect?v=2&tid=G-53EFQ1CNCZ&gtm=45je63h0v9223792574za200zd9223792574&_p=1773905239085&gcd=13l3l3l2l1l1&npa=1&dma_cps=a&dma=1&tcfd=10001&cid=952232188.1773905240&ul=nb-no&sr=1280x720&uaa=x86&uab=64&uafvl=Chromium%3B146.0.7680.72%7CNot-A.Brand%3B24.0.0.0%7CGoogle%2520Chrome%3B146.0.7680.72&uamb=0&uam=&uap=Windows&uapv=19.0.0&uaw=0&are=1&frm=0&pscdl=noapi&_s=1&tag_exp=103116026~103200004~115938466~115938469~116024733~117484252&sid=1773905239&sct=1&seg=0&dl=https%3A%2F%2Ftegnogfarge.no%2F&dt=Fargelegging%20Barn%20Og%20Voksne%20%E2%80%93%20Gratis%20Fargeleggingsark&en=page_view&_fv=1&_nsi=1&_ss=1&_ee=1&tfd=2411 => [204] 
[POST] https://region1.google-analytics.com/g/collect?v=2&tid=G-53EFQ1CNCZ&gtm=45je63h0v9223792574za200zd9223792574&_p=1773905239085&gcd=13l3l3l2l1l1&npa=1&dma_cps=a&dma=1&tcfd=10001&cid=952232188.1773905240&ul=nb-no&sr=1280x720&uaa=x86&uab=64&uafvl=Chromium%3B146.0.7680.72%7CNot-A.Brand%3B24.0.0.0%7CGoogle%2520Chrome%3B146.0.7680.72&uamb=0&uam=&uap=Windows&uapv=19.0.0&uaw=0&are=1&frm=0&pscdl=noapi&_s=1&tag_exp=103116026~103200004~115938466~115938469~116024733~117484252&sid=1773905239&sct=1&seg=0&dl=https%3A%2F%2Ftegnogfarge.no%2F&dt=Fargelegging%20Barn%20Og%20Voksne%20%E2%80%93%20Gratis%20Fargeleggingsark&en=page_view&_fv=1&_nsi=1&_ss=1&_ee=1&tfd=2411 => [204] 
[GET] https://challenges.cloudflare.com/cdn-cgi/challenge-platform/h/g/pat/9deac1015ecfd2d7/1773905239577/0821fddeac840da7a514597f42e021d6a5c12d9eba883049c4115234500ffe2c/w3s43iblWeuZPOn => [401] 
[GET] blob:https://challenges.cloudflare.com/52fe5e6a-4948-4f4a-9ed0-fc4013e8ee1e
[GET] blob:https://challenges.cloudflare.com/52fe5e6a-4948-4f4a-9ed0-fc4013e8ee1e
[GET] blob:https://challenges.cloudflare.com/52fe5e6a-4948-4f4a-9ed0-fc4013e8ee1e
[GET] blob:https://challenges.cloudflare.com/52fe5e6a-4948-4f4a-9ed0-fc4013e8ee1e
[GET] blob:https://challenges.cloudflare.com/52fe5e6a-4948-4f4a-9ed0-fc4013e8ee1e
[GET] blob:https://challenges.cloudflare.com/52fe5e6a-4948-4f4a-9ed0-fc4013e8ee1e
[GET] blob:https://challenges.cloudflare.com/52fe5e6a-4948-4f4a-9ed0-fc4013e8ee1e
[GET] blob:https://challenges.cloudflare.com/52fe5e6a-4948-4f4a-9ed0-fc4013e8ee1e
[GET] blob:https://challenges.cloudflare.com/52fe5e6a-4948-4f4a-9ed0-fc4013e8ee1e
[POST] https://fundingchoicesmessages.google.com/el/AGSKWxVCYTxq4rc7YKZfKN2XGjGIcd1JQDPE8ynQT0-1GL2FibxRUnXEORmMfjDEtSm1iLhDZWnfsZ2E8y1DEweGy-GvqFu0uxya1iJ7Phd_y4X5rRfdm-g-0HUoK__1NCaj655Ljc13xQ== => [204] 
[POST] https://g.ezoic.net/sacountry.go => [200] 
[GET] https://challenges.cloudflare.com/cdn-cgi/challenge-platform/h/g/pat/9deac1014ecad2d7/1773905239578/e42530363c03cb9d3189742f462380e1086780c84726f67b7826c2c10713e8a2/wBLpNZ6IDJQBjEv => [401] 
[POST] https://challenges.cloudflare.com/cdn-cgi/challenge-platform/h/g/flow/ov1/1673530555:1773902132:3QcRJWTeaiXdYuyG1UlJ-a3aN7dMNF36H9prZ4onF4U/9deac1015ecfd2d7/1w8Y0pIRG64v2zJpejeUzmtZOJTj45tAVcr5RGt9BWM-1773905239-1.2.1.1-06ftAOdEQVp1wIn.VuoYgdSRLa7DXThNeTdIqYGH6JY8EfZDNeutnp7r1FtGErvZ => [200] 
[POST] https://challenges.cloudflare.com/cdn-cgi/challenge-platform/h/g/flow/ov1/1673530555:1773902132:3QcRJWTeaiXdYuyG1UlJ-a3aN7dMNF36H9prZ4onF4U/9deac1014ecad2d7/TFJZh1Wike8SPfI2AbVx0725DpFHSgEoH5IsvdVtEwo-1773905239-1.2.1.1-9nvdbnWpNFJmyAldt95HWNJxTRFSXJPh4GKfotdMjrq9SY1TwxaFC7PrBYl4xKla => [200] 